frequency, value
0,0
5.383,0.0007124
10.77,0.001425
16.15,0.002137
21.53,0.002849
26.92,0.003561
32.3,0.004273
37.68,0.004985
43.07,0.005696
48.45,0.006407
53.83,0.007118
59.22,0.007828
64.6,0.008538
69.98,0.009248
75.37,0.009957
80.75,0.01067
86.13,0.01137
91.52,0.01208
96.9,0.01279
102.3,0.01349
107.7,0.0142
113,0.0149
118.4,0.01561
123.8,0.01631
129.2,0.01701
134.6,0.01772
140,0.01842
145.3,0.01912
150.7,0.01981
156.1,0.02051
161.5,0.02121
166.9,0.0219
172.3,0.0226
177.6,0.02329
183,0.02398
188.4,0.02468
193.8,0.02537
199.2,0.02605
204.6,0.02674
209.9,0.02743
215.3,0.02811
220.7,0.02879
226.1,0.02948
231.5,0.03016
236.9,0.03083
242.2,0.03151
247.6,0.03219
253,0.03286
258.4,0.03353
263.8,0.0342
269.2,0.03487
274.5,0.03554
279.9,0.0362
285.3,0.03687
290.7,0.03753
296.1,0.03819
301.5,0.03884
306.8,0.0395
312.2,0.04015
317.6,0.0408
323,0.04145
328.4,0.0421
333.8,0.04275
339.1,0.04339
344.5,0.04403
349.9,0.04467
355.3,0.0453
360.7,0.04594
366.1,0.04657
371.4,0.0472
376.8,0.04783
382.2,0.04845
387.6,0.04907
393,0.04969
398.4,0.05031
403.7,0.05092
409.1,0.05153
414.5,0.05214
419.9,0.05275
425.3,0.05335
430.7,0.05396
436,0.05455
441.4,0.05515
446.8,0.05574
452.2,0.05633
457.6,0.05692
463,0.0575
468.3,0.05808
473.7,0.05866
479.1,0.05924
484.5,0.05981
489.9,0.06038
495.3,0.06095
500.6,0.06151
506,0.06207
511.4,0.06263
516.8,0.06318
522.2,0.06373
527.6,0.06428
532.9,0.06482
538.3,0.06536
543.7,0.0659
549.1,0.06644
554.5,0.06697
559.9,0.06749
565.2,0.06802
570.6,0.06854
576,0.06905
581.4,0.06957
586.8,0.07008
592.2,0.07058
597.5,0.07109
602.9,0.07159
608.3,0.07208
613.7,0.07257
619.1,0.07306
624.5,0.07355
629.8,0.07403
635.2,0.0745
640.6,0.07498
646,0.07545
651.4,0.07591
656.8,0.07638
662.1,0.07683
667.5,0.07729
672.9,0.07774
678.3,0.07818
683.7,0.07863
689.1,0.07906
694.4,0.0795
699.8,0.07993
705.2,0.08035
710.6,0.08078
716,0.08119
721.4,0.08161
726.7,0.08202
732.1,0.08242
737.5,0.08282
742.9,0.08322
748.3,0.08361
753.7,0.084
759,0.08439
764.4,0.08477
769.8,0.08514
775.2,0.08551
780.6,0.08588
786,0.08624
791.3,0.0866
796.7,0.08696
802.1,0.08731
807.5,0.08765
812.9,0.08799
818.3,0.08833
823.6,0.08866
829,0.08899
834.4,0.08931
839.8,0.08963
845.2,0.08994
850.6,0.09025
855.9,0.09056
861.3,0.09086
866.7,0.09115
872.1,0.09144
877.5,0.09173
882.9,0.09201
888.2,0.09229
893.6,0.09256
899,0.09282
904.4,0.09309
909.8,0.09335
915.2,0.0936
920.5,0.09385
925.9,0.09409
931.3,0.09433
936.7,0.09456
942.1,0.09479
947.5,0.09502
952.8,0.09524
958.2,0.09545
963.6,0.09566
969,0.09587
974.4,0.09607
979.8,0.09626
985.1,0.09645
990.5,0.09664
995.9,0.09682
1001,0.097
1007,0.09717
1012,0.09733
1017,0.09749
1023,0.09765
1028,0.0978
1034,0.09795
1039,0.09809
1044,0.09822
1050,0.09835
1055,0.09848
1061,0.0986
1066,0.09872
1071,0.09883
1077,0.09894
1082,0.09904
1087,0.09913
1093,0.09922
1098,0.09931
1104,0.09939
1109,0.09947
1114,0.09954
1120,0.0996
1125,0.09966
1130,0.09972
1136,0.09977
1141,0.09982
1147,0.09986
1152,0.09989
1157,0.09992
1163,0.09995
1168,0.09997
1174,0.09998
1179,0.09999
1184,0.1
1190,0.1
1195,0.09999
1200,0.09998
1206,0.09997
1211,0.09995
1217,0.09992
1222,0.09989
1227,0.09986
1233,0.09982
1238,0.09977
1244,0.09972
1249,0.09966
1254,0.0996
1260,0.09954
1265,0.09947
1270,0.09939
1276,0.09931
1281,0.09922
1287,0.09913
1292,0.09904
1297,0.09894
1303,0.09883
1308,0.09872
1314,0.0986
1319,0.09848
1324,0.09835
1330,0.09822
1335,0.09809
1340,0.09795
1346,0.0978
1351,0.09765
1357,0.09749
1362,0.09733
1367,0.09717
1373,0.097
1378,0.09682
1384,0.09664
1389,0.09645
1394,0.09626
1400,0.09607
1405,0.09587
1410,0.09566
1416,0.09545
1421,0.09524
1427,0.09502
1432,0.09479
1437,0.09456
1443,0.09433
1448,0.09409
1453,0.09385
1459,0.0936
1464,0.09335
1470,0.09309
1475,0.09282
1480,0.09256
1486,0.09229
1491,0.09201
1497,0.09173
1502,0.09144
1507,0.09115
1513,0.09086
1518,0.09056
1523,0.09025
1529,0.08994
1534,0.08963
1540,0.08931
1545,0.08899
1550,0.08866
1556,0.08833
1561,0.08799
1567,0.08765
1572,0.08731
1577,0.08696
1583,0.0866
1588,0.08624
1593,0.08588
1599,0.08551
1604,0.08514
1610,0.08477
1615,0.08439
1620,0.084
1626,0.08361
1631,0.08322
1637,0.08282
1642,0.08242
1647,0.08202
1653,0.08161
1658,0.08119
1663,0.08078
1669,0.08035
1674,0.07993
1680,0.0795
1685,0.07906
1690,0.07863
1696,0.07818
1701,0.07774
1707,0.07729
1712,0.07683
1717,0.07638
1723,0.07591
1728,0.07545
1733,0.07498
1739,0.0745
1744,0.07403
1750,0.07355
1755,0.07306
1760,0.07257
1766,0.07208
1771,0.07159
1776,0.07109
1782,0.07058
1787,0.07008
1793,0.06957
1798,0.06905
1803,0.06854
1809,0.06802
1814,0.06749
1820,0.06697
1825,0.06644
1830,0.0659
1836,0.06536
1841,0.06482
1846,0.06428
1852,0.06373
1857,0.06318
1863,0.06263
1868,0.06207
1873,0.06151
1879,0.06095
1884,0.06038
1890,0.05981
1895,0.05924
1900,0.05866
1906,0.05808
1911,0.0575
1916,0.05692
1922,0.05633
1927,0.05574
1933,0.05515
1938,0.05455
1943,0.05396
1949,0.05335
1954,0.05275
1960,0.05214
1965,0.05153
1970,0.05092
1976,0.05031
1981,0.04969
1986,0.04907
1992,0.04845
1997,0.04783
2003,0.0472
2008,0.04657
2013,0.04594
2019,0.0453
2024,0.04467
2030,0.04403
2035,0.04339
2040,0.04275
2046,0.0421
2051,0.04145
2056,0.0408
2062,0.04015
2067,0.0395
2073,0.03884
2078,0.03819
2083,0.03753
2089,0.03687
2094,0.0362
2099,0.03554
2105,0.03487
2110,0.0342
2116,0.03353
2121,0.03286
2126,0.03219
2132,0.03151
2137,0.03083
2143,0.03016
2148,0.02948
2153,0.02879
2159,0.02811
2164,0.02743
2169,0.02674
2175,0.02605
2180,0.02537
2186,0.02468
2191,0.02398
2196,0.02329
2202,0.0226
2207,0.0219
2213,0.02121
2218,0.02051
2223,0.01981
2229,0.01912
2234,0.01842
2239,0.01772
2245,0.01701
2250,0.01631
2256,0.01561
2261,0.0149
2266,0.0142
2272,0.01349
2277,0.01279
2283,0.01208
2288,0.01137
2293,0.01067
2299,0.009957
2304,0.009248
2309,0.008538
2315,0.007828
2320,0.007118
2326,0.006407
2331,0.005696
2336,0.004985
2342,0.004273
2347,0.003561
2353,0.002849
2358,0.002137
2363,0.001425
2369,0.0007124
2374,5.765e-09
2379,-0.0007124
2385,-0.001425
2390,-0.002137
2396,-0.002849
2401,-0.003561
2406,-0.004273
2412,-0.004985
2417,-0.005696
2422,-0.006407
2428,-0.007118
2433,-0.007828
2439,-0.008538
2444,-0.009248
2449,-0.009957
2455,-0.01067
2460,-0.01137
2466,-0.01208
2471,-0.01279
2476,-0.01349
2482,-0.0142
2487,-0.0149
2492,-0.01561
2498,-0.01631
2503,-0.01701
2509,-0.01772
2514,-0.01842
2519,-0.01912
2525,-0.01981
2530,-0.02051
2536,-0.02121
2541,-0.0219
2546,-0.0226
2552,-0.02329
2557,-0.02398
2562,-0.02468
2568,-0.02537
2573,-0.02605
2579,-0.02674
2584,-0.02743
2589,-0.02811
2595,-0.02879
2600,-0.02948
2606,-0.03016
2611,-0.03083
2616,-0.03151
2622,-0.03219
2627,-0.03286
2632,-0.03353
2638,-0.0342
2643,-0.03487
2649,-0.03554
2654,-0.0362
2659,-0.03687
2665,-0.03753
2670,-0.03819
2676,-0.03884
2681,-0.0395
2686,-0.04015
2692,-0.0408
2697,-0.04145
2702,-0.0421
2708,-0.04275
2713,-0.04339
2719,-0.04403
2724,-0.04467
2729,-0.0453
2735,-0.04594
2740,-0.04657
2745,-0.0472
2751,-0.04783
2756,-0.04845
2762,-0.04907
2767,-0.04969
2772,-0.05031
2778,-0.05092
2783,-0.05153
2789,-0.05214
2794,-0.05275
2799,-0.05335
2805,-0.05396
2810,-0.05455
2815,-0.05515
2821,-0.05574
2826,-0.05633
2832,-0.05692
2837,-0.0575
2842,-0.05808
2848,-0.05866
2853,-0.05924
2859,-0.05981
2864,-0.06038
2869,-0.06095
2875,-0.06151
2880,-0.06207
2885,-0.06263
2891,-0.06318
2896,-0.06373
2902,-0.06428
2907,-0.06482
2912,-0.06536
2918,-0.0659
2923,-0.06644
2929,-0.06697
2934,-0.06749
2939,-0.06802
2945,-0.06854
2950,-0.06905
2955,-0.06957
2961,-0.07008
2966,-0.07058
2972,-0.07109
2977,-0.07159
2982,-0.07208
2988,-0.07257
2993,-0.07306
2998,-0.07355
3004,-0.07403
3009,-0.0745
3015,-0.07498
3020,-0.07545
3025,-0.07591
3031,-0.07638
3036,-0.07683
3042,-0.07729
3047,-0.07774
3052,-0.07818
3058,-0.07863
3063,-0.07906
3068,-0.0795
3074,-0.07993
3079,-0.08035
3085,-0.08078
3090,-0.08119
3095,-0.08161
3101,-0.08202
3106,-0.08242
3112,-0.08282
3117,-0.08322
3122,-0.08361
3128,-0.084
3133,-0.08439
3138,-0.08477
3144,-0.08514
3149,-0.08551
3155,-0.08588
3160,-0.08624
3165,-0.0866
3171,-0.08696
3176,-0.08731
3182,-0.08765
3187,-0.08799
3192,-0.08833
3198,-0.08866
3203,-0.08899
3208,-0.08931
3214,-0.08963
3219,-0.08994
3225,-0.09025
3230,-0.09056
3235,-0.09086
3241,-0.09115
3246,-0.09144
3252,-0.09173
3257,-0.09201
3262,-0.09229
3268,-0.09256
3273,-0.09282
3278,-0.09309
3284,-0.09335
3289,-0.0936
3295,-0.09385
3300,-0.09409
3305,-0.09433
3311,-0.09456
3316,-0.09479
3321,-0.09502
3327,-0.09524
3332,-0.09545
3338,-0.09566
3343,-0.09587
3348,-0.09607
3354,-0.09626
3359,-0.09645
3365,-0.09664
3370,-0.09682
3375,-0.097
3381,-0.09717
3386,-0.09733
3391,-0.09749
3397,-0.09765
3402,-0.0978
3408,-0.09795
3413,-0.09809
3418,-0.09822
3424,-0.09835
3429,-0.09848
3435,-0.0986
3440,-0.09872
3445,-0.09883
3451,-0.09894
3456,-0.09904
3461,-0.09913
3467,-0.09922
3472,-0.09931
3478,-0.09939
3483,-0.09947
3488,-0.09954
3494,-0.0996
3499,-0.09966
3505,-0.09972
3510,-0.09977
3515,-0.09982
3521,-0.09986
3526,-0.09989
3531,-0.09992
3537,-0.09995
3542,-0.09997
3548,-0.09998
3553,-0.09999
3558,-0.1
3564,-0.1
3569,-0.09999
3575,-0.09998
3580,-0.09997
3585,-0.09995
3591,-0.09992
3596,-0.09989
3601,-0.09986
3607,-0.09982
3612,-0.09977
3618,-0.09972
3623,-0.09966
3628,-0.0996
3634,-0.09954
3639,-0.09947
3644,-0.09939
3650,-0.09931
3655,-0.09922
3661,-0.09913
3666,-0.09904
3671,-0.09894
3677,-0.09883
3682,-0.09872
3688,-0.0986
3693,-0.09848
3698,-0.09835
3704,-0.09822
3709,-0.09809
3714,-0.09795
3720,-0.0978
3725,-0.09765
3731,-0.09749
3736,-0.09733
3741,-0.09717
3747,-0.097
3752,-0.09682
3758,-0.09664
3763,-0.09645
3768,-0.09626
3774,-0.09607
3779,-0.09587
3784,-0.09566
3790,-0.09545
3795,-0.09524
3801,-0.09502
3806,-0.09479
3811,-0.09456
3817,-0.09433
3822,-0.09409
3828,-0.09385
3833,-0.0936
3838,-0.09335
3844,-0.09309
3849,-0.09282
3854,-0.09256
3860,-0.09229
3865,-0.09201
3871,-0.09173
3876,-0.09144
3881,-0.09115
3887,-0.09086
3892,-0.09056
3898,-0.09025
3903,-0.08994
3908,-0.08963
3914,-0.08931
3919,-0.08899
3924,-0.08866
3930,-0.08833
3935,-0.08799
3941,-0.08765
3946,-0.08731
3951,-0.08696
3957,-0.0866
3962,-0.08624
3967,-0.08588
3973,-0.08551
3978,-0.08514
3984,-0.08477
3989,-0.08439
3994,-0.084
4000,-0.08361
4005,-0.08322
4011,-0.08282
4016,-0.08242
4021,-0.08202
4027,-0.08161
4032,-0.08119
4037,-0.08078
4043,-0.08035
4048,-0.07993
4054,-0.0795
4059,-0.07906
4064,-0.07863
4070,-0.07818
4075,-0.07774
4081,-0.07729
4086,-0.07683
4091,-0.07638
4097,-0.07591
4102,-0.07545
4107,-0.07498
4113,-0.0745
4118,-0.07403
4124,-0.07355
4129,-0.07306
4134,-0.07257
4140,-0.07208
4145,-0.07159
4151,-0.07109
4156,-0.07058
4161,-0.07008
4167,-0.06957
4172,-0.06905
4177,-0.06854
4183,-0.06802
4188,-0.06749
4194,-0.06697
4199,-0.06644
4204,-0.0659
4210,-0.06536
4215,-0.06482
4221,-0.06428
4226,-0.06373
4231,-0.06318
4237,-0.06263
4242,-0.06207
4247,-0.06151
4253,-0.06095
4258,-0.06038
4264,-0.05981
4269,-0.05924
4274,-0.05866
4280,-0.05808
4285,-0.0575
4290,-0.05692
4296,-0.05633
4301,-0.05574
4307,-0.05515
4312,-0.05455
4317,-0.05396
4323,-0.05335
4328,-0.05275
4334,-0.05214
4339,-0.05153
4344,-0.05092
4350,-0.05031
4355,-0.04969
4360,-0.04907
4366,-0.04845
4371,-0.04783
4377,-0.0472
4382,-0.04657
4387,-0.04594
4393,-0.0453
4398,-0.04467
4404,-0.04403
4409,-0.04339
4414,-0.04275
4420,-0.0421
4425,-0.04145
4430,-0.0408
4436,-0.04015
4441,-0.0395
4447,-0.03884
4452,-0.03819
4457,-0.03753
4463,-0.03687
4468,-0.0362
4474,-0.03554
4479,-0.03487
4484,-0.0342
4490,-0.03353
4495,-0.03286
4500,-0.03219
4506,-0.03151
4511,-0.03083
4517,-0.03016
4522,-0.02948
4527,-0.02879
4533,-0.02811
4538,-0.02743
4544,-0.02674
4549,-0.02605
4554,-0.02537
4560,-0.02468
4565,-0.02398
4570,-0.02329
4576,-0.0226
4581,-0.0219
4587,-0.02121
4592,-0.02051
4597,-0.01981
4603,-0.01912
4608,-0.01842
4613,-0.01772
4619,-0.01701
4624,-0.01631
4630,-0.01561
4635,-0.0149
4640,-0.0142
4646,-0.01349
4651,-0.01279
4657,-0.01208
4662,-0.01137
4667,-0.01067
4673,-0.009957
4678,-0.009248
4683,-0.008538
4689,-0.007828
4694,-0.007118
4700,-0.006407
4705,-0.005696
4710,-0.004985
4716,-0.004273
4721,-0.003561
4727,-0.002849
4732,-0.002137
4737,-0.001425
4743,-0.0007124
4748,-1.153e-08
4753,0.0007124
4759,0.001425
4764,0.002137
4770,0.002849
4775,0.003561
4780,0.004273
4786,0.004985
4791,0.005696
4797,0.006407
4802,0.007118
4807,0.007828
4813,0.008538
4818,0.009248
4823,0.009957
4829,0.01067
4834,0.01137
4840,0.01208
4845,0.01279
4850,0.01349
4856,0.0142
4861,0.0149
4867,0.01561
4872,0.01631
4877,0.01701
4883,0.01772
4888,0.01842
4893,0.01912
4899,0.01981
4904,0.02051
4910,0.02121
4915,0.0219
4920,0.0226
4926,0.02329
4931,0.02398
4936,0.02468
4942,0.02537
4947,0.02605
4953,0.02674
4958,0.02743
4963,0.02811
4969,0.02879
4974,0.02948
4980,0.03016
4985,0.03083
4990,0.03151
4996,0.03219
5001,0.03286
5006,0.03353
5012,0.0342
5017,0.03487
5023,0.03554
5028,0.0362
5033,0.03687
5039,0.03753
5044,0.03819
5050,0.03884
5055,0.0395
5060,0.04015
5066,0.0408
5071,0.04145
5076,0.0421
5082,0.04275
5087,0.04339
5093,0.04403
5098,0.04467
5103,0.0453
5109,0.04594
5114,0.04657
5120,0.0472
5125,0.04783
5130,0.04845
5136,0.04907
5141,0.04969
5146,0.05031
5152,0.05092
5157,0.05153
5163,0.05214
5168,0.05275
5173,0.05335
5179,0.05396
5184,0.05455
5190,0.05515
5195,0.05574
5200,0.05633
5206,0.05692
5211,0.0575
5216,0.05808
5222,0.05866
5227,0.05924
5233,0.05981
5238,0.06038
5243,0.06095
5249,0.06151
5254,0.06207
5259,0.06263
5265,0.06318
5270,0.06373
5276,0.06428
5281,0.06482
5286,0.06536
5292,0.0659
5297,0.06644
5303,0.06697
5308,0.06749
5313,0.06802
5319,0.06854
5324,0.06905
5329,0.06957
5335,0.07008
5340,0.07058
5346,0.07109
5351,0.07159
5356,0.07208
5362,0.07257
5367,0.07306
5373,0.07355
5378,0.07403
5383,0.0745
5389,0.07498
5394,0.07545
5399,0.07591
5405,0.07638
5410,0.07683
5416,0.07729
5421,0.07774
5426,0.07818
5432,0.07863
5437,0.07906
5443,0.0795
5448,0.07993
5453,0.08035
5459,0.08078
5464,0.08119
5469,0.08161
5475,0.08202
5480,0.08242
5486,0.08282
5491,0.08322
5496,0.08361
5502,0.084
5507,0.08439
5512,0.08477
5518,0.08514
5523,0.08551
5529,0.08588
5534,0.08624
5539,0.0866
5545,0.08696
5550,0.08731
5556,0.08765
5561,0.08799
5566,0.08833
5572,0.08866
5577,0.08899
5582,0.08931
5588,0.08963
5593,0.08994
5599,0.09025
5604,0.09056
5609,0.09086
5615,0.09115
5620,0.09144
5626,0.09173
5631,0.09201
5636,0.09229
5642,0.09256
5647,0.09282
5652,0.09309
5658,0.09335
5663,0.0936
5669,0.09385
5674,0.09409
5679,0.09433
5685,0.09456
5690,0.09479
5696,0.09502
5701,0.09524
5706,0.09545
5712,0.09566
5717,0.09587
5722,0.09607
5728,0.09626
5733,0.09645
5739,0.09664
5744,0.09682
5749,0.097
5755,0.09717
5760,0.09733
5766,0.09749
5771,0.09765
5776,0.0978
5782,0.09795
5787,0.09809
5792,0.09822
5798,0.09835
5803,0.09848
5809,0.0986
5814,0.09872
5819,0.09883
5825,0.09894
5830,0.09904
5835,0.09913
5841,0.09922
5846,0.09931
5852,0.09939
5857,0.09947
5862,0.09954
5868,0.0996
5873,0.09966
5879,0.09972
5884,0.09977
5889,0.09982
5895,0.09986
5900,0.09989
5905,0.09992
5911,0.09995
5916,0.09997
5922,0.09998
5927,0.09999
5932,0.1
5938,0.1
5943,0.09999
5949,0.09998
5954,0.09997
5959,0.09995
5965,0.09992
5970,0.09989
5975,0.09986
5981,0.09982
5986,0.09977
5992,0.09972
5997,0.09966
6002,0.0996
6008,0.09954
6013,0.09947
6019,0.09939
6024,0.09931
6029,0.09922
6035,0.09913
6040,0.09904
6045,0.09894
6051,0.09883
6056,0.09872
6062,0.0986
6067,0.09848
6072,0.09835
6078,0.09822
6083,0.09809
6089,0.09795
6094,0.0978
6099,0.09765
6105,0.09749
6110,0.09733
6115,0.09717
6121,0.097
6126,0.09682
6132,0.09664
6137,0.09645
6142,0.09626
6148,0.09607
6153,0.09587
6158,0.09566
6164,0.09545
6169,0.09524
6175,0.09502
6180,0.09479
6185,0.09456
6191,0.09433
6196,0.09409
6202,0.09385
6207,0.0936
6212,0.09335
6218,0.09309
6223,0.09282
6228,0.09256
6234,0.09229
6239,0.09201
6245,0.09173
6250,0.09144
6255,0.09115
6261,0.09086
6266,0.09056
6272,0.09025
6277,0.08994
6282,0.08963
6288,0.08931
6293,0.08899
6298,0.08866
6304,0.08833
6309,0.08799
6315,0.08765
6320,0.08731
6325,0.08696
6331,0.0866
6336,0.08624
6342,0.08588
6347,0.08551
6352,0.08514
6358,0.08477
6363,0.08439
6368,0.084
6374,0.08361
6379,0.08322
6385,0.08282
6390,0.08242
6395,0.08202
6401,0.08161
6406,0.08119
6412,0.08078
6417,0.08035
6422,0.07993
6428,0.0795
6433,0.07906
6438,0.07863
6444,0.07818
6449,0.07774
6455,0.07729
6460,0.07683
6465,0.07638
6471,0.07591
6476,0.07545
6481,0.07498
6487,0.0745
6492,0.07403
6498,0.07355
6503,0.07306
6508,0.07257
6514,0.07208
6519,0.07159
6525,0.07109
6530,0.07058
6535,0.07008
6541,0.06957
6546,0.06905
6551,0.06854
6557,0.06802
6562,0.06749
6568,0.06697
6573,0.06644
6578,0.0659
6584,0.06536
6589,0.06482
6595,0.06428
6600,0.06373
6605,0.06318
6611,0.06263
6616,0.06207
6621,0.06151
6627,0.06095
6632,0.06038
6638,0.05981
6643,0.05924
6648,0.05866
6654,0.05808
6659,0.0575
6665,0.05692
6670,0.05633
6675,0.05574
6681,0.05515
6686,0.05455
6691,0.05396
6697,0.05335
6702,0.05275
6708,0.05214
6713,0.05153
6718,0.05092
6724,0.05031
6729,0.04969
6735,0.04907
6740,0.04845
6745,0.04783
6751,0.0472
6756,0.04657
6761,0.04594
6767,0.0453
6772,0.04467
6778,0.04403
6783,0.04339
6788,0.04275
6794,0.0421
6799,0.04145
6804,0.0408
6810,0.04015
6815,0.0395
6821,0.03884
6826,0.03819
6831,0.03753
6837,0.03687
6842,0.0362
6848,0.03554
6853,0.03487
6858,0.0342
6864,0.03353
6869,0.03286
6874,0.03219
6880,0.03151
6885,0.03083
6891,0.03016
6896,0.02948
6901,0.02879
6907,0.02811
6912,0.02743
6918,0.02674
6923,0.02605
6928,0.02537
6934,0.02468
6939,0.02398
6944,0.02329
6950,0.0226
6955,0.0219
6961,0.02121
6966,0.02051
6971,0.01981
6977,0.01912
6982,0.01842
6988,0.01772
6993,0.01701
6998,0.01631
7004,0.01561
7009,0.0149
7014,0.0142
7020,0.01349
7025,0.01279
7031,0.01208
7036,0.01137
7041,0.01067
7047,0.009957
7052,0.009248
7058,0.008538
7063,0.007828
7068,0.007118
7074,0.006407
7079,0.005696
7084,0.004985
7090,0.004273
7095,0.003561
7101,0.002849
7106,0.002137
7111,0.001425
7117,0.0007124
7122,1.729e-08
7127,-0.0007124
7133,-0.001425
7138,-0.002137
7144,-0.002849
7149,-0.003561
7154,-0.004273
7160,-0.004985
7165,-0.005696
7171,-0.006407
7176,-0.007118
7181,-0.007828
7187,-0.008538
7192,-0.009248
7197,-0.009957
7203,-0.01067
7208,-0.01137
7214,-0.01208
7219,-0.01279
7224,-0.01349
7230,-0.0142
7235,-0.0149
7241,-0.01561
7246,-0.01631
7251,-0.01701
7257,-0.01772
7262,-0.01842
7267,-0.01912
7273,-0.01981
7278,-0.02051
7284,-0.02121
7289,-0.0219
7294,-0.0226
7300,-0.02329
7305,-0.02398
7311,-0.02468
7316,-0.02537
7321,-0.02605
7327,-0.02674
7332,-0.02743
7337,-0.02811
7343,-0.02879
7348,-0.02948
7354,-0.03016
7359,-0.03083
7364,-0.03151
7370,-0.03219
7375,-0.03286
7381,-0.03353
7386,-0.0342
7391,-0.03487
7397,-0.03554
7402,-0.0362
7407,-0.03687
7413,-0.03753
7418,-0.03819
7424,-0.03884
7429,-0.0395
7434,-0.04015
7440,-0.0408
7445,-0.04145
7450,-0.0421
7456,-0.04275
7461,-0.04339
7467,-0.04403
7472,-0.04467
7477,-0.0453
7483,-0.04594
7488,-0.04657
7494,-0.0472
7499,-0.04783
7504,-0.04845
7510,-0.04907
7515,-0.04969
7520,-0.05031
7526,-0.05092
7531,-0.05153
7537,-0.05214
7542,-0.05275
7547,-0.05335
7553,-0.05396
7558,-0.05455
7564,-0.05515
7569,-0.05574
7574,-0.05633
7580,-0.05692
7585,-0.0575
7590,-0.05808
7596,-0.05866
7601,-0.05924
7607,-0.05981
7612,-0.06038
7617,-0.06095
7623,-0.06151
7628,-0.06207
7634,-0.06263
7639,-0.06318
7644,-0.06373
7650,-0.06428
7655,-0.06482
7660,-0.06536
7666,-0.0659
7671,-0.06644
7677,-0.06697
7682,-0.06749
7687,-0.06802
7693,-0.06854
7698,-0.06905
7704,-0.06957
7709,-0.07008
7714,-0.07058
7720,-0.07109
7725,-0.07159
7730,-0.07208
7736,-0.07257
7741,-0.07306
7747,-0.07355
7752,-0.07403
7757,-0.0745
7763,-0.07498
7768,-0.07545
7773,-0.07591
7779,-0.07638
7784,-0.07683
7790,-0.07729
7795,-0.07774
7800,-0.07818
7806,-0.07863
7811,-0.07906
7817,-0.0795
7822,-0.07993
7827,-0.08035
7833,-0.08078
7838,-0.08119
7843,-0.08161
7849,-0.08202
7854,-0.08242
7860,-0.08282
7865,-0.08322
7870,-0.08361
7876,-0.084
7881,-0.08439
7887,-0.08477
7892,-0.08514
7897,-0.08551
7903,-0.08588
7908,-0.08624
7913,-0.0866
7919,-0.08696
7924,-0.08731
7930,-0.08765
7935,-0.08799
7940,-0.08833
7946,-0.08866
7951,-0.08899
7957,-0.08931
7962,-0.08963
7967,-0.08994
7973,-0.09025
7978,-0.09056
7983,-0.09086
7989,-0.09115
7994,-0.09144
8000,-0.09173
8005,-0.09201
8010,-0.09229
8016,-0.09256
8021,-0.09282
8027,-0.09309
8032,-0.09335
8037,-0.0936
8043,-0.09385
8048,-0.09409
8053,-0.09433
8059,-0.09456
8064,-0.09479
8070,-0.09502
8075,-0.09524
8080,-0.09545
8086,-0.09566
8091,-0.09587
8096,-0.09607
8102,-0.09626
8107,-0.09645
8113,-0.09664
8118,-0.09682
8123,-0.097
8129,-0.09717
8134,-0.09733
8140,-0.09749
8145,-0.09765
8150,-0.0978
8156,-0.09795
8161,-0.09809
8166,-0.09822
8172,-0.09835
8177,-0.09848
8183,-0.0986
8188,-0.09872
8193,-0.09883
8199,-0.09894
8204,-0.09904
8210,-0.09913
8215,-0.09922
8220,-0.09931
8226,-0.09939
8231,-0.09947
8236,-0.09954
8242,-0.0996
8247,-0.09966
8253,-0.09972
8258,-0.09977
8263,-0.09982
8269,-0.09986
8274,-0.09989
8280,-0.09992
8285,-0.09995
8290,-0.09997
8296,-0.09998
8301,-0.09999
8306,-0.1
8312,-0.1
8317,-0.09999
8323,-0.09998
8328,-0.09997
8333,-0.09995
8339,-0.09992
8344,-0.09989
8350,-0.09986
8355,-0.09982
8360,-0.09977
8366,-0.09972
8371,-0.09966
8376,-0.0996
8382,-0.09954
8387,-0.09947
8393,-0.09939
8398,-0.09931
8403,-0.09922
8409,-0.09913
8414,-0.09904
8419,-0.09894
8425,-0.09883
8430,-0.09872
8436,-0.0986
8441,-0.09848
8446,-0.09835
8452,-0.09822
8457,-0.09809
8463,-0.09795
8468,-0.0978
8473,-0.09765
8479,-0.09749
8484,-0.09733
8489,-0.09717
8495,-0.097
8500,-0.09682
8506,-0.09664
8511,-0.09645
8516,-0.09626
8522,-0.09607
8527,-0.09587
8533,-0.09566
8538,-0.09545
8543,-0.09524
8549,-0.09502
8554,-0.09479
8559,-0.09456
8565,-0.09433
8570,-0.09409
8576,-0.09385
8581,-0.0936
8586,-0.09335
8592,-0.09309
8597,-0.09282
8603,-0.09256
8608,-0.09229
8613,-0.09201
8619,-0.09173
8624,-0.09144
8629,-0.09115
8635,-0.09086
8640,-0.09056
8646,-0.09025
8651,-0.08994
8656,-0.08963
8662,-0.08931
8667,-0.08899
8672,-0.08866
8678,-0.08833
8683,-0.08799
8689,-0.08765
8694,-0.08731
8699,-0.08696
8705,-0.0866
8710,-0.08624
8716,-0.08588
8721,-0.08551
8726,-0.08514
8732,-0.08477
8737,-0.08439
8742,-0.084
8748,-0.08361
8753,-0.08322
8759,-0.08282
8764,-0.08242
8769,-0.08202
8775,-0.08161
8780,-0.08119
8786,-0.08078
8791,-0.08035
8796,-0.07993
8802,-0.0795
8807,-0.07906
8812,-0.07863
8818,-0.07818
8823,-0.07774
8829,-0.07729
8834,-0.07683
8839,-0.07638
8845,-0.07591
8850,-0.07545
8856,-0.07498
8861,-0.0745
8866,-0.07403
8872,-0.07355
8877,-0.07306
8882,-0.07257
8888,-0.07208
8893,-0.07159
8899,-0.07109
8904,-0.07058
8909,-0.07008
8915,-0.06957
8920,-0.06905
8926,-0.06854
8931,-0.06802
8936,-0.06749
8942,-0.06697
8947,-0.06644
8952,-0.0659
8958,-0.06536
8963,-0.06482
8969,-0.06428
8974,-0.06373
8979,-0.06318
8985,-0.06263
8990,-0.06207
8995,-0.06151
9001,-0.06095
9006,-0.06038
9012,-0.05981
9017,-0.05924
9022,-0.05866
9028,-0.05808
9033,-0.0575
9039,-0.05692
9044,-0.05633
9049,-0.05574
9055,-0.05515
9060,-0.05455
9065,-0.05396
9071,-0.05335
9076,-0.05275
9082,-0.05214
9087,-0.05153
9092,-0.05092
9098,-0.05031
9103,-0.04969
9109,-0.04907
9114,-0.04845
9119,-0.04783
9125,-0.0472
9130,-0.04657
9135,-0.04594
9141,-0.0453
9146,-0.04467
9152,-0.04403
9157,-0.04339
9162,-0.04275
9168,-0.0421
9173,-0.04145
9179,-0.0408
9184,-0.04015
9189,-0.0395
9195,-0.03884
9200,-0.03819
9205,-0.03753
9211,-0.03687
9216,-0.0362
9222,-0.03554
9227,-0.03487
9232,-0.0342
9238,-0.03353
9243,-0.03286
9249,-0.03219
9254,-0.03151
9259,-0.03083
9265,-0.03016
9270,-0.02948
9275,-0.02879
9281,-0.02811
9286,-0.02743
9292,-0.02674
9297,-0.02605
9302,-0.02537
9308,-0.02468
9313,-0.02398
9318,-0.02329
9324,-0.0226
9329,-0.0219
9335,-0.02121
9340,-0.02051
9345,-0.01981
9351,-0.01912
9356,-0.01842
9362,-0.01772
9367,-0.01701
9372,-0.01631
9378,-0.01561
9383,-0.0149
9388,-0.0142
9394,-0.01349
9399,-0.01279
9405,-0.01208
9410,-0.01137
9415,-0.01067
9421,-0.009957
9426,-0.009248
9432,-0.008538
9437,-0.007828
9442,-0.007118
9448,-0.006407
9453,-0.005696
9458,-0.004985
9464,-0.004273
9469,-0.003561
9475,-0.002849
9480,-0.002137
9485,-0.001425
9491,-0.0007124
9496,-2.306e-08
9502,0.0007124
9507,0.001425
9512,0.002137
9518,0.002849
9523,0.003561
9528,0.004273
9534,0.004985
9539,0.005696
9545,0.006407
9550,0.007118
9555,0.007828
9561,0.008538
9566,0.009248
9572,0.009957
9577,0.01067
9582,0.01137
9588,0.01208
9593,0.01279
9598,0.01349
9604,0.0142
9609,0.0149
9615,0.01561
9620,0.01631
9625,0.01701
9631,0.01772
9636,0.01842
9641,0.01912
9647,0.01981
9652,0.02051
9658,0.02121
9663,0.0219
9668,0.0226
9674,0.02329
9679,0.02398
9685,0.02468
9690,0.02537
9695,0.02605
9701,0.02674
9706,0.02743
9711,0.02811
9717,0.02879
9722,0.02948
9728,0.03016
9733,0.03083
9738,0.03151
9744,0.03219
9749,0.03286
9755,0.03353
9760,0.0342
9765,0.03487
9771,0.03554
9776,0.0362
9781,0.03687
9787,0.03753
9792,0.03819
9798,0.03884
9803,0.0395
9808,0.04015
9814,0.0408
9819,0.04145
9825,0.0421
9830,0.04275
9835,0.04339
9841,0.04403
9846,0.04467
9851,0.0453
9857,0.04594
9862,0.04657
9868,0.0472
9873,0.04783
9878,0.04845
9884,0.04907
9889,0.04969
9895,0.05031
9900,0.05092
9905,0.05153
9911,0.05214
9916,0.05275
9921,0.05335
9927,0.05396
9932,0.05455
9938,0.05515
9943,0.05574
9948,0.05633
9954,0.05692
9959,0.0575
9964,0.05808
9970,0.05866
9975,0.05924
9981,0.05981
9986,0.06038
9991,0.06095
9997,0.06151
1e+04,0.06207
1.001e+04,0.06263
1.001e+04,0.06318
1.002e+04,0.06373
1.002e+04,0.06428
1.003e+04,0.06482
1.003e+04,0.06536
1.004e+04,0.0659
1.005e+04,0.06644
1.005e+04,0.06697
1.006e+04,0.06749
1.006e+04,0.06802
1.007e+04,0.06854
1.007e+04,0.06905
1.008e+04,0.06957
1.008e+04,0.07008
1.009e+04,0.07058
1.009e+04,0.07109
1.01e+04,0.07159
1.01e+04,0.07208
1.011e+04,0.07257
1.012e+04,0.07306
1.012e+04,0.07355
1.013e+04,0.07403
1.013e+04,0.0745
1.014e+04,0.07498
1.014e+04,0.07545
1.015e+04,0.07591
1.015e+04,0.07638
1.016e+04,0.07683
1.016e+04,0.07729
1.017e+04,0.07774
1.017e+04,0.07818
1.018e+04,0.07863
1.019e+04,0.07906
1.019e+04,0.0795
1.02e+04,0.07993
1.02e+04,0.08035
1.021e+04,0.08078
1.021e+04,0.08119
1.022e+04,0.08161
1.022e+04,0.08202
1.023e+04,0.08242
1.023e+04,0.08282
1.024e+04,0.08322
1.024e+04,0.08361
1.025e+04,0.084
1.026e+04,0.08439
1.026e+04,0.08477
1.027e+04,0.08514
1.027e+04,0.08551
1.028e+04,0.08588
1.028e+04,0.08624
1.029e+04,0.0866
1.029e+04,0.08696
1.03e+04,0.08731
1.03e+04,0.08765
1.031e+04,0.08799
1.031e+04,0.08833
1.032e+04,0.08866
1.033e+04,0.08899
1.033e+04,0.08931
1.034e+04,0.08963
1.034e+04,0.08994
1.035e+04,0.09025
1.035e+04,0.09056
1.036e+04,0.09086
1.036e+04,0.09115
1.037e+04,0.09144
1.037e+04,0.09173
1.038e+04,0.09201
1.038e+04,0.09229
1.039e+04,0.09256
1.04e+04,0.09282
1.04e+04,0.09309
1.041e+04,0.09335
1.041e+04,0.0936
1.042e+04,0.09385
1.042e+04,0.09409
1.043e+04,0.09433
1.043e+04,0.09456
1.044e+04,0.09479
1.044e+04,0.09502
1.045e+04,0.09524
1.045e+04,0.09545
1.046e+04,0.09566
1.047e+04,0.09587
1.047e+04,0.09607
1.048e+04,0.09626
1.048e+04,0.09645
1.049e+04,0.09664
1.049e+04,0.09682
1.05e+04,0.097
1.05e+04,0.09717
1.051e+04,0.09733
1.051e+04,0.09749
1.052e+04,0.09765
1.052e+04,0.0978
1.053e+04,0.09795
1.054e+04,0.09809
1.054e+04,0.09822
1.055e+04,0.09835
1.055e+04,0.09848
1.056e+04,0.0986
1.056e+04,0.09872
1.057e+04,0.09883
1.057e+04,0.09894
1.058e+04,0.09904
1.058e+04,0.09913
1.059e+04,0.09922
1.059e+04,0.09931
1.06e+04,0.09939
1.061e+04,0.09947
1.061e+04,0.09954
1.062e+04,0.0996
1.062e+04,0.09966
1.063e+04,0.09972
1.063e+04,0.09977
1.064e+04,0.09982
1.064e+04,0.09986
1.065e+04,0.09989
1.065e+04,0.09992
1.066e+04,0.09995
1.066e+04,0.09997
1.067e+04,0.09998
1.068e+04,0.09999
1.068e+04,0.1
1.069e+04,0.1
1.069e+04,0.09999
1.07e+04,0.09998
1.07e+04,0.09997
1.071e+04,0.09995
1.071e+04,0.09992
1.072e+04,0.09989
1.072e+04,0.09986
1.073e+04,0.09982
1.073e+04,0.09977
1.074e+04,0.09972
1.075e+04,0.09966
1.075e+04,0.0996
1.076e+04,0.09954
1.076e+04,0.09947
1.077e+04,0.09939
1.077e+04,0.09931
1.078e+04,0.09922
1.078e+04,0.09913
1.079e+04,0.09904
1.079e+04,0.09894
1.08e+04,0.09883
1.08e+04,0.09872
1.081e+04,0.0986
1.082e+04,0.09848
1.082e+04,0.09835
1.083e+04,0.09822
1.083e+04,0.09809
1.084e+04,0.09795
1.084e+04,0.0978
1.085e+04,0.09765
1.085e+04,0.09749
1.086e+04,0.09733
1.086e+04,0.09717
1.087e+04,0.097
1.087e+04,0.09682
1.088e+04,0.09664
1.089e+04,0.09645
1.089e+04,0.09626
1.09e+04,0.09607
1.09e+04,0.09587
1.091e+04,0.09566
1.091e+04,0.09545
1.092e+04,0.09524
1.092e+04,0.09502
1.093e+04,0.09479
1.093e+04,0.09456
1.094e+04,0.09433
1.094e+04,0.09409
1.095e+04,0.09385
1.096e+04,0.0936
1.096e+04,0.09335
1.097e+04,0.09309
1.097e+04,0.09282
1.098e+04,0.09256
1.098e+04,0.09229
1.099e+04,0.09201
1.099e+04,0.09173
1.1e+04,0.09144
1.1e+04,0.09115
1.101e+04,0.09086
1.101e+04,0.09056
1.102e+04,0.09025
1.102e+04,0.08994
1.103e+04,0.08963
1.104e+04,0.08931
1.104e+04,0.08899
1.105e+04,0.08866
1.105e+04,0.08833
1.106e+04,0.08799
1.106e+04,0.08765
1.107e+04,0.08731
1.107e+04,0.08696
1.108e+04,0.0866
1.108e+04,0.08624
1.109e+04,0.08588
1.109e+04,0.08551
1.11e+04,0.08514
1.111e+04,0.08477
1.111e+04,0.08439
1.112e+04,0.084
1.112e+04,0.08361
1.113e+04,0.08322
1.113e+04,0.08282
1.114e+04,0.08242
1.114e+04,0.08202
1.115e+04,0.08161
1.115e+04,0.08119
1.116e+04,0.08078
1.116e+04,0.08035
1.117e+04,0.07993
1.118e+04,0.0795
1.118e+04,0.07906
1.119e+04,0.07863
1.119e+04,0.07818
1.12e+04,0.07774
1.12e+04,0.07729
1.121e+04,0.07683
1.121e+04,0.07638
1.122e+04,0.07591
1.122e+04,0.07545
1.123e+04,0.07498
1.123e+04,0.0745
1.124e+04,0.07403
1.125e+04,0.07355
1.125e+04,0.07306
1.126e+04,0.07257
1.126e+04,0.07208
1.127e+04,0.07159
1.127e+04,0.07109
1.128e+04,0.07058
1.128e+04,0.07008
1.129e+04,0.06957
1.129e+04,0.06905
1.13e+04,0.06854
1.13e+04,0.06802
1.131e+04,0.06749
1.132e+04,0.06697
1.132e+04,0.06644
1.133e+04,0.0659
1.133e+04,0.06536
1.134e+04,0.06482
1.134e+04,0.06428
1.135e+04,0.06373
1.135e+04,0.06318
1.136e+04,0.06263
1.136e+04,0.06207
1.137e+04,0.06151
1.137e+04,0.06095
1.138e+04,0.06038
1.139e+04,0.05981
1.139e+04,0.05924
1.14e+04,0.05866
1.14e+04,0.05808
1.141e+04,0.0575
1.141e+04,0.05692
1.142e+04,0.05633
1.142e+04,0.05574
1.143e+04,0.05515
1.143e+04,0.05455
1.144e+04,0.05396
1.144e+04,0.05335
1.145e+04,0.05275
1.146e+04,0.05214
1.146e+04,0.05153
1.147e+04,0.05092
1.147e+04,0.05031
1.148e+04,0.04969
1.148e+04,0.04907
1.149e+04,0.04845
1.149e+04,0.04783
1.15e+04,0.0472
1.15e+04,0.04657
1.151e+04,0.04594
1.151e+04,0.0453
1.152e+04,0.04467
1.153e+04,0.04403
1.153e+04,0.04339
1.154e+04,0.04275
1.154e+04,0.0421
1.155e+04,0.04145
1.155e+04,0.0408
1.156e+04,0.04015
1.156e+04,0.0395
1.157e+04,0.03884
1.157e+04,0.03819
1.158e+04,0.03753
1.158e+04,0.03687
1.159e+04,0.0362
1.16e+04,0.03554
1.16e+04,0.03487
1.161e+04,0.0342
1.161e+04,0.03353
1.162e+04,0.03286
1.162e+04,0.03219
1.163e+04,0.03151
1.163e+04,0.03083
1.164e+04,0.03016
1.164e+04,0.02948
1.165e+04,0.02879
1.165e+04,0.02811
1.166e+04,0.02743
1.167e+04,0.02674
1.167e+04,0.02605
1.168e+04,0.02537
1.168e+04,0.02468
1.169e+04,0.02398
1.169e+04,0.02329
1.17e+04,0.0226
1.17e+04,0.0219
1.171e+04,0.02121
1.171e+04,0.02051
1.172e+04,0.01981
1.172e+04,0.01912
1.173e+04,0.01842
1.174e+04,0.01772
1.174e+04,0.01701
1.175e+04,0.01631
1.175e+04,0.01561
1.176e+04,0.0149
1.176e+04,0.0142
1.177e+04,0.01349
1.177e+04,0.01279
1.178e+04,0.01208
1.178e+04,0.01137
1.179e+04,0.01067
1.179e+04,0.009957
1.18e+04,0.009248
1.181e+04,0.008538
1.181e+04,0.007828
1.182e+04,0.007118
1.182e+04,0.006407
1.183e+04,0.005696
1.183e+04,0.004985
1.184e+04,0.004273
1.184e+04,0.003561
1.185e+04,0.002849
1.185e+04,0.002137
1.186e+04,0.001425
1.186e+04,0.0007124
1.187e+04,2.882e-08
1.188e+04,-0.0007123
1.188e+04,-0.001425
1.189e+04,-0.002137
1.189e+04,-0.002849
1.19e+04,-0.003561
1.19e+04,-0.004273
1.191e+04,-0.004985
1.191e+04,-0.005696
1.192e+04,-0.006407
1.192e+04,-0.007118
1.193e+04,-0.007828
1.193e+04,-0.008538
1.194e+04,-0.009248
1.195e+04,-0.009957
1.195e+04,-0.01067
1.196e+04,-0.01137
1.196e+04,-0.01208
1.197e+04,-0.01279
1.197e+04,-0.01349
1.198e+04,-0.0142
1.198e+04,-0.0149
1.199e+04,-0.01561
1.199e+04,-0.01631
1.2e+04,-0.01701
1.2e+04,-0.01772
1.201e+04,-0.01842
1.202e+04,-0.01912
1.202e+04,-0.01981
1.203e+04,-0.02051
1.203e+04,-0.02121
1.204e+04,-0.0219
1.204e+04,-0.0226
1.205e+04,-0.02329
1.205e+04,-0.02398
1.206e+04,-0.02468
1.206e+04,-0.02537
1.207e+04,-0.02605
1.207e+04,-0.02674
1.208e+04,-0.02743
1.209e+04,-0.02811
1.209e+04,-0.02879
1.21e+04,-0.02948
1.21e+04,-0.03016
1.211e+04,-0.03083
1.211e+04,-0.03151
1.212e+04,-0.03219
1.212e+04,-0.03286
1.213e+04,-0.03353
1.213e+04,-0.0342
1.214e+04,-0.03487
1.214e+04,-0.03554
1.215e+04,-0.0362
1.216e+04,-0.03687
1.216e+04,-0.03753
1.217e+04,-0.03819
1.217e+04,-0.03884
1.218e+04,-0.0395
1.218e+04,-0.04015
1.219e+04,-0.0408
1.219e+04,-0.04145
1.22e+04,-0.0421
1.22e+04,-0.04275
1.221e+04,-0.04339
1.221e+04,-0.04403
1.222e+04,-0.04467
1.223e+04,-0.0453
1.223e+04,-0.04594
1.224e+04,-0.04657
1.224e+04,-0.0472
1.225e+04,-0.04783
1.225e+04,-0.04845
1.226e+04,-0.04907
1.226e+04,-0.04969
1.227e+04,-0.05031
1.227e+04,-0.05092
1.228e+04,-0.05153
1.228e+04,-0.05214
1.229e+04,-0.05275
1.23e+04,-0.05335
1.23e+04,-0.05395
1.231e+04,-0.05455
1.231e+04,-0.05515
1.232e+04,-0.05574
1.232e+04,-0.05633
1.233e+04,-0.05692
1.233e+04,-0.0575
1.234e+04,-0.05808
1.234e+04,-0.05866
1.235e+04,-0.05924
1.235e+04,-0.05981
1.236e+04,-0.06038
1.237e+04,-0.06095
1.237e+04,-0.06151
1.238e+04,-0.06207
1.238e+04,-0.06263
1.239e+04,-0.06318
1.239e+04,-0.06373
1.24e+04,-0.06428
1.24e+04,-0.06482
1.241e+04,-0.06536
1.241e+04,-0.0659
1.242e+04,-0.06644
1.242e+04,-0.06697
1.243e+04,-0.06749
1.244e+04,-0.06802
1.244e+04,-0.06854
1.245e+04,-0.06905
1.245e+04,-0.06957
1.246e+04,-0.07008
1.246e+04,-0.07058
1.247e+04,-0.07109
1.247e+04,-0.07159
1.248e+04,-0.07208
1.248e+04,-0.07257
1.249e+04,-0.07306
1.249e+04,-0.07355
1.25e+04,-0.07403
1.251e+04,-0.0745
1.251e+04,-0.07498
1.252e+04,-0.07545
1.252e+04,-0.07591
1.253e+04,-0.07638
1.253e+04,-0.07683
1.254e+04,-0.07729
1.254e+04,-0.07774
1.255e+04,-0.07818
1.255e+04,-0.07863
1.256e+04,-0.07906
1.256e+04,-0.0795
1.257e+04,-0.07993
1.258e+04,-0.08035
1.258e+04,-0.08078
1.259e+04,-0.08119
1.259e+04,-0.08161
1.26e+04,-0.08202
1.26e+04,-0.08242
1.261e+04,-0.08282
1.261e+04,-0.08322
1.262e+04,-0.08361
1.262e+04,-0.084
1.263e+04,-0.08439
1.263e+04,-0.08477
1.264e+04,-0.08514
1.265e+04,-0.08551
1.265e+04,-0.08588
1.266e+04,-0.08624
1.266e+04,-0.0866
1.267e+04,-0.08696
1.267e+04,-0.08731
1.268e+04,-0.08765
1.268e+04,-0.08799
1.269e+04,-0.08833
1.269e+04,-0.08866
1.27e+04,-0.08899
1.27e+04,-0.08931
1.271e+04,-0.08963
1.272e+04,-0.08994
1.272e+04,-0.09025
1.273e+04,-0.09056
1.273e+04,-0.09086
1.274e+04,-0.09115
1.274e+04,-0.09144
1.275e+04,-0.09173
1.275e+04,-0.09201
1.276e+04,-0.09229
1.276e+04,-0.09256
1.277e+04,-0.09282
1.277e+04,-0.09309
1.278e+04,-0.09335
1.279e+04,-0.0936
1.279e+04,-0.09385
1.28e+04,-0.09409
1.28e+04,-0.09433
1.281e+04,-0.09456
1.281e+04,-0.09479
1.282e+04,-0.09502
1.282e+04,-0.09524
1.283e+04,-0.09545
1.283e+04,-0.09566
1.284e+04,-0.09587
1.284e+04,-0.09607
1.285e+04,-0.09626
1.286e+04,-0.09645
1.286e+04,-0.09664
1.287e+04,-0.09682
1.287e+04,-0.097
1.288e+04,-0.09717
1.288e+04,-0.09733
1.289e+04,-0.09749
1.289e+04,-0.09765
1.29e+04,-0.0978
1.29e+04,-0.09795
1.291e+04,-0.09809
1.291e+04,-0.09822
1.292e+04,-0.09835
1.293e+04,-0.09848
1.293e+04,-0.0986
1.294e+04,-0.09872
1.294e+04,-0.09883
1.295e+04,-0.09894
1.295e+04,-0.09904
1.296e+04,-0.09913
1.296e+04,-0.09922
1.297e+04,-0.09931
1.297e+04,-0.09939
1.298e+04,-0.09947
1.298e+04,-0.09954
1.299e+04,-0.0996
1.3e+04,-0.09966
1.3e+04,-0.09972
1.301e+04,-0.09977
1.301e+04,-0.09982
1.302e+04,-0.09986
1.302e+04,-0.09989
1.303e+04,-0.09992
1.303e+04,-0.09995
1.304e+04,-0.09997
1.304e+04,-0.09998
1.305e+04,-0.09999
1.305e+04,-0.1
1.306e+04,-0.1
1.307e+04,-0.09999
1.307e+04,-0.09998
1.308e+04,-0.09997
1.308e+04,-0.09995
1.309e+04,-0.09992
1.309e+04,-0.09989
1.31e+04,-0.09986
1.31e+04,-0.09982
1.311e+04,-0.09977
1.311e+04,-0.09972
1.312e+04,-0.09966
1.312e+04,-0.0996
1.313e+04,-0.09954
1.314e+04,-0.09947
1.314e+04,-0.09939
1.315e+04,-0.09931
1.315e+04,-0.09922
1.316e+04,-0.09913
1.316e+04,-0.09904
1.317e+04,-0.09894
1.317e+04,-0.09883
1.318e+04,-0.09872
1.318e+04,-0.0986
1.319e+04,-0.09848
1.319e+04,-0.09835
1.32e+04,-0.09822
1.321e+04,-0.09809
1.321e+04,-0.09795
1.322e+04,-0.0978
1.322e+04,-0.09765
1.323e+04,-0.09749
1.323e+04,-0.09733
1.324e+04,-0.09717
1.324e+04,-0.097
1.325e+04,-0.09682
1.325e+04,-0.09664
1.326e+04,-0.09645
1.326e+04,-0.09626
1.327e+04,-0.09607
1.328e+04,-0.09587
1.328e+04,-0.09566
1.329e+04,-0.09545
1.329e+04,-0.09524
1.33e+04,-0.09502
1.33e+04,-0.09479
1.331e+04,-0.09456
1.331e+04,-0.09433
1.332e+04,-0.09409
1.332e+04,-0.09385
1.333e+04,-0.0936
1.333e+04,-0.09335
1.334e+04,-0.09309
1.335e+04,-0.09282
1.335e+04,-0.09256
1.336e+04,-0.09229
1.336e+04,-0.09201
1.337e+04,-0.09173
1.337e+04,-0.09144
1.338e+04,-0.09115
1.338e+04,-0.09086
1.339e+04,-0.09056
1.339e+04,-0.09025
1.34e+04,-0.08994
1.34e+04,-0.08963
1.341e+04,-0.08931
1.342e+04,-0.08899
1.342e+04,-0.08866
1.343e+04,-0.08833
1.343e+04,-0.08799
1.344e+04,-0.08765
1.344e+04,-0.08731
1.345e+04,-0.08696
1.345e+04,-0.0866
1.346e+04,-0.08624
1.346e+04,-0.08588
1.347e+04,-0.08551
1.347e+04,-0.08514
1.348e+04,-0.08477
1.349e+04,-0.08439
1.349e+04,-0.084
1.35e+04,-0.08361
1.35e+04,-0.08322
1.351e+04,-0.08282
1.351e+04,-0.08242
1.352e+04,-0.08202
1.352e+04,-0.08161
1.353e+04,-0.08119
1.353e+04,-0.08078
1.354e+04,-0.08035
1.354e+04,-0.07993
1.355e+04,-0.0795
1.356e+04,-0.07906
1.356e+04,-0.07863
1.357e+04,-0.07818
1.357e+04,-0.07774
1.358e+04,-0.07729
1.358e+04,-0.07683
1.359e+04,-0.07638
1.359e+04,-0.07591
1.36e+04,-0.07545
1.36e+04,-0.07498
1.361e+04,-0.0745
1.361e+04,-0.07403
1.362e+04,-0.07355
1.363e+04,-0.07306
1.363e+04,-0.07257
1.364e+04,-0.07208
1.364e+04,-0.07159
1.365e+04,-0.07109
1.365e+04,-0.07058
1.366e+04,-0.07008
1.366e+04,-0.06957
1.367e+04,-0.06905
1.367e+04,-0.06854
1.368e+04,-0.06802
1.368e+04,-0.06749
1.369e+04,-0.06697
1.37e+04,-0.06644
1.37e+04,-0.0659
1.371e+04,-0.06536
1.371e+04,-0.06482
1.372e+04,-0.06428
1.372e+04,-0.06373
1.373e+04,-0.06318
1.373e+04,-0.06263
1.374e+04,-0.06207
1.374e+04,-0.06151
1.375e+04,-0.06095
1.375e+04,-0.06038
1.376e+04,-0.05981
1.377e+04,-0.05924
1.377e+04,-0.05866
1.378e+04,-0.05808
1.378e+04,-0.0575
1.379e+04,-0.05692
1.379e+04,-0.05633
1.38e+04,-0.05574
1.38e+04,-0.05515
1.381e+04,-0.05455
1.381e+04,-0.05396
1.382e+04,-0.05335
1.382e+04,-0.05275
1.383e+04,-0.05214
1.384e+04,-0.05153
1.384e+04,-0.05092
1.385e+04,-0.05031
1.385e+04,-0.04969
1.386e+04,-0.04907
1.386e+04,-0.04845
1.387e+04,-0.04783
1.387e+04,-0.0472
1.388e+04,-0.04657
1.388e+04,-0.04594
1.389e+04,-0.0453
1.389e+04,-0.04467
1.39e+04,-0.04403
1.391e+04,-0.04339
1.391e+04,-0.04275
1.392e+04,-0.0421
1.392e+04,-0.04145
1.393e+04,-0.0408
1.393e+04,-0.04015
1.394e+04,-0.0395
1.394e+04,-0.03884
1.395e+04,-0.03819
1.395e+04,-0.03753
1.396e+04,-0.03687
1.396e+04,-0.0362
1.397e+04,-0.03554
1.398e+04,-0.03487
1.398e+04,-0.0342
1.399e+04,-0.03353
1.399e+04,-0.03286
1.4e+04,-0.03219
1.4e+04,-0.03151
1.401e+04,-0.03083
1.401e+04,-0.03016
1.402e+04,-0.02948
1.402e+04,-0.02879
1.403e+04,-0.02811
1.403e+04,-0.02743
1.404e+04,-0.02674
1.405e+04,-0.02605
1.405e+04,-0.02537
1.406e+04,-0.02468
1.406e+04,-0.02398
1.407e+04,-0.02329
1.407e+04,-0.0226
1.408e+04,-0.0219
1.408e+04,-0.02121
1.409e+04,-0.02051
1.409e+04,-0.01981
1.41e+04,-0.01912
1.41e+04,-0.01842
1.411e+04,-0.01772
1.412e+04,-0.01701
1.412e+04,-0.01631
1.413e+04,-0.01561
1.413e+04,-0.0149
1.414e+04,-0.0142
1.414e+04,-0.01349
1.415e+04,-0.01279
1.415e+04,-0.01208
1.416e+04,-0.01137
1.416e+04,-0.01067
1.417e+04,-0.009957
1.417e+04,-0.009248
1.418e+04,-0.008538
1.418e+04,-0.007828
1.419e+04,-0.007118
1.42e+04,-0.006407
1.42e+04,-0.005696
1.421e+04,-0.004985
1.421e+04,-0.004273
1.422e+04,-0.003561
1.422e+04,-0.002849
1.423e+04,-0.002137
1.423e+04,-0.001425
1.424e+04,-0.0007124
1.424e+04,-3.459e-08
1.425e+04,0.0007123
1.425e+04,0.001425
1.426e+04,0.002137
1.427e+04,0.002849
1.427e+04,0.003561
1.428e+04,0.004273
1.428e+04,0.004985
1.429e+04,0.005696
1.429e+04,0.006407
1.43e+04,0.007118
1.43e+04,0.007828
1.431e+04,0.008538
1.431e+04,0.009248
1.432e+04,0.009957
1.432e+04,0.01067
1.433e+04,0.01137
1.434e+04,0.01208
1.434e+04,0.01279
1.435e+04,0.01349
1.435e+04,0.0142
1.436e+04,0.0149
1.436e+04,0.01561
1.437e+04,0.01631
1.437e+04,0.01701
1.438e+04,0.01772
1.438e+04,0.01842
1.439e+04,0.01912
1.439e+04,0.01981
1.44e+04,0.02051
1.441e+04,0.02121
1.441e+04,0.0219
1.442e+04,0.0226
1.442e+04,0.02329
1.443e+04,0.02398
1.443e+04,0.02468
1.444e+04,0.02537
1.444e+04,0.02605
1.445e+04,0.02674
1.445e+04,0.02743
1.446e+04,0.02811
1.446e+04,0.02879
1.447e+04,0.02948
1.448e+04,0.03016
1.448e+04,0.03083
1.449e+04,0.03151
1.449e+04,0.03219
1.45e+04,0.03286
1.45e+04,0.03353
1.451e+04,0.0342
1.451e+04,0.03487
1.452e+04,0.03554
1.452e+04,0.0362
1.453e+04,0.03687
1.453e+04,0.03753
1.454e+04,0.03819
1.455e+04,0.03884
1.455e+04,0.0395
1.456e+04,0.04015
1.456e+04,0.0408
1.457e+04,0.04145
1.457e+04,0.0421
1.458e+04,0.04275
1.458e+04,0.04339
1.459e+04,0.04403
1.459e+04,0.04467
1.46e+04,0.0453
1.46e+04,0.04594
1.461e+04,0.04657
1.462e+04,0.0472
1.462e+04,0.04783
1.463e+04,0.04845
1.463e+04,0.04907
1.464e+04,0.04969
1.464e+04,0.05031
1.465e+04,0.05092
1.465e+04,0.05153
1.466e+04,0.05214
1.466e+04,0.05275
1.467e+04,0.05335
1.467e+04,0.05395
1.468e+04,0.05455
1.469e+04,0.05515
1.469e+04,0.05574
1.47e+04,0.05633
1.47e+04,0.05692
1.471e+04,0.0575
1.471e+04,0.05808
1.472e+04,0.05866
1.472e+04,0.05924
1.473e+04,0.05981
1.473e+04,0.06038
1.474e+04,0.06095
1.474e+04,0.06151
1.475e+04,0.06207
1.476e+04,0.06263
1.476e+04,0.06318
1.477e+04,0.06373
1.477e+04,0.06428
1.478e+04,0.06482
1.478e+04,0.06536
1.479e+04,0.0659
1.479e+04,0.06644
1.48e+04,0.06697
1.48e+04,0.06749
1.481e+04,0.06802
1.481e+04,0.06854
1.482e+04,0.06905
1.483e+04,0.06957
1.483e+04,0.07008
1.484e+04,0.07058
1.484e+04,0.07109
1.485e+04,0.07159
1.485e+04,0.07208
1.486e+04,0.07257
1.486e+04,0.07306
1.487e+04,0.07355
1.487e+04,0.07403
1.488e+04,0.0745
1.488e+04,0.07498
1.489e+04,0.07545
1.49e+04,0.07591
1.49e+04,0.07638
1.491e+04,0.07683
1.491e+04,0.07729
1.492e+04,0.07774
1.492e+04,0.07818
1.493e+04,0.07863
1.493e+04,0.07906
1.494e+04,0.0795
1.494e+04,0.07993
1.495e+04,0.08035
1.495e+04,0.08078
1.496e+04,0.08119
1.497e+04,0.08161
1.497e+04,0.08202
1.498e+04,0.08242
1.498e+04,0.08282
1.499e+04,0.08322
1.499e+04,0.08361
1.5e+04,0.084
1.5e+04,0.08439
1.501e+04,0.08477
1.501e+04,0.08514
1.502e+04,0.08551
1.502e+04,0.08588
1.503e+04,0.08624
1.504e+04,0.0866
1.504e+04,0.08696
1.505e+04,0.08731
1.505e+04,0.08765
1.506e+04,0.08799
1.506e+04,0.08833
1.507e+04,0.08866
1.507e+04,0.08899
1.508e+04,0.08931
1.508e+04,0.08963
1.509e+04,0.08994
1.509e+04,0.09025
1.51e+04,0.09056
1.511e+04,0.09086
1.511e+04,0.09115
1.512e+04,0.09144
1.512e+04,0.09173
1.513e+04,0.09201
1.513e+04,0.09229
1.514e+04,0.09256
1.514e+04,0.09282
1.515e+04,0.09309
1.515e+04,0.09335
1.516e+04,0.0936
1.516e+04,0.09385
1.517e+04,0.09409
1.518e+04,0.09433
1.518e+04,0.09456
1.519e+04,0.09479
1.519e+04,0.09502
1.52e+04,0.09524
1.52e+04,0.09545
1.521e+04,0.09566
1.521e+04,0.09587
1.522e+04,0.09607
1.522e+04,0.09626
1.523e+04,0.09645
1.523e+04,0.09664
1.524e+04,0.09682
1.525e+04,0.097
1.525e+04,0.09717
1.526e+04,0.09733
1.526e+04,0.09749
1.527e+04,0.09765
1.527e+04,0.0978
1.528e+04,0.09795
1.528e+04,0.09809
1.529e+04,0.09822
1.529e+04,0.09835
1.53e+04,0.09848
1.53e+04,0.0986
1.531e+04,0.09872
1.532e+04,0.09883
1.532e+04,0.09894
1.533e+04,0.09904
1.533e+04,0.09913
1.534e+04,0.09922
1.534e+04,0.09931
1.535e+04,0.09939
1.535e+04,0.09947
1.536e+04,0.09954
1.536e+04,0.0996
1.537e+04,0.09966
1.537e+04,0.09972
1.538e+04,0.09977
1.539e+04,0.09982
1.539e+04,0.09986
1.54e+04,0.09989
1.54e+04,0.09992
1.541e+04,0.09995
1.541e+04,0.09997
1.542e+04,0.09998
1.542e+04,0.09999
1.543e+04,0.1
1.543e+04,0.1
1.544e+04,0.09999
1.544e+04,0.09998
1.545e+04,0.09997
1.546e+04,0.09995
1.546e+04,0.09992
1.547e+04,0.09989
1.547e+04,0.09986
1.548e+04,0.09982
1.548e+04,0.09977
1.549e+04,0.09972
1.549e+04,0.09966
1.55e+04,0.0996
1.55e+04,0.09954
1.551e+04,0.09947
1.551e+04,0.09939
1.552e+04,0.09931
1.553e+04,0.09922
1.553e+04,0.09913
1.554e+04,0.09904
1.554e+04,0.09894
1.555e+04,0.09883
1.555e+04,0.09872
1.556e+04,0.0986
1.556e+04,0.09848
1.557e+04,0.09835
1.557e+04,0.09822
1.558e+04,0.09809
1.558e+04,0.09795
1.559e+04,0.0978
1.56e+04,0.09765
1.56e+04,0.09749
1.561e+04,0.09733
1.561e+04,0.09717
1.562e+04,0.097
1.562e+04,0.09682
1.563e+04,0.09664
1.563e+04,0.09645
1.564e+04,0.09626
1.564e+04,0.09607
1.565e+04,0.09587
1.565e+04,0.09566
1.566e+04,0.09545
1.567e+04,0.09524
1.567e+04,0.09502
1.568e+04,0.09479
1.568e+04,0.09456
1.569e+04,0.09433
1.569e+04,0.09409
1.57e+04,0.09385
1.57e+04,0.0936
1.571e+04,0.09335
1.571e+04,0.09309
1.572e+04,0.09282
1.572e+04,0.09256
1.573e+04,0.09229
1.574e+04,0.09201
1.574e+04,0.09173
1.575e+04,0.09144
1.575e+04,0.09115
1.576e+04,0.09086
1.576e+04,0.09056
1.577e+04,0.09025
1.577e+04,0.08994
1.578e+04,0.08963
1.578e+04,0.08931
1.579e+04,0.08899
1.579e+04,0.08866
1.58e+04,0.08833
1.581e+04,0.08799
1.581e+04,0.08765
1.582e+04,0.08731
1.582e+04,0.08696
1.583e+04,0.0866
1.583e+04,0.08624
1.584e+04,0.08588
1.584e+04,0.08551
1.585e+04,0.08514
1.585e+04,0.08477
1.586e+04,0.08439
1.586e+04,0.084
1.587e+04,0.08361
1.588e+04,0.08322
1.588e+04,0.08282
1.589e+04,0.08242
1.589e+04,0.08202
1.59e+04,0.08161
1.59e+04,0.08119
1.591e+04,0.08078
1.591e+04,0.08035
1.592e+04,0.07993
1.592e+04,0.0795
1.593e+04,0.07906
1.593e+04,0.07863
1.594e+04,0.07818
1.595e+04,0.07774
1.595e+04,0.07729
1.596e+04,0.07683
1.596e+04,0.07638
1.597e+04,0.07591
1.597e+04,0.07545
1.598e+04,0.07498
1.598e+04,0.0745
1.599e+04,0.07403
1.599e+04,0.07355
1.6e+04,0.07306
1.6e+04,0.07257
1.601e+04,0.07208
1.602e+04,0.07159
1.602e+04,0.07109
1.603e+04,0.07058
1.603e+04,0.07008
1.604e+04,0.06957
1.604e+04,0.06905
1.605e+04,0.06854
1.605e+04,0.06802
1.606e+04,0.06749
1.606e+04,0.06697
1.607e+04,0.06644
1.607e+04,0.0659
1.608e+04,0.06536
1.609e+04,0.06482
1.609e+04,0.06428
1.61e+04,0.06373
1.61e+04,0.06318
1.611e+04,0.06263
1.611e+04,0.06207
1.612e+04,0.06151
1.612e+04,0.06095
1.613e+04,0.06038
1.613e+04,0.05981
1.614e+04,0.05924
1.614e+04,0.05866
1.615e+04,0.05808
1.616e+04,0.0575
1.616e+04,0.05692
1.617e+04,0.05633
1.617e+04,0.05574
1.618e+04,0.05515
1.618e+04,0.05455
1.619e+04,0.05396
1.619e+04,0.05335
1.62e+04,0.05275
1.62e+04,0.05214
1.621e+04,0.05153
1.621e+04,0.05092
1.622e+04,0.05031
1.623e+04,0.04969
1.623e+04,0.04907
1.624e+04,0.04845
1.624e+04,0.04783
1.625e+04,0.0472
1.625e+04,0.04657
1.626e+04,0.04594
1.626e+04,0.0453
1.627e+04,0.04467
1.627e+04,0.04403
1.628e+04,0.04339
1.628e+04,0.04275
1.629e+04,0.0421
1.63e+04,0.04145
1.63e+04,0.0408
1.631e+04,0.04015
1.631e+04,0.0395
1.632e+04,0.03884
1.632e+04,0.03819
1.633e+04,0.03753
1.633e+04,0.03687
1.634e+04,0.0362
1.634e+04,0.03554
1.635e+04,0.03487
1.635e+04,0.0342
1.636e+04,0.03353
1.637e+04,0.03286
1.637e+04,0.03219
1.638e+04,0.03151
1.638e+04,0.03083
1.639e+04,0.03016
1.639e+04,0.02948
1.64e+04,0.02879
1.64e+04,0.02811
1.641e+04,0.02743
1.641e+04,0.02674
1.642e+04,0.02605
1.642e+04,0.02537
1.643e+04,0.02468
1.644e+04,0.02398
1.644e+04,0.02329
1.645e+04,0.0226
1.645e+04,0.0219
1.646e+04,0.02121
1.646e+04,0.02051
1.647e+04,0.01981
1.647e+04,0.01912
1.648e+04,0.01842
1.648e+04,0.01772
1.649e+04,0.01701
1.649e+04,0.01631
1.65e+04,0.01561
1.651e+04,0.0149
1.651e+04,0.0142
1.652e+04,0.01349
1.652e+04,0.01279
1.653e+04,0.01208
1.653e+04,0.01137
1.654e+04,0.01067
1.654e+04,0.009957
1.655e+04,0.009248
1.655e+04,0.008538
1.656e+04,0.007828
1.656e+04,0.007118
1.657e+04,0.006407
1.658e+04,0.005696
1.658e+04,0.004985
1.659e+04,0.004273
1.659e+04,0.003561
1.66e+04,0.002849
1.66e+04,0.002137
1.661e+04,0.001425
1.661e+04,0.0007124
1.662e+04,4.035e-08
1.662e+04,-0.0007123
1.663e+04,-0.001425
1.663e+04,-0.002137
1.664e+04,-0.002849
1.665e+04,-0.003561
1.665e+04,-0.004273
1.666e+04,-0.004985
1.666e+04,-0.005696
1.667e+04,-0.006407
1.667e+04,-0.007118
1.668e+04,-0.007828
1.668e+04,-0.008538
1.669e+04,-0.009248
1.669e+04,-0.009957
1.67e+04,-0.01067
1.67e+04,-0.01137
1.671e+04,-0.01208
1.672e+04,-0.01279
1.672e+04,-0.01349
1.673e+04,-0.0142
1.673e+04,-0.0149
1.674e+04,-0.01561
1.674e+04,-0.01631
1.675e+04,-0.01701
1.675e+04,-0.01772
1.676e+04,-0.01842
1.676e+04,-0.01912
1.677e+04,-0.01981
1.677e+04,-0.02051
1.678e+04,-0.02121
1.679e+04,-0.0219
1.679e+04,-0.0226
1.68e+04,-0.02329
1.68e+04,-0.02398
1.681e+04,-0.02468
1.681e+04,-0.02537
1.682e+04,-0.02605
1.682e+04,-0.02674
1.683e+04,-0.02743
1.683e+04,-0.02811
1.684e+04,-0.02879
1.684e+04,-0.02948
1.685e+04,-0.03016
1.686e+04,-0.03083
1.686e+04,-0.03151
1.687e+04,-0.03219
1.687e+04,-0.03286
1.688e+04,-0.03353
1.688e+04,-0.0342
1.689e+04,-0.03487
1.689e+04,-0.03554
1.69e+04,-0.0362
1.69e+04,-0.03687
1.691e+04,-0.03753
1.691e+04,-0.03819
1.692e+04,-0.03884
1.693e+04,-0.0395
1.693e+04,-0.04015
1.694e+04,-0.0408
1.694e+04,-0.04145
1.695e+04,-0.0421
1.695e+04,-0.04275
1.696e+04,-0.04339
1.696e+04,-0.04403
1.697e+04,-0.04467
1.697e+04,-0.0453
1.698e+04,-0.04594
1.698e+04,-0.04657
1.699e+04,-0.0472
1.7e+04,-0.04783
1.7e+04,-0.04845
1.701e+04,-0.04907
1.701e+04,-0.04969
1.702e+04,-0.05031
1.702e+04,-0.05092
1.703e+04,-0.05153
1.703e+04,-0.05214
1.704e+04,-0.05275
1.704e+04,-0.05335
1.705e+04,-0.05395
1.705e+04,-0.05455
1.706e+04,-0.05515
1.707e+04,-0.05574
1.707e+04,-0.05633
1.708e+04,-0.05692
1.708e+04,-0.0575
1.709e+04,-0.05808
1.709e+04,-0.05866
1.71e+04,-0.05924
1.71e+04,-0.05981
1.711e+04,-0.06038
1.711e+04,-0.06095
1.712e+04,-0.06151
1.712e+04,-0.06207
1.713e+04,-0.06263
1.714e+04,-0.06318
1.714e+04,-0.06373
1.715e+04,-0.06428
1.715e+04,-0.06482
1.716e+04,-0.06536
1.716e+04,-0.0659
1.717e+04,-0.06644
1.717e+04,-0.06697
1.718e+04,-0.06749
1.718e+04,-0.06802
1.719e+04,-0.06854
1.719e+04,-0.06905
1.72e+04,-0.06957
1.721e+04,-0.07008
1.721e+04,-0.07058
1.722e+04,-0.07109
1.722e+04,-0.07159
1.723e+04,-0.07208
1.723e+04,-0.07257
1.724e+04,-0.07306
1.724e+04,-0.07355
1.725e+04,-0.07403
1.725e+04,-0.0745
1.726e+04,-0.07498
1.726e+04,-0.07545
1.727e+04,-0.07591
1.728e+04,-0.07638
1.728e+04,-0.07683
1.729e+04,-0.07729
1.729e+04,-0.07774
1.73e+04,-0.07818
1.73e+04,-0.07863
1.731e+04,-0.07906
1.731e+04,-0.0795
1.732e+04,-0.07993
1.732e+04,-0.08035
1.733e+04,-0.08078
1.733e+04,-0.08119
1.734e+04,-0.08161
1.734e+04,-0.08202
1.735e+04,-0.08242
1.736e+04,-0.08282
1.736e+04,-0.08322
1.737e+04,-0.08361
1.737e+04,-0.084
1.738e+04,-0.08439
1.738e+04,-0.08477
1.739e+04,-0.08514
1.739e+04,-0.08551
1.74e+04,-0.08588
1.74e+04,-0.08624
1.741e+04,-0.0866
1.741e+04,-0.08696
1.742e+04,-0.08731
1.743e+04,-0.08765
1.743e+04,-0.08799
1.744e+04,-0.08833
1.744e+04,-0.08866
1.745e+04,-0.08899
1.745e+04,-0.08931
1.746e+04,-0.08963
1.746e+04,-0.08994
1.747e+04,-0.09025
1.747e+04,-0.09056
1.748e+04,-0.09086
1.748e+04,-0.09115
1.749e+04,-0.09144
1.75e+04,-0.09173
1.75e+04,-0.09201
1.751e+04,-0.09229
1.751e+04,-0.09256
1.752e+04,-0.09282
1.752e+04,-0.09309
1.753e+04,-0.09335
1.753e+04,-0.0936
1.754e+04,-0.09385
1.754e+04,-0.09409
1.755e+04,-0.09433
1.755e+04,-0.09456
1.756e+04,-0.09479
1.757e+04,-0.09502
1.757e+04,-0.09524
1.758e+04,-0.09545
1.758e+04,-0.09566
1.759e+04,-0.09587
1.759e+04,-0.09607
1.76e+04,-0.09626
1.76e+04,-0.09645
1.761e+04,-0.09664
1.761e+04,-0.09682
1.762e+04,-0.097
1.762e+04,-0.09717
1.763e+04,-0.09733
1.764e+04,-0.09749
1.764e+04,-0.09765
1.765e+04,-0.0978
1.765e+04,-0.09795
1.766e+04,-0.09809
1.766e+04,-0.09822
1.767e+04,-0.09835
1.767e+04,-0.09848
1.768e+04,-0.0986
1.768e+04,-0.09872
1.769e+04,-0.09883
1.769e+04,-0.09894
1.77e+04,-0.09904
1.771e+04,-0.09913
1.771e+04,-0.09922
1.772e+04,-0.09931
1.772e+04,-0.09939
1.773e+04,-0.09947
1.773e+04,-0.09954
1.774e+04,-0.0996
1.774e+04,-0.09966
1.775e+04,-0.09972
1.775e+04,-0.09977
1.776e+04,-0.09982
1.776e+04,-0.09986
1.777e+04,-0.09989
1.778e+04,-0.09992
1.778e+04,-0.09995
1.779e+04,-0.09997
1.779e+04,-0.09998
1.78e+04,-0.09999
1.78e+04,-0.1
1.781e+04,-0.1
1.781e+04,-0.09999
1.782e+04,-0.09998
1.782e+04,-0.09997
1.783e+04,-0.09995
1.783e+04,-0.09992
1.784e+04,-0.09989
1.785e+04,-0.09986
1.785e+04,-0.09982
1.786e+04,-0.09977
1.786e+04,-0.09972
1.787e+04,-0.09966
1.787e+04,-0.0996
1.788e+04,-0.09954
1.788e+04,-0.09947
1.789e+04,-0.09939
1.789e+04,-0.09931
1.79e+04,-0.09922
1.79e+04,-0.09913
1.791e+04,-0.09904
1.792e+04,-0.09894
1.792e+04,-0.09883
1.793e+04,-0.09872
1.793e+04,-0.0986
1.794e+04,-0.09848
1.794e+04,-0.09835
1.795e+04,-0.09822
1.795e+04,-0.09809
1.796e+04,-0.09795
1.796e+04,-0.0978
1.797e+04,-0.09765
1.797e+04,-0.09749
1.798e+04,-0.09733
1.799e+04,-0.09717
1.799e+04,-0.097
1.8e+04,-0.09682
1.8e+04,-0.09664
1.801e+04,-0.09645
1.801e+04,-0.09626
1.802e+04,-0.09607
1.802e+04,-0.09587
1.803e+04,-0.09566
1.803e+04,-0.09545
1.804e+04,-0.09524
1.804e+04,-0.09502
1.805e+04,-0.09479
1.806e+04,-0.09456
1.806e+04,-0.09433
1.807e+04,-0.09409
1.807e+04,-0.09385
1.808e+04,-0.0936
1.808e+04,-0.09335
1.809e+04,-0.09309
1.809e+04,-0.09282
1.81e+04,-0.09256
1.81e+04,-0.09229
1.811e+04,-0.09201
1.811e+04,-0.09173
1.812e+04,-0.09144
1.813e+04,-0.09115
1.813e+04,-0.09086
1.814e+04,-0.09056
1.814e+04,-0.09025
1.815e+04,-0.08994
1.815e+04,-0.08963
1.816e+04,-0.08931
1.816e+04,-0.08899
1.817e+04,-0.08866
1.817e+04,-0.08833
1.818e+04,-0.08799
1.818e+04,-0.08765
1.819e+04,-0.08731
1.82e+04,-0.08696
1.82e+04,-0.0866
1.821e+04,-0.08624
1.821e+04,-0.08588
1.822e+04,-0.08551
1.822e+04,-0.08514
1.823e+04,-0.08477
1.823e+04,-0.08439
1.824e+04,-0.084
1.824e+04,-0.08361
1.825e+04,-0.08322
1.825e+04,-0.08282
1.826e+04,-0.08242
1.827e+04,-0.08202
1.827e+04,-0.08161
1.828e+04,-0.08119
1.828e+04,-0.08078
1.829e+04,-0.08035
1.829e+04,-0.07993
1.83e+04,-0.0795
1.83e+04,-0.07906
1.831e+04,-0.07863
1.831e+04,-0.07818
1.832e+04,-0.07774
1.832e+04,-0.07729
1.833e+04,-0.07683
1.834e+04,-0.07638
1.834e+04,-0.07591
1.835e+04,-0.07545
1.835e+04,-0.07498
1.836e+04,-0.0745
1.836e+04,-0.07403
1.837e+04,-0.07355
1.837e+04,-0.07306
1.838e+04,-0.07257
1.838e+04,-0.07208
1.839e+04,-0.07159
1.839e+04,-0.07109
1.84e+04,-0.07058
1.841e+04,-0.07008
1.841e+04,-0.06957
1.842e+04,-0.06905
1.842e+04,-0.06854
1.843e+04,-0.06802
1.843e+04,-0.06749
1.844e+04,-0.06697
1.844e+04,-0.06644
1.845e+04,-0.0659
1.845e+04,-0.06536
1.846e+04,-0.06482
1.846e+04,-0.06428
1.847e+04,-0.06373
1.848e+04,-0.06318
1.848e+04,-0.06263
1.849e+04,-0.06207
1.849e+04,-0.06151
1.85e+04,-0.06095
1.85e+04,-0.06038
1.851e+04,-0.05981
1.851e+04,-0.05924
1.852e+04,-0.05866
1.852e+04,-0.05808
1.853e+04,-0.0575
1.853e+04,-0.05692
1.854e+04,-0.05633
1.855e+04,-0.05574
1.855e+04,-0.05515
1.856e+04,-0.05455
1.856e+04,-0.05396
1.857e+04,-0.05335
1.857e+04,-0.05275
1.858e+04,-0.05214
1.858e+04,-0.05153
1.859e+04,-0.05092
1.859e+04,-0.05031
1.86e+04,-0.04969
1.86e+04,-0.04907
1.861e+04,-0.04845
1.862e+04,-0.04783
1.862e+04,-0.0472
1.863e+04,-0.04657
1.863e+04,-0.04594
1.864e+04,-0.0453
1.864e+04,-0.04467
1.865e+04,-0.04403
1.865e+04,-0.04339
1.866e+04,-0.04275
1.866e+04,-0.0421
1.867e+04,-0.04145
1.867e+04,-0.0408
1.868e+04,-0.04015
1.869e+04,-0.0395
1.869e+04,-0.03884
1.87e+04,-0.03819
1.87e+04,-0.03753
1.871e+04,-0.03687
1.871e+04,-0.0362
1.872e+04,-0.03554
1.872e+04,-0.03487
1.873e+04,-0.0342
1.873e+04,-0.03353
1.874e+04,-0.03286
1.874e+04,-0.03219
1.875e+04,-0.03151
1.876e+04,-0.03083
1.876e+04,-0.03016
1.877e+04,-0.02948
1.877e+04,-0.02879
1.878e+04,-0.02811
1.878e+04,-0.02743
1.879e+04,-0.02674
1.879e+04,-0.02605
1.88e+04,-0.02537
1.88e+04,-0.02468
1.881e+04,-0.02398
1.881e+04,-0.02329
1.882e+04,-0.0226
1.883e+04,-0.0219
1.883e+04,-0.02121
1.884e+04,-0.02051
1.884e+04,-0.01981
1.885e+04,-0.01912
1.885e+04,-0.01842
1.886e+04,-0.01772
1.886e+04,-0.01701
1.887e+04,-0.01631
1.887e+04,-0.01561
1.888e+04,-0.0149
1.888e+04,-0.0142
1.889e+04,-0.01349
1.89e+04,-0.01279
1.89e+04,-0.01208
1.891e+04,-0.01137
1.891e+04,-0.01067
1.892e+04,-0.009957
1.892e+04,-0.009248
1.893e+04,-0.008538
1.893e+04,-0.007828
1.894e+04,-0.007118
1.894e+04,-0.006407
1.895e+04,-0.005696
1.895e+04,-0.004985
1.896e+04,-0.004273
1.897e+04,-0.003561
1.897e+04,-0.002849
1.898e+04,-0.002137
1.898e+04,-0.001425
1.899e+04,-0.0007124
1.899e+04,-4.612e-08
1.9e+04,0.0007123
1.9e+04,0.001425
1.901e+04,0.002137
1.901e+04,0.002849
1.902e+04,0.003561
1.902e+04,0.004273
1.903e+04,0.004985
1.904e+04,0.005696
1.904e+04,0.006407
1.905e+04,0.007118
1.905e+04,0.007828
1.906e+04,0.008538
1.906e+04,0.009248
1.907e+04,0.009957
1.907e+04,0.01067
1.908e+04,0.01137
1.908e+04,0.01208
1.909e+04,0.01279
1.909e+04,0.01349
1.91e+04,0.0142
1.911e+04,0.0149
1.911e+04,0.01561
1.912e+04,0.01631
1.912e+04,0.01701
1.913e+04,0.01772
1.913e+04,0.01842
1.914e+04,0.01912
1.914e+04,0.01981
1.915e+04,0.02051
1.915e+04,0.02121
1.916e+04,0.0219
1.916e+04,0.0226
1.917e+04,0.02329
1.918e+04,0.02398
1.918e+04,0.02468
1.919e+04,0.02537
1.919e+04,0.02605
1.92e+04,0.02674
1.92e+04,0.02743
1.921e+04,0.02811
1.921e+04,0.02879
1.922e+04,0.02948
1.922e+04,0.03016
1.923e+04,0.03083
1.923e+04,0.03151
1.924e+04,0.03219
1.925e+04,0.03286
1.925e+04,0.03353
1.926e+04,0.0342
1.926e+04,0.03487
1.927e+04,0.03554
1.927e+04,0.0362
1.928e+04,0.03687
1.928e+04,0.03753
1.929e+04,0.03819
1.929e+04,0.03884
1.93e+04,0.0395
1.93e+04,0.04015
1.931e+04,0.0408
1.932e+04,0.04145
1.932e+04,0.0421
1.933e+04,0.04275
1.933e+04,0.04339
1.934e+04,0.04403
1.934e+04,0.04467
1.935e+04,0.0453
1.935e+04,0.04594
1.936e+04,0.04657
1.936e+04,0.0472
1.937e+04,0.04783
1.937e+04,0.04845
1.938e+04,0.04907
1.939e+04,0.04969
1.939e+04,0.05031
1.94e+04,0.05092
1.94e+04,0.05153
1.941e+04,0.05214
1.941e+04,0.05275
1.942e+04,0.05335
1.942e+04,0.05395
1.943e+04,0.05455
1.943e+04,0.05515
1.944e+04,0.05574
1.944e+04,0.05633
1.945e+04,0.05692
1.946e+04,0.0575
1.946e+04,0.05808
1.947e+04,0.05866
1.947e+04,0.05924
1.948e+04,0.05981
1.948e+04,0.06038
1.949e+04,0.06095
1.949e+04,0.06151
1.95e+04,0.06207
1.95e+04,0.06263
1.951e+04,0.06318
1.951e+04,0.06373
1.952e+04,0.06428
1.953e+04,0.06482
1.953e+04,0.06536
1.954e+04,0.0659
1.954e+04,0.06644
1.955e+04,0.06697
1.955e+04,0.06749
1.956e+04,0.06802
1.956e+04,0.06854
1.957e+04,0.06905
1.957e+04,0.06957
1.958e+04,0.07008
1.958e+04,0.07058
1.959e+04,0.07109
1.96e+04,0.07159
1.96e+04,0.07208
1.961e+04,0.07257
1.961e+04,0.07306
1.962e+04,0.07355
1.962e+04,0.07403
1.963e+04,0.0745
1.963e+04,0.07498
1.964e+04,0.07545
1.964e+04,0.07591
1.965e+04,0.07638
1.965e+04,0.07683
1.966e+04,0.07729
1.967e+04,0.07774
1.967e+04,0.07818
1.968e+04,0.07863
1.968e+04,0.07906
1.969e+04,0.0795
1.969e+04,0.07993
1.97e+04,0.08035
1.97e+04,0.08078
1.971e+04,0.08119
1.971e+04,0.08161
1.972e+04,0.08202
1.972e+04,0.08242
1.973e+04,0.08282
1.974e+04,0.08322
1.974e+04,0.08361
1.975e+04,0.084
1.975e+04,0.08439
1.976e+04,0.08477
1.976e+04,0.08514
1.977e+04,0.08551
1.977e+04,0.08588
1.978e+04,0.08624
1.978e+04,0.0866
1.979e+04,0.08696
1.979e+04,0.08731
1.98e+04,0.08765
1.981e+04,0.08799
1.981e+04,0.08833
1.982e+04,0.08866
1.982e+04,0.08899
1.983e+04,0.08931
1.983e+04,0.08963
1.984e+04,0.08994
1.984e+04,0.09025
1.985e+04,0.09056
1.985e+04,0.09086
1.986e+04,0.09115
1.986e+04,0.09144
1.987e+04,0.09173
1.988e+04,0.09201
1.988e+04,0.09229
1.989e+04,0.09256
1.989e+04,0.09282
1.99e+04,0.09309
1.99e+04,0.09335
1.991e+04,0.0936
1.991e+04,0.09385
1.992e+04,0.09409
1.992e+04,0.09433
1.993e+04,0.09456
1.993e+04,0.09479
1.994e+04,0.09502
1.995e+04,0.09524
1.995e+04,0.09545
1.996e+04,0.09566
1.996e+04,0.09587
1.997e+04,0.09607
1.997e+04,0.09626
1.998e+04,0.09645
1.998e+04,0.09664
1.999e+04,0.09682
1.999e+04,0.097
2e+04,0.09717
2e+04,0.09733
2.001e+04,0.09749
2.002e+04,0.09765
2.002e+04,0.0978
2.003e+04,0.09795
2.003e+04,0.09809
2.004e+04,0.09822
2.004e+04,0.09835
2.005e+04,0.09848
2.005e+04,0.0986
2.006e+04,0.09872
2.006e+04,0.09883
2.007e+04,0.09894
2.007e+04,0.09904
2.008e+04,0.09913
2.009e+04,0.09922
2.009e+04,0.09931
2.01e+04,0.09939
2.01e+04,0.09947
2.011e+04,0.09954
2.011e+04,0.0996
2.012e+04,0.09966
2.012e+04,0.09972
2.013e+04,0.09977
2.013e+04,0.09982
2.014e+04,0.09986
2.014e+04,0.09989
2.015e+04,0.09992
2.016e+04,0.09995
2.016e+04,0.09997
2.017e+04,0.09998
2.017e+04,0.09999
2.018e+04,0.1
2.018e+04,0.1
2.019e+04,0.09999
2.019e+04,0.09998
2.02e+04,0.09997
2.02e+04,0.09995
2.021e+04,0.09992
2.021e+04,0.09989
2.022e+04,0.09986
2.023e+04,0.09982
2.023e+04,0.09977
2.024e+04,0.09972
2.024e+04,0.09966
2.025e+04,0.0996
2.025e+04,0.09954
2.026e+04,0.09947
2.026e+04,0.09939
2.027e+04,0.09931
2.027e+04,0.09922
2.028e+04,0.09913
2.028e+04,0.09904
2.029e+04,0.09894
2.03e+04,0.09883
2.03e+04,0.09872
2.031e+04,0.0986
2.031e+04,0.09848
2.032e+04,0.09835
2.032e+04,0.09822
2.033e+04,0.09809
2.033e+04,0.09795
2.034e+04,0.0978
2.034e+04,0.09765
2.035e+04,0.09749
2.035e+04,0.09733
2.036e+04,0.09717
2.037e+04,0.097
2.037e+04,0.09682
2.038e+04,0.09664
2.038e+04,0.09645
2.039e+04,0.09626
2.039e+04,0.09607
2.04e+04,0.09587
2.04e+04,0.09566
2.041e+04,0.09545
2.041e+04,0.09524
2.042e+04,0.09502
2.042e+04,0.09479
2.043e+04,0.09456
2.044e+04,0.09433
2.044e+04,0.09409
2.045e+04,0.09385
2.045e+04,0.0936
2.046e+04,0.09335
2.046e+04,0.09309
2.047e+04,0.09282
2.047e+04,0.09256
2.048e+04,0.09229
2.048e+04,0.09201
2.049e+04,0.09173
2.049e+04,0.09144
2.05e+04,0.09115
2.05e+04,0.09086
2.051e+04,0.09056
2.052e+04,0.09025
2.052e+04,0.08994
2.053e+04,0.08963
2.053e+04,0.08931
2.054e+04,0.08899
2.054e+04,0.08866
2.055e+04,0.08833
2.055e+04,0.08799
2.056e+04,0.08765
2.056e+04,0.08731
2.057e+04,0.08696
2.057e+04,0.0866
2.058e+04,0.08624
2.059e+04,0.08588
2.059e+04,0.08551
2.06e+04,0.08514
2.06e+04,0.08477
2.061e+04,0.08439
2.061e+04,0.084
2.062e+04,0.08361
2.062e+04,0.08322
2.063e+04,0.08282
2.063e+04,0.08242
2.064e+04,0.08202
2.064e+04,0.08161
2.065e+04,0.08119
2.066e+04,0.08078
2.066e+04,0.08035
2.067e+04,0.07993
2.067e+04,0.0795
2.068e+04,0.07906
2.068e+04,0.07863
2.069e+04,0.07818
2.069e+04,0.07774
2.07e+04,0.07729
2.07e+04,0.07683
2.071e+04,0.07638
2.071e+04,0.07591
2.072e+04,0.07545
2.073e+04,0.07498
2.073e+04,0.0745
2.074e+04,0.07403
2.074e+04,0.07355
2.075e+04,0.07306
2.075e+04,0.07257
2.076e+04,0.07208
2.076e+04,0.07159
2.077e+04,0.07109
2.077e+04,0.07058
2.078e+04,0.07008
2.078e+04,0.06957
2.079e+04,0.06905
2.08e+04,0.06854
2.08e+04,0.06802
2.081e+04,0.06749
2.081e+04,0.06697
2.082e+04,0.06644
2.082e+04,0.0659
2.083e+04,0.06536
2.083e+04,0.06482
2.084e+04,0.06428
2.084e+04,0.06373
2.085e+04,0.06318
2.085e+04,0.06263
2.086e+04,0.06207
2.087e+04,0.06151
2.087e+04,0.06095
2.088e+04,0.06038
2.088e+04,0.05981
2.089e+04,0.05924
2.089e+04,0.05866
2.09e+04,0.05808
2.09e+04,0.0575
2.091e+04,0.05692
2.091e+04,0.05633
2.092e+04,0.05574
2.092e+04,0.05515
2.093e+04,0.05455
2.094e+04,0.05396
2.094e+04,0.05335
2.095e+04,0.05275
2.095e+04,0.05214
2.096e+04,0.05153
2.096e+04,0.05092
2.097e+04,0.05031
2.097e+04,0.04969
2.098e+04,0.04907
2.098e+04,0.04845
2.099e+04,0.04783
2.099e+04,0.0472
2.1e+04,0.04657
2.101e+04,0.04594
2.101e+04,0.0453
2.102e+04,0.04467
2.102e+04,0.04403
2.103e+04,0.04339
2.103e+04,0.04275
2.104e+04,0.0421
2.104e+04,0.04145
2.105e+04,0.0408
2.105e+04,0.04015
2.106e+04,0.0395
2.106e+04,0.03884
2.107e+04,0.03819
2.108e+04,0.03753
2.108e+04,0.03687
2.109e+04,0.0362
2.109e+04,0.03554
2.11e+04,0.03487
2.11e+04,0.0342
2.111e+04,0.03353
2.111e+04,0.03286
2.112e+04,0.03219
2.112e+04,0.03151
2.113e+04,0.03083
2.113e+04,0.03016
2.114e+04,0.02948
2.115e+04,0.02879
2.115e+04,0.02811
2.116e+04,0.02743
2.116e+04,0.02674
2.117e+04,0.02605
2.117e+04,0.02537
2.118e+04,0.02468
2.118e+04,0.02398
2.119e+04,0.02329
2.119e+04,0.0226
2.12e+04,0.0219
2.12e+04,0.02121
2.121e+04,0.02051
2.122e+04,0.01981
2.122e+04,0.01912
2.123e+04,0.01842
2.123e+04,0.01772
2.124e+04,0.01701
2.124e+04,0.01631
2.125e+04,0.01561
2.125e+04,0.0149
2.126e+04,0.0142
2.126e+04,0.01349
2.127e+04,0.01279
2.127e+04,0.01208
2.128e+04,0.01137
2.129e+04,0.01067
2.129e+04,0.009957
2.13e+04,0.009248
2.13e+04,0.008538
2.131e+04,0.007828
2.131e+04,0.007118
2.132e+04,0.006407
2.132e+04,0.005696
2.133e+04,0.004985
2.133e+04,0.004273
2.134e+04,0.003561
2.134e+04,0.002849
2.135e+04,0.002137
2.136e+04,0.001425
2.136e+04,0.0007124
2.137e+04,5.188e-08
2.137e+04,-0.0007123
2.138e+04,-0.001425
2.138e+04,-0.002137
2.139e+04,-0.002849
2.139e+04,-0.003561
2.14e+04,-0.004273
2.14e+04,-0.004985
2.141e+04,-0.005696
2.141e+04,-0.006407
2.142e+04,-0.007118
2.143e+04,-0.007828
2.143e+04,-0.008538
2.144e+04,-0.009248
2.144e+04,-0.009957
2.145e+04,-0.01067
2.145e+04,-0.01137
2.146e+04,-0.01208
2.146e+04,-0.01279
2.147e+04,-0.01349
2.147e+04,-0.0142
2.148e+04,-0.0149
2.148e+04,-0.01561
2.149e+04,-0.01631
2.15e+04,-0.01701
2.15e+04,-0.01772
2.151e+04,-0.01842
2.151e+04,-0.01912
2.152e+04,-0.01981
2.152e+04,-0.02051
2.153e+04,-0.02121
2.153e+04,-0.0219
2.154e+04,-0.0226
2.154e+04,-0.02329
2.155e+04,-0.02398
2.155e+04,-0.02468
2.156e+04,-0.02537
2.157e+04,-0.02605
2.157e+04,-0.02674
2.158e+04,-0.02743
2.158e+04,-0.02811
2.159e+04,-0.02879
2.159e+04,-0.02948
2.16e+04,-0.03016
2.16e+04,-0.03083
2.161e+04,-0.03151
2.161e+04,-0.03219
2.162e+04,-0.03286
2.162e+04,-0.03353
2.163e+04,-0.0342
2.164e+04,-0.03487
2.164e+04,-0.03554
2.165e+04,-0.0362
2.165e+04,-0.03687
2.166e+04,-0.03753
2.166e+04,-0.03819
2.167e+04,-0.03884
2.167e+04,-0.0395
2.168e+04,-0.04015
2.168e+04,-0.0408
2.169e+04,-0.04145
2.169e+04,-0.0421
2.17e+04,-0.04275
2.171e+04,-0.04339
2.171e+04,-0.04403
2.172e+04,-0.04467
2.172e+04,-0.0453
2.173e+04,-0.04594
2.173e+04,-0.04657
2.174e+04,-0.0472
2.174e+04,-0.04783
2.175e+04,-0.04845
2.175e+04,-0.04907
2.176e+04,-0.04969
2.176e+04,-0.05031
2.177e+04,-0.05092
2.178e+04,-0.05153
2.178e+04,-0.05214
2.179e+04,-0.05275
2.179e+04,-0.05335
2.18e+04,-0.05395
2.18e+04,-0.05455
2.181e+04,-0.05515
2.181e+04,-0.05574
2.182e+04,-0.05633
2.182e+04,-0.05692
2.183e+04,-0.0575
2.183e+04,-0.05808
2.184e+04,-0.05866
2.185e+04,-0.05924
2.185e+04,-0.05981
2.186e+04,-0.06038
2.186e+04,-0.06095
2.187e+04,-0.06151
2.187e+04,-0.06207
2.188e+04,-0.06263
2.188e+04,-0.06318
2.189e+04,-0.06373
2.189e+04,-0.06428
2.19e+04,-0.06482
2.19e+04,-0.06536
2.191e+04,-0.0659
2.192e+04,-0.06644
2.192e+04,-0.06697
2.193e+04,-0.06749
2.193e+04,-0.06802
2.194e+04,-0.06854
2.194e+04,-0.06905
2.195e+04,-0.06957
2.195e+04,-0.07008
2.196e+04,-0.07058
2.196e+04,-0.07109
2.197e+04,-0.07159
2.197e+04,-0.07208
2.198e+04,-0.07257
2.199e+04,-0.07306
2.199e+04,-0.07355
2.2e+04,-0.07403
2.2e+04,-0.0745
2.201e+04,-0.07498
2.201e+04,-0.07545
2.202e+04,-0.07591
2.202e+04,-0.07638
2.203e+04,-0.07683
2.203e+04,-0.07729
2.204e+04,-0.07774
2.204e+04,-0.07818
