frequency, value
0,-1.189
5.383,-1.183
10.77,-2.373
16.15,-3.055
21.53,-7.84
26.92,-8.37
32.3,17.66
37.68,18.98
43.07,-2.049
48.45,-2.332
53.83,-0.8616
59.22,-1.153
64.6,-0.2987
69.98,-0.8757
75.37,-0.1248
80.75,0.05164
86.13,-0.7243
91.52,-0.9001
96.9,1.526
102.3,0.2568
107.7,1.781
113,2.204
118.4,4.026
123.8,5.385
129.2,-0.822
134.6,-0.3706
140,15.33
145.3,15.17
150.7,-15.19
156.1,-15.04
161.5,0.6662
166.9,1.277
172.3,-0.4335
177.6,-0.3282
183,-1.897
188.4,-2.46
193.8,7.727
199.2,7.994
204.6,-3.429
209.9,-3.227
215.3,-0.4909
220.7,-0.3053
226.1,4.909
231.5,6.518
236.9,-5.983
242.2,-6.47
247.6,1.616
253,1.445
258.4,0.813
263.8,0.6426
269.2,6.505
274.5,6.202
279.9,9.657
285.3,8.863
290.7,-1.833
296.1,0.04651
301.5,-0.4397
306.8,-0.453
312.2,31.22
317.6,28.12
323,-32.22
328.4,-27
333.8,-2.757
339.1,-2.33
344.5,-3.291
349.9,-2.477
355.3,-7.457
360.7,-6.695
366.1,-21.63
371.4,-16.21
376.8,67.67
382.2,55.9
387.6,-5.321
393,-4.954
398.4,-12.33
403.7,-11.26
409.1,15.72
414.5,13.04
419.9,-10.4
425.3,-8.412
430.7,0.6353
436,0.4482
441.4,13.07
446.8,10.1
452.2,-14.7
457.6,-11.75
463,17.58
468.3,13.2
473.7,-1.613
479.1,-1.352
484.5,5.555
489.9,4.817
495.3,0.2538
500.6,-0.2719
506,-6.012
511.4,-4.665
516.8,0.2261
522.2,-0.007505
527.6,10.9
532.9,8.288
538.3,-8.602
543.7,-7.124
549.1,-2.976
554.5,-1.721
559.9,2.047
565.2,1.005
570.6,-7.469
576,-9.264
581.4,13.4
586.8,11.69
592.2,-7.368
597.5,-5.25
602.9,-1.468
608.3,-0.8255
613.7,8.645
619.1,6.687
624.5,-19.63
629.8,-15.51
635.2,21.66
640.6,16.22
646,-4.968
651.4,-3.803
656.8,24.21
662.1,19.63
667.5,-15.29
672.9,-12.58
678.3,-5.932
683.7,-4.658
689.1,-1.587
694.4,-1.149
699.8,7.096
705.2,5.175
710.6,-20.31
716,-15.84
721.4,-1.909
726.7,-2.352
732.1,4.77
737.5,3.67
742.9,-8.722
748.3,-8.05
753.7,14.2
759,11.93
764.4,-5.545
769.8,-4.102
775.2,0.639
780.6,0.9571
786,14.75
791.3,11.74
796.7,-19.87
802.1,-13.69
807.5,41.3
812.9,20.89
818.3,-6.689
823.6,-5.512
829,29.51
834.4,25.34
839.8,-11.23
845.2,-10.45
850.6,-13.38
855.9,-8.92
861.3,-1.555
866.7,-1.128
872.1,23.43
877.5,17.68
882.9,-14.49
888.2,-10.13
893.6,-7.473
899,-5.673
904.4,5.694
909.8,4.561
915.2,-11.72
920.5,-5.643
925.9,34.66
931.3,24.65
936.7,-21.48
942.1,-16.85
947.5,1.784
952.8,0.892
958.2,94.77
963.6,71.35
969,-29.67
974.4,-22.71
979.8,119
985.1,92.51
990.5,-37.6
995.9,-28.21
1001,365.7
1007,272.5
1012,-148.8
1017,-109
1023,-67.71
1028,-49.76
1034,25.87
1039,19.47
1044,47.01
1050,34.28
1055,275
1061,203.1
1066,-287.6
1071,-214.4
1077,-4.69
1082,-3.24
1087,36.23
1093,24.64
1098,-56.77
1104,-40.68
1109,32.13
1114,24.43
1120,-3.209
1125,-1.788
1130,-46.76
1136,-34.39
1141,55.49
1147,41.41
1152,-62.19
1157,-49.2
1163,5.325
1168,3.802
1174,-45.25
1179,-31.97
1184,32.94
1190,22.75
1195,13.52
1200,10.12
1206,0.6659
1211,0.626
1217,-21.37
1222,-15.6
1227,16.04
1233,12.3
1238,14.13
1244,7.977
1249,-5.425
1254,-3.702
1260,-1.012
1265,-1.103
1270,-4.851
1276,-3.259
1281,5.232
1287,4.494
1292,-2.018
1297,-1.185
1303,-19.14
1308,-14.04
1314,-2.265
1319,-1.042
1324,0.573
1330,1.372
1335,-3.463
1340,-2.161
1346,-39.31
1351,-27.77
1357,49.5
1362,34.64
1367,-1.749
1373,-0.8279
1378,1.337
1384,1.031
1389,2.156
1394,0.7785
1400,4.391
1405,2.828
1410,-2.993
1416,-2.976
1421,1.409
1427,0.7251
1432,-4.654
1437,-5.76
1443,9.034
1448,7.163
1453,-2.814
1459,-1.261
1464,0.6838
1470,0.8126
1475,-0.6533
1480,-2.059
1486,-10.02
1491,-5.504
1497,10.2
1502,3.417
1507,-0.5394
1513,-0.08311
1518,-25.98
1523,-15.71
1529,32.36
1534,20.88
1540,-4.768
1545,-2.048
1550,0.2534
1556,0.2024
1561,7.509
1567,4.302
1572,-17.91
1577,-12.36
1583,9.389
1588,6.844
1593,0.706
1599,0.6375
1604,-12.06
1610,-5.306
1615,11.88
1620,5.884
1626,-2.532
1631,-1.537
1637,-1.458
1642,-1.301
1647,-11.36
1653,-8.503
1658,-13.07
1663,-8.07
1669,-8.75
1674,-4.931
1680,1.962
1685,1.508
1690,-35.88
1696,-21.64
1701,6.319
1707,-0.1396
1712,6.065
1717,4.353
1723,-3.472
1728,-2.603
1733,5.275
1739,0.9
1744,-37.44
1750,-28.49
1755,-38.67
1760,-22.76
1766,15.48
1771,9.761
1776,8.952
1782,-1.345
1787,-8.154
1793,-2.088
1798,7.81
1803,4.495
1809,4.409
1814,3.186
1820,4.137
1825,2.295
1830,28.8
1836,20.32
1841,-3.577
1846,-17.78
1852,3.918
1857,2.207
1863,9.991
1868,9.277
1873,-7.851
1879,-7.271
1884,2.212
1890,4.051
1895,1.802
1900,1.38
1906,-0.8612
1911,-6.398
1916,28.75
1922,19.27
1927,-14.05
1933,-24.93
1938,-0.8724
1943,-1.619
1949,-0.6949
1954,-41.49
1960,-2.07
1965,25.77
1970,-2.065
1976,16.05
1981,1.905
1986,8.598
1992,3.76
1997,3.806
2003,6.425
2008,3.5
2013,-13.24
2019,10.46
2024,1.825
2030,2.972
2035,-6.378
2040,1.677
2046,6.282
2051,3.416
2056,0.3002
2062,1.335
2067,1.772
2073,2.533
2078,-1.148
2083,0.2559
2089,16.99
2094,11.62
2099,-11.37
2105,-6.133
2110,-0.8255
2116,0.5518
2121,2.272
2126,7.147
2132,-1.582
2137,-3.995
2143,0.738
2148,0.04465
2153,0.5136
2159,-0.9635
2164,0.2093
2169,0.7114
2175,5.114
2180,-1.928
2186,-25.01
2191,12.99
2196,0.2086
2202,0.9907
2207,-10.79
2213,-11.13
2218,7.213
2223,6.931
2229,2.189
2234,-1.405
2239,0.595
2245,0.4976
2250,-3.33
2256,-1.04
2261,3.607
2266,1.548
2272,0.8789
2277,0.5992
2283,-1.106
2288,-0.6025
2293,-0.1337
2299,-0.5988
2304,-2.493
2309,-1.711
2315,2.482
2320,1.787
2326,-0.7181
2331,-0.02329
2336,-15.53
2342,-9.462
2347,1.195
2353,1.921
2358,-12.67
2363,-11.56
2369,3.962
2374,2.703
2379,-63.25
2385,-37.22
2390,43.1
2396,23.14
2401,10.47
2406,6.011
2412,-1.741
2417,-1.187
2422,-4.813
2428,-1.951
2433,-34.88
2439,-21.41
2444,20.07
2449,14.53
2455,3.619
2460,2.608
2466,-3.595
2471,0.6653
2476,4.193
2482,2.408
2487,-1.407
2492,-0.7991
2498,1.62
2503,1.116
2509,4.487
2514,3.858
2519,2.122
2525,-0.01945
2530,-4.947
2536,-0.5302
2541,0.8948
2546,0.4203
2552,3.75
2557,1.698
2562,-5.688
2568,-3.025
2573,1.26
2579,0.225
2584,0.5731
2589,0.6871
2595,-2.228
2600,-0.1656
2606,5.407
2611,3.625
2616,-5.714
2622,-3.899
2627,-0.3834
2632,0.8955
2638,-0.2891
2643,6.714
2649,-4.598
2654,-5.067
2659,3.642
2665,1.482
2670,0.2891
2676,-0.04245
2681,-6.935
2686,-3.684
2692,5.143
2697,3.523
2702,-7.137
2708,-2.523
2713,0.5861
2719,0.5853
2724,-15.52
2729,-8.286
2735,14.64
2740,7.983
2745,1.467
2751,1.201
2756,-0.2216
2762,0.1002
2767,-2.824
2772,-1.713
2778,-5.715
2783,-3.312
2789,13.83
2794,8.288
2799,-1.544
2805,-0.7533
2810,-3.031
2815,-1.09
2821,0.7919
2826,-0.1225
2832,-1.173
2837,-0.4708
2842,-0.8867
2848,-0.6629
2853,-5.577
2859,-3.604
2864,-1.591
2869,-1.245
2875,-4.969
2880,-0.02091
2885,-0.2824
2891,0.1376
2896,-12.84
2902,-6.932
2907,10.79
2912,5.535
2918,0.9886
2923,0.9602
2929,-1.099
2934,-0.4975
2939,-3.271
2945,-2.113
2950,-6.432
2955,-3.23
2961,12.44
2966,7.666
2972,-1.994
2977,-0.8069
2982,-2.475
2988,2.903
2993,2.009
2998,-1.369
3004,-0.1155
3009,-0.468
3015,-0.5639
3020,-0.6597
3025,3.637
3031,1.91
3036,0.4395
3042,0.5582
3047,7.75
3052,6.233
3058,-2.907
3063,-1.505
3068,20.47
3074,12.22
3079,-4.303
3085,-2.593
3090,-4.521
3095,-2.137
3101,1.706
3106,1.282
3112,-1.608
3117,-1.172
3122,28.56
3128,17.05
3133,11.52
3138,4.597
3144,-9.367
3149,-5.087
3155,-0.8377
3160,-1.002
3165,-0.8667
3171,-0.2291
3176,-2.076
3182,-0.00514
3187,-4.151
3192,-1.972
3198,-9.837
3203,-6.197
3208,-12.69
3214,-6.598
3219,2.951
3225,0.8443
3230,-1.81
3235,-0.9417
3241,-13.31
3246,-6.866
3252,9.893
3257,4.902
3262,0.9515
3268,0.9274
3273,-2.573
3278,-1.205
3284,-5.501
3289,-2.678
3295,-19.38
3300,-9.737
3305,26.19
3311,15.15
3316,-4.026
3321,-1.551
3327,-0.3357
3332,8.954
3338,-7.18
3343,-9.393
3348,3.136
3354,-0.7819
3359,-2.198
3365,-2.492
3370,-10.56
3375,-5.786
3381,3.161
3386,2.606
3391,-4.952
3397,-4.212
3402,-0.7559
3408,-0.5156
3413,-10.15
3418,-6.249
3424,9.216
3429,4.28
3435,1.849
3440,1.148
3445,-1.356
3451,-1.153
3456,-4.719
3461,-2.827
3467,-12.43
3472,-6.439
3478,25.58
3483,15.67
3488,-2.755
3494,-1.901
3499,-2.561
3505,0.6007
3510,-0.3838
3515,-2.636
3521,-0.7859
3526,-0.7846
3531,-1.084
3537,-1.682
3542,-3.7
3548,-2.566
3553,-0.005952
3558,-2.686
3564,-3.218
3569,21.45
3575,-0.809
3580,0.4249
3585,-3.026
3591,-5.016
3596,3.061
3601,3.163
3607,0.1895
3612,-2.462
3618,-0.9218
3623,-0.4801
3628,-0.3944
3634,-0.03758
3639,-4.224
3644,-2.525
3650,8.736
3655,2.749
3661,-0.9646
3666,-0.8074
3671,-3.734
3677,-7.283
3682,7.798
3688,6.234
3693,-3.805
3698,-0.6931
3704,-0.7873
3709,0.4612
3714,13.11
3720,6.697
3725,-9.014
3731,-3.377
3736,25.75
3741,7.863
3747,-7.742
3752,-3.888
3758,41.96
3763,22.12
3768,0.4993
3774,-1.384
3779,-9.274
3784,-5.452
3790,5.015
3795,2.388
3801,8.369
3806,5.026
3811,41.42
3817,20.57
3822,-53.03
3828,-26.02
3833,0.6919
3838,0.6309
3844,6.33
3849,5.153
3854,-10.54
3860,-6.181
3865,6.428
3871,2.392
3876,-0.4207
3881,-0.4784
3887,-9.509
3892,-3.824
3898,11.52
3903,5.57
3908,-13.68
3914,-6.392
3919,0.8325
3924,0.4402
3930,-10.68
3935,-6.058
3941,8.58
3946,4.641
3951,3.122
3957,1.335
3962,-0.3334
3967,-0.1201
3973,-5.972
3978,-3.148
3984,-0.1322
3989,-0.05025
3994,10.24
4000,5.11
4005,-2.238
4011,-1.027
4016,-1.315
4021,-0.4705
4027,0.03516
4032,-0.1187
4037,1.155
4043,0.8161
4048,-1.282
4054,-0.5621
4059,-5.293
4064,-2.805
4070,-2.645
4075,-1.066
4081,4.215
4086,1.003
4091,-2.222
4097,-1.102
4102,-7.964
4107,-4.542
4113,13.5
4118,7.339
4124,-0.8535
4129,-0.4749
4134,-0.3838
4140,-0.1655
4145,-0.8414
4151,-0.3122
4156,-6.076
4161,-3.725
4167,12.67
4172,7.395
4177,-0.7692
4183,-0.2343
4188,-3.672
4194,-1.037
4199,4.135
4204,1.813
4210,-1.555
4215,-1.186
4221,-0.3899
4226,-0.3051
4231,-0.739
4237,0.3036
4242,-3.226
4247,-2.051
4253,2.928
4258,-1.603
4264,-1.014
4269,-0.8548
4274,-3.902
4280,-2.997
4285,5.323
4290,2.694
4296,-0.6562
4301,-0.3145
4307,-0.7632
4312,-0.4789
4317,-0.4426
4323,-0.5913
4328,-3.568
4334,-2.256
4339,7.534
4344,4.72
4350,-1.273
4355,-0.7411
4360,-0.4336
4366,0.9892
4371,-0.5238
4377,-1.512
4382,0.1657
4387,0.1646
4393,-0.4707
4398,-0.3548
4404,3.166
4409,1.372
4414,4.464
4420,3.059
4425,1.657
4430,0.5777
4436,-1.837
4441,-0.9294
4447,31.07
4452,18.54
4457,-31.67
4463,-19.51
4468,-4.66
4474,-2.567
4479,-2.872
4484,-1.606
4490,-7.338
4495,-4.369
4500,-8.567
4506,-5.819
4511,62.67
4517,36.05
4522,-7.481
4527,-3.907
4533,-11.73
4538,-7.324
4544,15.12
4549,9.622
4554,-9.487
4560,-5.037
4565,-0.4244
4570,0.1991
4576,7.179
4581,4.748
4587,-16.45
4592,-9.437
4597,13.15
4603,3.511
4608,-1.186
4613,-0.9039
4619,-4.276
4624,-2.362
4630,7.366
4635,3.946
4640,-3.962
4646,-2.095
4651,0.1344
4657,0.5678
4662,6.369
4667,3.705
4673,-8.607
4678,-3.936
4683,-0.3032
4689,-3.801
4694,0.7733
4700,1.83
4705,-5.515
4710,1.744
4716,4.599
4721,1.795
4727,-1.955
4732,-1.08
4737,-0.922
4743,-0.6677
4748,-3.303
4753,-1.149
4759,-5.876
4764,-2.794
4770,1.372
4775,3.122
4780,-0.788
4786,-0.4226
4791,-6.875
4797,-3.186
4802,6.518
4807,2.999
4813,-0.163
4818,0.01098
4823,-0.1575
4829,-0.1353
4834,0.2745
4840,0.5252
4845,-4.086
4850,-2.165
4856,0.6061
4861,0.3299
4867,0.3224
4872,0.2465
4877,-1.074
4883,-0.131
4888,-0.476
4893,-0.609
4899,-0.1747
4904,0.07815
4910,-0.2659
4915,-0.2472
4920,-3.563
4926,-2.265
4931,0.4443
4936,-0.1585
4942,-5.342
4947,1.879
4953,0.61
4958,0.5907
4963,-7.321
4969,-3.651
4974,4.21
4980,1.879
4985,1.776
4990,0.7176
4996,-0.338
5001,-0.1745
5006,-3.533
5012,-1.824
5017,-2.356
5023,-1.24
5028,5.61
5033,2.706
5039,-1.208
5044,-0.6074
5050,0.3899
5055,0.4644
5060,-2.859
5066,-2.138
5071,1.784
5076,1.111
5082,-0.57
5087,-0.198
5093,-8.207
5098,-4.344
5103,0.6864
5109,1.084
5114,-6.547
5120,-4.682
5125,1.945
5130,1.21
5136,-29.7
5141,-13.71
5146,19.25
5152,6.938
5157,4.838
5163,2.322
5168,-1.067
5173,-0.6881
5179,-1.993
5184,-1.016
5190,-17.19
5195,-8.639
5200,9.897
5206,5.935
5211,1.646
5216,0.768
5222,-1.288
5227,-0.3892
5233,1.545
5238,0.9593
5243,-0.7831
5249,-0.3562
5254,0.5699
5259,0.3142
5265,1.931
5270,1.135
5276,0.4288
5281,-0.2122
5286,0.1668
5292,-0.1989
5297,0.3132
5303,0.04634
5308,1.964
5313,0.9988
5319,-2.634
5324,-1.316
5329,0.3158
5335,0.1427
5340,0.05736
5346,0.1494
5351,-0.6788
5356,-0.219
5362,1.432
5367,0.7146
5373,-0.8751
5378,-1.343
5383,-0.3231
5389,0.2081
5394,1.092
5399,1.188
5405,-3.279
5410,-1.278
5416,1.126
5421,0.9643
5426,-0.1061
5432,0.1454
5437,-3.041
5443,-1.254
5448,3.205
5453,1.552
5459,-4.437
5464,-0.869
5469,0.4964
5475,0.418
5480,-6.568
5486,-2.445
5491,5.178
5496,1.807
5502,1.081
5507,0.7122
5512,-0.2226
5518,-0.001769
5523,-1.909
5529,-1.19
5534,-2.133
5539,-1.132
5545,8.093
5550,3.507
5556,-1.311
5561,-0.6187
5566,-0.7399
5572,-0.5495
5577,-0.9119
5582,-0.8185
5588,0.137
5593,0.1671
5599,-0.4593
5604,-0.361
5609,-3.324
5615,-2.229
5620,1.449
5626,0.6808
5631,-4.309
5636,1.196
5642,0.237
5647,0.5553
5652,-4.205
5658,-0.8025
5663,2.559
5669,0.3423
5674,1.122
5679,1.006
5685,-0.3377
5690,0.0112
5696,-2.015
5701,-1.358
5706,0.9122
5712,0.7715
5717,3.191
5722,1.103
5728,-0.9028
5733,-0.01026
5739,-1.326
5744,2.308
5749,2.041
5755,-0.7452
5760,-0.4112
5766,-0.1213
5771,0.09697
5776,-0.1543
5782,3.208
5787,1.087
5792,-0.7824
5798,-0.1816
5803,6.434
5809,4.035
5814,-1.606
5819,-0.5083
5825,3.291
5830,1.129
5835,12.67
5841,5.369
5846,-1.768
5852,-0.2958
5857,2.874
5862,1.33
5868,2.2
5873,0.3803
5879,27.05
5884,11.23
5889,-17.02
5895,-9.356
5900,-4.077
5905,-1.527
5911,4.439
5916,0.6599
5922,-6.687
5927,-2.803
5932,2.214
5938,1.643
5943,-2.589
5949,-0.8683
5954,-9.196
5959,-4.533
5965,-1.543
5970,0.6821
5975,-3.43
5981,-2.532
5986,-0.5636
5992,-0.05749
5997,-7.472
6002,-2.161
6008,3.59
6013,0.5362
6019,2.19
6024,1.262
6029,-1.558
6035,-0.7139
6040,-6.194
6045,-2.711
6051,-6.69
6056,-1.846
6062,14.79
6067,6.759
6072,-2.891
6078,-1.671
6083,1.685
6089,0.8643
6094,-6.87
6099,-4.391
6105,3.701
6110,0.6548
6115,-0.5691
6121,-0.473
6126,-6.513
6132,-2.97
6137,6.829
6142,3.254
6148,-6.344
6153,-5.597
6158,0.5924
6164,0.4224
6169,-9.126
6175,-4.096
6180,8.257
6185,2.532
6191,2.19
6196,0.98
6202,-0.384
6207,-0.184
6212,-4.42
6218,-2.494
6223,-2.728
6228,-0.02838
6234,18.54
6239,5.1
6245,-3.056
6250,-1.551
6255,-0.5241
6261,-2.046
6266,-1.664
6272,-0.372
6277,0.2899
6282,0.8053
6288,-0.9097
6293,0.01211
6298,-5.416
6304,-3.531
6309,2.353
6315,3.385
6320,-6.383
6325,-4.802
6331,0.351
6336,0.9788
6342,-12.8
6347,-0.6325
6352,12.55
6358,2.123
6363,1.362
6368,2.184
6374,-0.6567
6379,0.08502
6385,-3.079
6390,-2.11
6395,-5.503
6401,-0.2096
6406,17.7
6412,4.972
6417,-2.812
6422,-0.405
6428,-8.967
6433,0.9088
6438,13.79
6444,2.005
6449,-3.345
6455,-0.3828
6460,-2.652
6465,-1.048
6471,-2.763
6476,-2.751
6481,-20.32
6487,-5.706
6492,28.65
6498,8.206
6503,-6.22
6508,-0.9965
6514,-78.55
6519,-32.91
6525,125.5
6530,42.75
6535,8.303
6541,4.6
6546,6.055
6551,1.428
6557,7.3
6562,0.4655
6568,-23.56
6573,-13.64
6578,-39.65
6584,-7.068
6589,12.7
6595,4.165
6600,3.253
6605,-1.148
6611,-4.822
6616,-0.09608
6621,1.625
6627,0.6503
6632,4.075
6638,1.597
6643,7.587
6648,2.381
6654,12.03
6659,3.563
6665,-7.053
6670,-2.647
6675,3.029
6681,1.03
6686,8.771
6691,4.895
6697,-13.54
6702,-5.971
6708,1.341
6713,0.9987
6718,1.359
6724,0.5856
6729,-0.3863
6735,-0.2628
6740,10.72
6745,3.981
6751,-13.9
6756,-6.197
6761,0.8805
6767,0.5083
6772,4.86
6778,1.77
6783,-9.291
6788,-3.065
6794,2.256
6799,1.359
6804,0.5088
6810,0.2981
6815,-5.508
6821,-2.035
6826,6.273
6831,2.332
6837,-10.93
6842,-1.803
6848,1.672
6853,0.7876
6858,-11.2
6864,-3.49
6869,5.978
6874,1.47
6880,1.276
6885,0.8393
6891,0.004794
6896,-0.02277
6901,-0.3032
6907,-0.7097
6912,-2.13
6918,-1.259
6923,-0.8426
6928,0.08787
6934,0.441
6939,-0.0948
6944,-0.3422
6950,-1.323
6955,-0.8068
6961,-0.3228
6966,-0.4527
6971,0.3408
6977,-0.1377
6982,-0.1225
6988,-2.514
6993,-2.685
6998,-1.632
7004,-0.3983
7009,-4.587
7014,3.748
7020,-0.06764
7025,0.5873
7031,-7.898
7036,-1.477
7041,4.616
7047,1.007
7052,0.5625
7058,0.7878
7063,-0.8917
7068,-0.3693
7074,-2.235
7079,-1.304
7084,-10.01
7090,-4.291
7095,9.667
7101,5.052
7106,-1.446
7111,-0.6522
7117,-1.101
7122,1.482
7127,-5.101
7133,-3.919
7138,1.797
7144,0.7227
7149,-1.067
7154,-0.7187
7160,-8.377
7165,-4
7171,1.443
7176,1.284
7181,-10.84
7187,-4.472
7192,1.039
7197,0.4721
7203,-0.8235
7208,1.547
7214,-21.96
7219,-12.88
7224,1.058
7230,0.3679
7235,-4.328
7241,-2.393
7246,-1.886
7251,-1.345
7257,-32.81
7262,-16.76
7267,13.61
7273,10.98
7278,6.263
7284,2.567
7289,-2.354
7294,-1.261
7300,4.446
7305,2.659
7311,-0.3064
7316,-0.7073
7321,3.13
7327,1.443
7332,7.729
7337,4.134
7343,9.043
7348,3.397
7354,-1.461
7359,6.342
7364,1.489
7370,0.969
7375,5.881
7381,2.724
7386,-3.545
7391,-1.165
7397,-0.2046
7402,-1.109
7407,1.609
7413,0.3563
7418,1.912
7424,3.027
7429,13.27
7434,5.153
7440,-14.64
7445,-0.2781
7450,1.413
7456,-0.3726
7461,-2.655
7467,3.362
7472,3.699
7477,-3.864
7483,0.2781
7488,-4.774
7494,1.597
7499,-1.023
7504,2.982
7510,0.3134
7515,1.33
7520,-0.6953
7526,-0.3008
7531,-7.85
7537,0.8724
7542,-0.1041
7547,-1.006
7553,-2.426
7558,1.505
7564,0.8773
7569,0.09958
7574,-0.5282
7580,0.8805
7585,0.07868
7590,0.4967
7596,-0.2426
7601,7.147
7607,2.453
7612,-6.616
7617,-4.593
7623,0.07416
7628,0.04201
7634,1.321
7639,-0.7056
7644,-0.9762
7650,0.2373
7655,0.7111
7660,-0.272
7666,0.1078
7671,0.3629
7677,-1.091
7682,1.136
7687,1.56
7693,1.738
7698,0.1709
7704,-17.16
7709,0.9403
7714,-0.7509
7720,-3.573
7725,-1.731
7730,2.509
7736,-0.2695
7741,0.7367
7747,1.089
7752,0.2919
7757,-0.002888
7763,-1.553
7768,-1.245
7773,1.373
7779,1.071
7784,0.4942
7790,-0.8263
7795,-0.4238
7800,-0.3305
7806,0.3615
7811,0.7709
7817,-2.055
7822,-2.182
7827,1.632
7833,0.7465
7838,-0.1408
7843,-0.2256
7849,-7.155
7854,-4.082
7860,1.541
7865,1.45
7870,-8.017
7876,-3.428
7881,2.088
7887,1.319
7892,-28.25
7897,-11.65
7903,17.17
7908,4.668
7913,4.73
7919,2.449
7924,-1.132
7930,-0.6645
7935,-2.001
7940,-2.196
7946,-17.36
7951,-8.16
7957,11.7
7962,5.299
7967,1.785
7973,0.2686
7978,-0.3812
7983,-3.385
7989,1.658
7994,1.911
8000,-0.8198
8005,-0.2885
8010,0.7308
8016,0.366
8021,2.574
8027,0.3806
8032,0.5417
8037,0.7708
8043,0.2294
8048,-4.339
8053,0.4101
8059,0.05018
8064,1.545
8070,1.699
8075,-2.556
8080,-1.945
8086,0.2201
8091,0.8088
8096,0.2475
8102,-0.03397
8107,-0.4957
8113,-1.502
8118,2.165
8123,0.6655
8129,-1.164
8134,-1.933
8140,0.0116
8145,-0.706
8150,3.723
8156,-5.627
8161,-4.338
8166,1.228
8172,0.9304
8177,2.158
8183,-0.3264
8188,0.4677
8193,-3.658
8199,-1.991
8204,2.863
8210,1.062
8215,-3.275
8220,-1.906
8226,0.184
8231,0.1944
8236,-7.512
8242,-3.802
8247,7.303
8253,2.986
8258,0.8969
8263,0.4758
8269,-0.1769
8274,-0.3256
8280,-1.712
8285,-1.379
8290,-4.132
8296,-2.554
8301,9.399
8306,5.125
8312,-1.01
8317,-0.841
8323,-2.232
8328,-1.339
8333,0.8895
8339,-0.5219
8344,-0.2718
8350,-0.3474
8355,-0.3237
8360,-0.5789
8366,-3.238
8371,-2.738
8376,-0.1101
8382,-0.05941
8387,-5.745
8393,4.119
8398,-0.334
8403,0.4865
8409,-5.135
8414,-1.979
8419,4.029
8425,1.488
8430,1.024
8436,0.6464
8441,-0.6817
8446,-0.3401
8452,-1.991
8457,-1.846
8463,-2.142
8468,-1.177
8473,6.989
8479,3.027
8484,-1.255
8489,-0.6573
8495,0.2484
8500,-0.9161
8506,0.08131
8511,0.09112
8516,-0.477
8522,0.6079
8527,-0.3334
8533,-0.05349
8538,3.13
8543,1.359
8549,1.119
8554,0.8145
8559,5.707
8565,2.414
8570,-1.814
8576,-0.8932
8581,14.37
8586,6.663
8592,-2.274
8597,-1.408
8603,-2.844
8608,-1.371
8613,1.333
8619,0.4098
8624,-1.007
8629,-0.6168
8635,18.85
8640,8.952
8646,7.449
8651,3.557
8656,-6.136
8662,-3.061
8667,-1.096
8672,-0.08111
8678,-0.1314
8683,-0.9504
8689,-1.384
8694,-0.3439
8699,-2.486
8705,-1.274
8710,-5.641
8716,-3.554
8721,-7.521
8726,-2.969
8732,-0.1615
8737,4.136
8742,-1.29
8748,-0.3028
8753,-7.677
8759,-3.341
8764,5.343
8769,2.234
8775,0.4709
8780,0.09465
8786,-1.715
8791,-1.052
8796,-3.818
8802,-0.819
8807,-11.34
8812,-5.231
8818,14.72
8823,11.54
8829,-3.122
8834,-1.766
8839,-7.993
8845,5.765
8850,0.3366
8856,-7.665
8861,4.057
8866,-2.681
8872,0.02696
8877,-2.115
8882,-5.391
8888,-3.411
8893,1.439
8899,1.352
8904,-1.219
8909,-5.715
8915,-0.2444
8920,-0.4602
8926,-3.116
8931,-3.486
8936,4.263
8942,1.42
8947,0.8801
8952,0.5033
8958,-0.3263
8963,-0.8876
8969,-2.795
8974,-2.466
8979,-6.424
8985,-2.918
8990,12.7
8995,6.773
9001,-1.406
9006,-1.808
9012,-3.878
9017,-3.929
9022,2.621
9028,0.0349
9033,-0.06892
9039,0.7035
9044,0.4098
9049,-0.6087
9055,-0.9823
9060,-5.211
9065,2.014
9071,0.3709
9076,-16.84
9082,28.9
9087,-1.121
9092,2.476
9098,3.942
9103,3.445
9109,0.1519
9114,1.109
9119,1.582
9125,-0.9942
9130,-0.3174
9135,0.2342
9141,1.331
9146,0.2853
9152,-1.552
9157,-1.088
9162,5.612
9168,0.05759
9173,0.3281
9179,0.6648
9184,2.092
9189,-4.294
9195,6.096
9200,6.224
9205,-4.815
9211,0.3341
9216,-1.21
9222,0.7811
9227,12.59
9232,6.747
9238,-9.609
9243,-3.318
9249,28.15
9254,6.129
9259,-6.591
9265,-2.882
9270,31.3
9275,14.38
9281,7.828
9286,1.52
9292,-6.54
9297,-3.815
9302,4.708
9308,1.762
9313,6.452
9318,3.307
9324,31.98
9329,12.96
9335,-43.67
9340,-16.5
9345,1.157
9351,0.6742
9356,3.409
9362,4.151
9367,-7.275
9372,-5.188
9378,5.568
9383,1.019
9388,0.4679
9394,-0.6054
9399,-6.385
9405,-2.516
9410,9.869
9415,3.767
9421,-10.23
9426,-1.79
9432,1.078
9437,0.7718
9442,-5.065
9448,-1.963
9453,3.297
9458,1.453
9464,2.552
9469,1.603
9475,0.1763
9480,0.1611
9485,-3.589
9491,-2.561
9496,3.672
9502,1.627
9507,2.859
9512,0.5866
9518,-1.022
9523,-0.4981
9528,2.726
9534,-1.539
9539,-2.953
9545,0.355
9550,0.8193
9555,1.763
9561,-0.7121
9566,0.1548
9572,-3.838
9577,-1.821
9582,1.238
9588,0.3606
9593,0.6402
9598,0.3858
9604,-0.6051
9609,-0.2221
9615,-7.117
9620,-3.634
9625,9.423
9631,4.87
9636,0.3324
9641,0.1406
9647,-0.03513
9652,-0.007115
9658,-1.447
9663,-0.878
9668,-0.4966
9674,-1.283
9679,8.702
9685,5.418
9690,-1.391
9695,-0.5775
9701,-1.714
9706,-0.2351
9711,1.466
9717,0.09302
9722,0.09979
9728,-0.5454
9733,-0.2376
9738,-0.4683
9744,-1.745
9749,-0.7939
9755,0.4469
9760,-0.5411
9765,2.322
9771,2.354
9776,-0.05171
9781,0.03011
9787,-1.206
9792,-0.877
9798,2.611
9803,1.223
9808,-0.06099
9814,0.2268
9819,-0.07078
9825,-0.0009141
9830,0.1553
9835,-0.5701
9841,4.248
9846,1.362
9851,0.534
9857,0.7176
9862,-0.5199
9868,-0.01053
9873,-0.9161
9878,1.735
9884,3.82
9889,0.2881
9895,-1.278
9900,-0.2405
9905,0.4607
9911,0.0326
9916,8.223
9921,3.467
9927,1.323
9932,1.335
9938,10.27
9943,5.108
9948,-2.548
9954,-1.097
9959,19.52
9964,12.28
9970,3.175
9975,-3.611
9981,-4.47
9986,-2.091
9991,2.606
9997,0.8014
1e+04,-1.286
1.001e+04,-2.426
1.001e+04,31.15
1.002e+04,10.85
1.002e+04,21.49
1.003e+04,15.92
1.003e+04,-11.03
1.004e+04,-5.437
1.005e+04,-1.868
1.005e+04,-4.827
1.006e+04,2.552
1.006e+04,3.947
1.007e+04,-5.041
1.007e+04,-3.053
1.008e+04,-3.789
1.008e+04,-1.411
1.009e+04,-4.614
1.009e+04,-1.329
1.01e+04,-18.69
1.01e+04,-9.12
1.011e+04,13.09
1.012e+04,0.5224
1.012e+04,-2.033
1.013e+04,-1.151
1.013e+04,-10.71
1.014e+04,-3.933
1.014e+04,9
1.015e+04,3.717
1.015e+04,-2.42
1.016e+04,-0.5125
1.016e+04,-1.904
1.017e+04,-0.5144
1.017e+04,1.938
1.018e+04,-0.1344
1.019e+04,-18.97
1.019e+04,-8.368
1.02e+04,19.51
1.02e+04,2.561
1.021e+04,-1.6
1.021e+04,-0.2497
1.022e+04,5.6
1.022e+04,-6.173
1.023e+04,-7.433
1.023e+04,3.464
1.024e+04,-3.149
1.024e+04,2.546
1.025e+04,-3.139
1.026e+04,0.1899
1.026e+04,-7.067
1.027e+04,-2.69
1.027e+04,-2.056
1.028e+04,-1.468
1.028e+04,-5.076
1.029e+04,3.008
1.029e+04,-0.8575
1.03e+04,-0.06929
1.03e+04,-6.888
1.031e+04,-2.089
1.031e+04,3.786
1.032e+04,1.721
1.033e+04,0.6107
1.033e+04,0.4744
1.034e+04,-1.034
1.034e+04,-0.2262
1.035e+04,-1.678
1.035e+04,-0.282
1.036e+04,-8.001
1.036e+04,-3.744
1.037e+04,7.846
1.037e+04,3.448
1.038e+04,-0.7395
1.038e+04,0.002316
1.039e+04,-1.758
1.04e+04,0.4545
1.04e+04,-1.177
1.041e+04,-1.248
1.041e+04,0.1243
1.042e+04,-0.06372
1.042e+04,-0.3546
1.043e+04,-0.4294
1.043e+04,-3.478
1.044e+04,-1.565
1.044e+04,1.802
1.045e+04,-0.2337
1.045e+04,-5.455
1.046e+04,2.05
1.047e+04,0.543
1.047e+04,0.3584
1.048e+04,-1.455
1.048e+04,-1.838
1.049e+04,-1.167
1.049e+04,-0.2128
1.05e+04,1.99
1.05e+04,0.5432
1.051e+04,-0.3303
1.051e+04,-0.1819
1.052e+04,-3.329
1.052e+04,-1.599
1.053e+04,-0.4184
1.054e+04,-0.4863
1.054e+04,2.82
1.055e+04,1.381
1.055e+04,-0.8167
1.056e+04,-0.4442
1.056e+04,1.582
1.057e+04,0.865
1.057e+04,-3.816
1.058e+04,-2.446
1.058e+04,1.742
1.059e+04,0.9872
1.059e+04,-0.1911
1.06e+04,-0.05344
1.061e+04,-5.021
1.061e+04,-2.856
1.062e+04,2.114
1.062e+04,1.588
1.063e+04,-5.796
1.063e+04,-3.906
1.064e+04,1.524
1.064e+04,0.9637
1.065e+04,-14.04
1.065e+04,-6.371
1.066e+04,5.612
1.066e+04,0.9515
1.067e+04,2.611
1.068e+04,1.298
1.068e+04,-1.024
1.069e+04,-0.5895
1.069e+04,-1.568
1.07e+04,-0.903
1.07e+04,-10.27
1.071e+04,-5.132
1.071e+04,8.209
1.072e+04,4.288
1.072e+04,0.5274
1.073e+04,0.2138
1.073e+04,-0.8708
1.074e+04,-0.8044
1.075e+04,0.9278
1.075e+04,0.8271
1.076e+04,-0.6226
1.076e+04,-0.1898
1.077e+04,0.1717
1.077e+04,0.1634
1.078e+04,0.9532
1.078e+04,0.461
1.079e+04,-0.0435
1.079e+04,-0.165
1.08e+04,1.546
1.08e+04,-0.8811
1.081e+04,0.1322
1.082e+04,-0.06918
1.082e+04,1.071
1.083e+04,0.7038
1.083e+04,-1.271
1.084e+04,-0.8065
1.084e+04,0.004636
1.085e+04,0.1507
1.085e+04,-0.09858
1.086e+04,0.02344
1.086e+04,-0.1426
1.087e+04,-0.2849
1.087e+04,0.3256
1.088e+04,0.0765
1.089e+04,0.7808
1.089e+04,-0.833
1.09e+04,-0.3008
1.09e+04,-0.0223
1.091e+04,1.469
1.091e+04,-0.7677
1.092e+04,-2.462
1.092e+04,0.01249
1.093e+04,-0.03394
1.093e+04,0.7785
1.094e+04,-0.2898
1.094e+04,0.1868
1.095e+04,-1.377
1.096e+04,-0.621
1.096e+04,1.795
1.097e+04,0.7051
1.097e+04,-2.802
1.098e+04,-0.3218
1.098e+04,0.2225
1.099e+04,0.2528
1.099e+04,-2.953
1.1e+04,-0.8932
1.1e+04,2.028
1.101e+04,0.3428
1.101e+04,0.5354
1.102e+04,0.3965
1.102e+04,-0.1574
1.103e+04,-0.04609
1.104e+04,-0.8183
1.104e+04,-0.7626
1.105e+04,-0.5785
1.105e+04,-0.5621
1.106e+04,3.952
1.106e+04,1.216
1.107e+04,-0.686
1.107e+04,-0.4049
1.108e+04,0.1004
1.108e+04,-0.8647
1.109e+04,-0.5884
1.109e+04,-0.3512
1.11e+04,0.2729
1.111e+04,0.2816
1.111e+04,-0.1231
1.112e+04,-0.09953
1.112e+04,-1.298
1.113e+04,-1.52
1.113e+04,1.084
1.114e+04,0.8979
1.114e+04,-3.063
1.115e+04,0.3793
1.115e+04,0.04395
1.116e+04,0.4367
1.116e+04,-1.911
1.117e+04,0.5121
1.118e+04,0.9941
1.118e+04,-0.5245
1.119e+04,0.3676
1.119e+04,0.7402
1.12e+04,-0.1405
1.12e+04,0.008264
1.121e+04,-0.5582
1.121e+04,-0.8664
1.122e+04,1.112
1.122e+04,0.5027
1.123e+04,0.9618
1.123e+04,0.127
1.124e+04,-0.4907
1.125e+04,-0.06301
1.125e+04,-1.432
1.126e+04,0.5123
1.126e+04,1.643
1.127e+04,-0.3715
1.127e+04,-0.5026
1.128e+04,0.1951
1.128e+04,0.1257
1.129e+04,-0.02289
1.129e+04,1.525
1.13e+04,0.008898
1.13e+04,-0.9189
1.131e+04,-0.031
1.132e+04,2.907
1.132e+04,1.028
1.133e+04,-0.7122
1.133e+04,-0.1205
1.134e+04,-1.301
1.134e+04,-1.012
1.135e+04,9.631
1.135e+04,3.065
1.136e+04,-0.5893
1.136e+04,0.01547
1.137e+04,1.697
1.137e+04,0.4598
1.138e+04,2.19
1.139e+04,0.3823
1.139e+04,14.36
1.14e+04,3.984
1.14e+04,-13.81
1.141e+04,-6.206
1.141e+04,-1.169
1.142e+04,-0.2168
1.142e+04,4.062
1.143e+04,0.5709
1.143e+04,-4.587
1.144e+04,-1.896
1.144e+04,2.005
1.145e+04,0.799
1.146e+04,-1.08
1.146e+04,-0.3165
1.147e+04,-4.678
1.147e+04,-1.875
1.148e+04,0.7558
1.148e+04,1.714
1.149e+04,-2.471
1.149e+04,-1.372
1.15e+04,-0.111
1.15e+04,0.1666
1.151e+04,-3.555
1.151e+04,-0.4078
1.152e+04,1.297
1.153e+04,-0.4729
1.153e+04,1.309
1.154e+04,0.5764
1.154e+04,-0.5443
1.155e+04,-0.3965
1.155e+04,-3.239
1.156e+04,-1.468
1.156e+04,-1.227
1.157e+04,0.3058
1.157e+04,5.77
1.158e+04,2.111
1.158e+04,-0.9191
1.159e+04,-1.183
1.16e+04,4.308
1.16e+04,-2.996
1.161e+04,-4.938
1.161e+04,-0.7601
1.162e+04,1.804
1.162e+04,0.9549
1.163e+04,-0.2397
1.163e+04,0.3507
1.164e+04,-2.868
1.164e+04,-1.127
1.165e+04,4.97
1.165e+04,2.024
1.166e+04,-3.471
1.167e+04,-3.902
1.167e+04,0.6851
1.168e+04,0.5563
1.168e+04,-5.56
1.169e+04,-1.642
1.169e+04,4.715
1.17e+04,0.4855
1.17e+04,1.495
1.171e+04,0.5455
1.171e+04,-0.02372
1.172e+04,0.1525
1.172e+04,-2.281
1.173e+04,-1.225
1.174e+04,1.349
1.174e+04,1.885
1.175e+04,8.977
1.175e+04,-1.055
1.176e+04,-1.819
1.176e+04,-0.6966
1.177e+04,1.841
1.177e+04,-1.788
1.178e+04,-2.816
1.178e+04,0.1287
1.179e+04,0.5188
1.179e+04,1.137
1.18e+04,-0.8861
1.181e+04,0.5719
1.181e+04,-3.863
1.182e+04,-2.211
1.182e+04,1.44
1.183e+04,4.219
1.183e+04,3.659
1.184e+04,-9.979
1.184e+04,1.099
1.185e+04,0.9097
1.185e+04,-11.37
1.186e+04,2.777
1.186e+04,8.982
1.187e+04,-1.706
1.188e+04,0.5793
1.188e+04,2.748
1.189e+04,-0.173
1.189e+04,0.3057
1.19e+04,-3.411
1.19e+04,-2.149
1.191e+04,-1.721
1.191e+04,2.234
1.192e+04,9.49
1.192e+04,0.222
1.193e+04,-2.248
1.193e+04,0.0831
1.194e+04,-6.493
1.195e+04,4.13
1.195e+04,5.209
1.196e+04,-3.727
1.196e+04,0.9464
1.197e+04,1.401
1.197e+04,-1.216
1.198e+04,-0.405
1.198e+04,-12.12
1.199e+04,-6.206
1.199e+04,-7.386
1.2e+04,1.607
1.2e+04,-0.7602
1.201e+04,-5.502
1.202e+04,0.9899
1.202e+04,2.479
1.203e+04,-87.57
1.203e+04,-26.47
1.204e+04,87.92
1.204e+04,12.86
1.205e+04,12.57
1.205e+04,5.222
1.206e+04,0.05673
1.206e+04,-1.602
1.207e+04,-1.16
1.207e+04,-3.789
1.208e+04,-48.99
1.209e+04,-19.76
1.209e+04,16.05
1.21e+04,18.07
1.21e+04,8.063
1.211e+04,0.6566
1.211e+04,-1.053
1.212e+04,-3.795
1.212e+04,4.096
1.213e+04,3.914
1.213e+04,-4.209
1.214e+04,-1.628
1.214e+04,2.571
1.215e+04,0.5057
1.216e+04,11.85
1.216e+04,2.619
1.217e+04,-1.23
1.217e+04,-2.474
1.218e+04,8.085
1.218e+04,2.66
1.219e+04,1.217
1.219e+04,-0.07179
1.22e+04,11.7
1.22e+04,4.598
1.221e+04,-12.99
1.221e+04,-3.826
1.222e+04,-1.635
1.223e+04,-0.159
1.223e+04,0.7047
1.224e+04,0.03554
1.224e+04,3.506
1.225e+04,0.7343
1.225e+04,4.381
1.226e+04,-0.05435
1.226e+04,-10.09
1.227e+04,-2.801
1.227e+04,1.425
1.228e+04,0.1565
1.228e+04,4.877
1.229e+04,-2.101
1.23e+04,-6.525
1.23e+04,0.6178
1.231e+04,-0.1448
1.231e+04,0.7917
1.232e+04,0.454
1.232e+04,0.43
1.233e+04,-0.2079
1.233e+04,0.3584
1.234e+04,4.992
1.234e+04,0.7128
1.235e+04,-9.483
1.235e+04,-0.1382
1.236e+04,1.738
1.237e+04,0.5047
1.237e+04,-1.209
1.238e+04,1.272
1.238e+04,-4.64
1.239e+04,-2.785
1.239e+04,1.096
1.24e+04,0.4843
1.24e+04,-0.3066
1.241e+04,-0.2188
1.241e+04,-0.167
1.242e+04,-0.9061
1.242e+04,-1.977
1.243e+04,-1.181
1.244e+04,1.145
1.244e+04,0.6635
1.245e+04,0.1388
1.245e+04,-0.4532
1.246e+04,3.005
1.246e+04,-1.297
1.247e+04,-3.494
1.247e+04,-0.7726
1.248e+04,-0.1749
1.248e+04,0.3537
1.249e+04,-0.5328
1.249e+04,-0.2369
1.25e+04,-0.7364
1.251e+04,-2.21
1.251e+04,0.1287
1.252e+04,0.9008
1.252e+04,-4.252
1.253e+04,4.361
1.253e+04,-0.1733
1.254e+04,0.7581
1.254e+04,-2.406
1.255e+04,2.28
1.255e+04,-2.939
1.256e+04,-2.216
1.256e+04,0.8003
1.257e+04,1.047
1.258e+04,-0.8811
1.258e+04,-0.1591
1.259e+04,-3.352
1.259e+04,-1.85
1.26e+04,-3.602
1.26e+04,-0.7885
1.261e+04,6.116
1.261e+04,0.9298
1.262e+04,-1.738
1.262e+04,-0.2863
1.263e+04,0.4205
1.263e+04,0.1762
1.264e+04,-6.564
1.265e+04,-1.934
1.265e+04,2.056
1.266e+04,1.512
1.266e+04,-0.3692
1.267e+04,-0.04702
1.267e+04,-3.559
1.268e+04,-0.9934
1.268e+04,4.995
1.269e+04,1.751
1.269e+04,-7.842
1.27e+04,-1.888
1.27e+04,0.05497
1.271e+04,-0.000775
1.272e+04,10.1
1.272e+04,4.131
1.273e+04,-20.59
1.273e+04,-8.817
1.274e+04,-1.457
1.274e+04,-0.4966
1.275e+04,-2.83
1.275e+04,-1.553
1.276e+04,-1.657
1.276e+04,-2.7
1.277e+04,-16.62
1.277e+04,-8.143
1.278e+04,27.01
1.279e+04,12.7
1.279e+04,1.123
1.28e+04,-0.8355
1.28e+04,0.04255
1.281e+04,-4.334
1.281e+04,5.854
1.282e+04,1.74
1.282e+04,-2.778
1.283e+04,-2.844
1.283e+04,1.674
1.284e+04,-0.4983
1.284e+04,7.743
1.285e+04,0.5997
1.286e+04,-3.117
1.286e+04,0.3728
1.287e+04,12.08
1.287e+04,5.808
1.288e+04,0.335
1.288e+04,0.7526
1.289e+04,0.03688
1.289e+04,2.924
1.29e+04,1.169
1.29e+04,-1.189
1.291e+04,-3.591
1.291e+04,0.381
1.292e+04,1.235
1.293e+04,-1.015
1.293e+04,8.332
1.294e+04,-1.837
1.294e+04,3.604
1.295e+04,-1.434
1.295e+04,-0.2415
1.296e+04,-0.0739
1.296e+04,3.835
1.297e+04,-4.494
1.297e+04,35.3
1.298e+04,-38.58
1.298e+04,-18.44
1.299e+04,18.22
1.3e+04,-14.21
1.3e+04,8.828
1.301e+04,-5.363
1.301e+04,4.736
1.302e+04,1.268
1.302e+04,-0.9967
1.303e+04,-0.7993
1.303e+04,-3.249
1.304e+04,-9.637
1.304e+04,2.222
1.305e+04,-1.19
1.305e+04,1.099
1.306e+04,-3.242
1.307e+04,1.966
1.307e+04,-1.009
1.308e+04,0.2653
1.308e+04,-1.005
1.309e+04,0.05395
1.309e+04,-0.8605
1.31e+04,1.14
1.31e+04,0.9589
1.311e+04,-0.08655
1.311e+04,1.559
1.312e+04,-0.00287
1.312e+04,-6.842
1.313e+04,-2.789
1.314e+04,-0.1407
1.314e+04,1.227
1.315e+04,-3.778
1.315e+04,3.246
1.316e+04,1.601
1.316e+04,-1.357
1.317e+04,1.211
1.317e+04,-1.509
1.318e+04,1.029
1.318e+04,-0.4849
1.319e+04,-2.272
1.319e+04,3.943
1.32e+04,3.88
1.321e+04,-2.646
1.321e+04,-8.088
1.322e+04,-7.059
1.322e+04,0.8456
1.323e+04,-1.318
1.323e+04,5.112
1.324e+04,-4.628
1.324e+04,-3.48
1.325e+04,0.3082
1.325e+04,2.259
1.326e+04,-1.151
1.326e+04,0.104
1.327e+04,-0.01797
1.328e+04,-1.346
1.328e+04,0.03615
1.329e+04,1.317
1.329e+04,0.2159
1.33e+04,-1.753
1.33e+04,-1.42
1.331e+04,0.1318
1.331e+04,-0.08355
1.332e+04,2.121
1.332e+04,0.7539
1.333e+04,-3.86
1.333e+04,-2.029
1.334e+04,1.552
1.335e+04,0.3356
1.335e+04,0.09591
1.336e+04,0.1474
1.336e+04,-3.131
1.337e+04,-1.84
1.337e+04,3.336
1.338e+04,2.12
1.338e+04,-6.373
1.339e+04,-4.141
1.339e+04,1.736
1.34e+04,0.95
1.34e+04,-4.064
1.341e+04,-0.8848
1.342e+04,-7.506
1.342e+04,-4.089
1.343e+04,1.356
1.343e+04,0.6009
1.344e+04,-1.523
1.344e+04,-0.3435
1.345e+04,-2.245
1.345e+04,-0.7823
1.346e+04,-6.563
1.346e+04,-2.708
1.347e+04,9.865
1.347e+04,3.061
1.348e+04,-0.628
1.349e+04,0.1115
1.349e+04,-1.299
1.35e+04,-1.113
1.35e+04,1.001
1.351e+04,1.556
1.351e+04,-0.8968
1.352e+04,-0.05299
1.352e+04,-0.1786
1.353e+04,0.3253
1.353e+04,0.318
1.354e+04,0.9292
1.354e+04,-0.7458
1.355e+04,-0.5547
1.356e+04,3.66
1.356e+04,-4.037
1.357e+04,0.176
1.357e+04,-0.3062
1.358e+04,1.497
1.358e+04,0.3962
1.359e+04,-1.399
1.359e+04,-0.726
1.36e+04,-0.158
1.36e+04,0.09323
1.361e+04,-0.2078
1.361e+04,0.2273
1.362e+04,0.2783
1.363e+04,-0.3113
1.363e+04,0.1569
1.364e+04,0.3149
1.364e+04,0.4485
1.365e+04,-2.557
1.365e+04,-0.3853
1.366e+04,0.3634
1.366e+04,0.5886
1.367e+04,-1.057
1.367e+04,-2.466
1.368e+04,0.7209
1.368e+04,-0.342
1.369e+04,1.327
1.37e+04,-0.2883
1.37e+04,0.4572
1.371e+04,-1.363
1.371e+04,-0.5705
1.372e+04,1.697
1.372e+04,0.7581
1.373e+04,-3.507
1.373e+04,-0.4825
1.374e+04,0.3577
1.374e+04,0.3494
1.375e+04,-3.154
1.375e+04,-1.073
1.376e+04,1.373
1.377e+04,0.5243
1.377e+04,0.6055
1.378e+04,0.3877
1.378e+04,-0.2448
1.379e+04,0.001083
1.379e+04,-0.7287
1.38e+04,-0.6736
1.38e+04,-1.406
1.381e+04,-1.38
1.381e+04,2.855
1.382e+04,1.601
1.382e+04,-0.5415
1.383e+04,-0.1999
1.384e+04,-0.8066
1.384e+04,-0.4583
1.385e+04,-0.5329
1.385e+04,-0.5267
1.386e+04,0.442
1.386e+04,-0.1726
1.387e+04,-0.0992
1.387e+04,-0.23
1.388e+04,-2.751
1.388e+04,-1.131
1.389e+04,1.01
1.389e+04,0.2433
1.39e+04,-2.342
1.391e+04,-2.517
1.391e+04,0.3085
1.392e+04,0.07682
1.392e+04,-2.039
1.393e+04,-1.298
1.393e+04,0.5887
1.394e+04,-0.0391
1.394e+04,1.196
1.395e+04,0.7458
1.395e+04,-0.5122
1.396e+04,-0.2363
1.396e+04,-2.029
1.397e+04,-1.676
1.398e+04,-1.674
1.398e+04,-1.059
1.399e+04,4.907
1.399e+04,2.158
1.4e+04,-1.168
1.4e+04,-0.4439
1.401e+04,0.3771
1.401e+04,0.5632
1.402e+04,-2.252
1.402e+04,-1.475
1.403e+04,0.2245
1.403e+04,0.7702
1.404e+04,-0.3974
1.405e+04,-0.07757
1.405e+04,-0.4898
1.406e+04,-0.2103
1.406e+04,1.397
1.407e+04,1.175
1.407e+04,1.053
1.408e+04,-0.02396
1.408e+04,-0.7028
1.409e+04,-0.3569
1.409e+04,5.705
1.41e+04,4.027
1.41e+04,-1.961
1.411e+04,-2.331
1.412e+04,-1.257
1.412e+04,-0.8097
1.413e+04,0.3727
1.413e+04,0.1326
1.414e+04,0.01729
1.414e+04,-0.5441
1.415e+04,8.615
1.415e+04,3.938
1.416e+04,0.8633
1.416e+04,1.724
1.417e+04,-2.473
1.417e+04,-1.438
1.418e+04,0.158
1.418e+04,-0.3704
1.419e+04,-0.734
1.42e+04,-0.5736
1.42e+04,0.1174
1.421e+04,-0.3637
1.421e+04,-0.9518
1.422e+04,-0.7451
1.422e+04,-3.327
1.423e+04,-1.924
1.423e+04,-2.314
1.424e+04,-1.473
1.424e+04,0.5694
1.425e+04,-0.5166
1.425e+04,-0.4831
1.426e+04,-0.2156
1.427e+04,-4.37
1.427e+04,-2.021
1.428e+04,2.454
1.428e+04,0.9966
1.429e+04,0.1286
1.429e+04,0.521
1.43e+04,-1.202
1.43e+04,-0.5175
1.431e+04,-1.828
1.431e+04,-1.779
1.432e+04,-6.117
1.432e+04,-3.239
1.433e+04,11.23
1.434e+04,4.454
1.434e+04,-2.506
1.435e+04,-0.9539
1.435e+04,-1.71
1.436e+04,-1.046
1.436e+04,-4.19
1.437e+04,-1.647
1.437e+04,0.6192
1.438e+04,1.517
1.438e+04,-0.7894
1.439e+04,-0.08632
1.439e+04,-4.759
1.44e+04,-2.219
1.441e+04,2.143
1.441e+04,1.935
1.442e+04,-5.539
1.442e+04,-2.333
1.443e+04,0.1446
1.443e+04,0.2645
1.444e+04,-3.984
1.444e+04,-1.678
1.445e+04,2.147
1.445e+04,0.6122
1.446e+04,1.091
1.446e+04,0.6857
1.447e+04,-0.4906
1.448e+04,-0.2199
1.448e+04,-3.204
1.449e+04,-1.271
1.449e+04,-3.601
1.45e+04,-1.957
1.45e+04,6.782
1.451e+04,4.713
1.451e+04,-1.821
1.452e+04,-0.6677
1.452e+04,-5.248
1.453e+04,-0.2373
1.453e+04,0.676
1.454e+04,-0.6374
1.455e+04,1.378
1.455e+04,0.217
1.456e+04,0.03028
1.456e+04,-0.01947
1.457e+04,-6.014
1.457e+04,-0.5724
1.458e+04,3.341
1.458e+04,1.732
1.459e+04,12.96
1.459e+04,-7.424
1.46e+04,2.386
1.46e+04,-0.1895
1.461e+04,6.721
1.462e+04,2.202
1.462e+04,-1.907
1.463e+04,-2.861
1.463e+04,1.594
1.464e+04,1.145
1.464e+04,0.2517
1.465e+04,-0.1254
1.465e+04,-1.06
1.466e+04,-0.8616
1.466e+04,-0.07091
1.467e+04,1.018
1.467e+04,1.237
1.468e+04,0.2216
1.469e+04,0.8342
1.469e+04,-0.07057
1.47e+04,1.663
1.47e+04,2.115
1.471e+04,1.668
1.471e+04,-1.641
1.472e+04,0.2856
1.472e+04,-0.2737
1.473e+04,0.2652
1.473e+04,-0.1432
1.474e+04,5.686
1.474e+04,1.972
1.475e+04,-1.921
1.476e+04,0.4224
1.476e+04,6.437
1.477e+04,3.23
1.477e+04,-2.39
1.478e+04,-0.9406
1.478e+04,18.02
1.479e+04,12.95
1.479e+04,-5.787
1.48e+04,-8.272
1.48e+04,-3.774
1.481e+04,-2.085
1.481e+04,1.398
1.482e+04,0.5832
1.483e+04,2.616
1.483e+04,0.9646
1.484e+04,15.13
1.484e+04,9.525
1.485e+04,-16.17
1.485e+04,-9.624
1.486e+04,-0.03123
1.486e+04,-0.4454
1.487e+04,3.978
1.487e+04,0.5864
1.488e+04,-5.423
1.488e+04,-2.048
1.489e+04,2.094
1.49e+04,1.812
1.49e+04,-0.778
1.491e+04,-0.1289
1.491e+04,-4.558
1.492e+04,-2.967
1.492e+04,3.929
1.493e+04,2.983
1.493e+04,-0.8986
1.494e+04,-4.177
1.494e+04,0.6626
1.495e+04,0.1024
1.495e+04,-3.707
1.496e+04,-2.887
1.497e+04,3.575
1.497e+04,2.431
1.498e+04,1.822
1.498e+04,0.9879
1.499e+04,-0.09421
1.499e+04,-0.1783
1.5e+04,-2.827
1.5e+04,-1.901
1.501e+04,-0.2405
1.501e+04,-0.4795
1.502e+04,5.338
1.502e+04,3.588
1.503e+04,-0.8856
1.504e+04,-0.8041
1.504e+04,0.7101
1.505e+04,-0.5349
1.505e+04,-0.5533
1.506e+04,-0.1713
1.506e+04,0.5274
1.507e+04,0.4446
1.507e+04,-0.7119
1.508e+04,-0.4839
1.508e+04,-2.357
1.509e+04,-2.007
1.509e+04,-1.403
1.51e+04,-0.7754
1.511e+04,2.709
1.511e+04,1.461
1.512e+04,-1.061
1.512e+04,-0.7274
1.513e+04,-3.62
1.513e+04,-2.647
1.514e+04,6.194
1.514e+04,4.242
1.515e+04,-0.3375
1.515e+04,-0.1579
1.516e+04,-0.2853
1.516e+04,-0.26
1.517e+04,-0.3531
1.518e+04,-0.5813
1.518e+04,-3.85
1.519e+04,-3.309
1.519e+04,7.963
1.52e+04,5.432
1.52e+04,-0.3112
1.521e+04,-0.3901
1.521e+04,-0.5165
1.522e+04,-1.987
1.522e+04,1.094
1.523e+04,1.494
1.523e+04,-1.032
1.524e+04,-0.4777
1.525e+04,-0.5807
1.525e+04,-0.1775
1.526e+04,-0.5146
1.526e+04,-1.026
1.527e+04,-2.634
1.527e+04,-1.025
1.528e+04,6.623
1.528e+04,0.8163
1.529e+04,-0.3732
1.529e+04,-0.3154
1.53e+04,-2.504
1.53e+04,-1.076
1.531e+04,2.565
1.532e+04,1.121
1.532e+04,-0.472
1.533e+04,0.1997
1.533e+04,-0.524
1.534e+04,-0.525
1.534e+04,-0.5245
1.535e+04,-1.121
1.535e+04,-2.559
1.536e+04,-2.536
1.536e+04,5.463
1.537e+04,4.713
1.537e+04,-0.9231
1.538e+04,-0.9197
1.539e+04,0.7215
1.539e+04,0.2726
1.54e+04,-1.861
1.54e+04,-2.146
1.541e+04,0.1716
1.541e+04,0.7252
1.542e+04,-0.4146
1.542e+04,-0.3445
1.543e+04,1.176
1.543e+04,0.2228
1.544e+04,3.277
1.544e+04,3.295
1.545e+04,-0.2048
1.546e+04,-1.301
1.546e+04,-0.9676
1.547e+04,-0.6999
1.547e+04,18.82
1.548e+04,16.41
1.548e+04,-20.94
1.549e+04,-20.31
1.549e+04,-2.761
1.55e+04,-2.32
1.55e+04,-2.066
1.551e+04,-2.219
1.551e+04,-3.901
1.552e+04,-4.319
1.553e+04,-7.353
1.553e+04,-9.55
1.554e+04,39.39
1.554e+04,35.78
1.555e+04,-3.816
1.555e+04,-3.222
1.556e+04,-5.279
1.556e+04,-6.829
1.557e+04,9.124
1.557e+04,8.6
1.558e+04,-5.466
1.558e+04,-5.41
1.559e+04,0.1213
1.56e+04,0.09191
1.56e+04,5.485
1.561e+04,4.892
1.561e+04,-10.11
1.562e+04,-7.826
1.562e+04,12.36
1.563e+04,7.974
1.563e+04,-0.5944
1.564e+04,-0.4013
1.564e+04,-2.931
1.565e+04,-1.177
1.565e+04,4.771
1.566e+04,3.223
1.567e+04,-3.357
1.567e+04,-2.272
1.568e+04,0.2523
1.568e+04,0.07828
1.569e+04,6.155
1.569e+04,3.731
1.57e+04,-4.596
1.57e+04,-3.904
1.571e+04,2.872
1.571e+04,-0.8931
1.572e+04,1.353
1.572e+04,0.08943
1.573e+04,10.78
1.574e+04,-6.136
1.574e+04,-5.464
1.575e+04,3.863
1.575e+04,-6.497
1.576e+04,-0.8957
1.576e+04,-2.752
1.577e+04,-0.1723
1.577e+04,-1.915
1.578e+04,-1.544
1.578e+04,-3.367
1.579e+04,-3.755
1.579e+04,-3.181
1.58e+04,0.2564
1.581e+04,-0.9807
1.581e+04,-0.3814
1.582e+04,-5.082
1.582e+04,-3.072
1.583e+04,3.482
1.583e+04,2.798
1.584e+04,-0.3829
1.584e+04,-0.2443
1.585e+04,-0.5029
1.585e+04,-0.03306
1.586e+04,0.1528
1.586e+04,0.2821
1.587e+04,-2.642
1.588e+04,-2.338
1.588e+04,-0.02199
1.589e+04,-1.035
1.589e+04,-0.05191
1.59e+04,0.3931
1.59e+04,-1.967
1.591e+04,-0.8377
1.591e+04,0.2908
1.592e+04,-0.02445
1.592e+04,0.2039
1.593e+04,-0.1807
1.593e+04,0.04972
1.594e+04,-0.03145
1.595e+04,-2.89
1.595e+04,-1.47
1.596e+04,1.06
1.596e+04,0.2946
1.597e+04,-2.57
1.597e+04,-4.898
1.598e+04,0.6408
1.598e+04,0.1773
1.599e+04,-2.623
1.599e+04,-2.903
1.6e+04,1.787
1.6e+04,1.156
1.601e+04,1.346
1.602e+04,1.057
1.602e+04,-0.1973
1.603e+04,-0.1927
1.603e+04,-2.111
1.604e+04,-1.869
1.604e+04,-1.369
1.605e+04,-1.18
1.605e+04,3.245
1.606e+04,2.319
1.606e+04,-0.648
1.607e+04,-0.5426
1.607e+04,0.1612
1.608e+04,0.6993
1.609e+04,-1.578
1.609e+04,-2.239
1.61e+04,1.126
1.61e+04,1.055
1.611e+04,-0.2867
1.611e+04,-0.236
1.612e+04,-4.299
1.612e+04,-4.043
1.613e+04,0.4085
1.613e+04,1.041
1.614e+04,-3.673
1.614e+04,-3.958
1.615e+04,1.027
1.616e+04,1.131
1.616e+04,-15.75
1.617e+04,-12.03
1.617e+04,9.943
1.618e+04,5.641
1.618e+04,2.519
1.619e+04,2.12
1.619e+04,-0.6844
1.62e+04,-0.6917
1.62e+04,-0.9369
1.621e+04,-1.2
1.621e+04,-9.33
1.622e+04,-7.884
1.623e+04,5.939
1.623e+04,5.177
1.624e+04,0.8601
1.624e+04,0.5201
1.625e+04,-0.03398
1.625e+04,-1.052
1.626e+04,0.5039
1.626e+04,0.8819
1.627e+04,-0.4417
1.627e+04,-0.4521
1.628e+04,0.2606
1.628e+04,0.1946
1.629e+04,1.065
1.63e+04,0.7834
1.63e+04,0.09144
1.631e+04,0.02979
1.631e+04,2.243
1.632e+04,-0.1082
1.632e+04,0.2142
1.633e+04,0.05037
1.633e+04,0.8342
1.634e+04,0.9582
1.634e+04,-1.192
1.635e+04,-1.231
1.635e+04,-0.1398
1.636e+04,0.02846
1.637e+04,-0.009386
1.637e+04,-0.09415
1.638e+04,0.2671
1.638e+04,-0.2802
1.639e+04,0.6578
1.639e+04,0.0397
1.64e+04,0.8027
1.64e+04,0.0894
1.641e+04,0.002525
1.641e+04,-0.346
1.642e+04,4.32
1.642e+04,-0.5344
1.643e+04,-3.81
1.644e+04,-1.301
1.644e+04,-0.5522
1.645e+04,0.3458
1.645e+04,-0.5388
1.646e+04,-0.09671
1.646e+04,-1.623
1.647e+04,-1.364
1.647e+04,1.989
1.648e+04,1.384
1.648e+04,-2.03
1.649e+04,-2.974
1.649e+04,0.2154
1.65e+04,0.1951
1.651e+04,-3.211
1.651e+04,-2.691
1.652e+04,2.616
1.652e+04,1.578
1.653e+04,0.7087
1.653e+04,0.4174
1.654e+04,-0.05319
1.654e+04,-0.2263
1.655e+04,-0.9639
1.655e+04,-0.7648
1.656e+04,-0.9405
1.656e+04,-1.438
1.657e+04,4.132
1.658e+04,3.537
1.658e+04,-0.7209
1.659e+04,-0.5773
1.659e+04,-1.273
1.66e+04,-0.389
1.66e+04,0.4001
1.661e+04,-0.4276
1.661e+04,0.8154
1.662e+04,0.08161
1.662e+04,0.1957
1.663e+04,-0.08092
1.663e+04,-2.198
1.664e+04,-1.188
1.665e+04,1.693
1.665e+04,1.236
1.666e+04,-6.139
1.666e+04,-6.528
1.667e+04,0.01647
1.667e+04,-0.1862
1.668e+04,-0.9042
1.668e+04,-1.811
1.669e+04,0.5652
1.669e+04,0.0599
1.67e+04,1.107
1.67e+04,0.6129
1.671e+04,-0.2242
1.672e+04,-0.3558
1.672e+04,-0.6919
1.673e+04,-1.444
1.673e+04,1.028
1.674e+04,0.2355
1.674e+04,2.754
1.675e+04,1.594
1.675e+04,-0.6576
1.676e+04,-0.867
1.676e+04,1.481
1.677e+04,-2.505
1.677e+04,-0.4163
1.678e+04,0.8446
1.679e+04,-1.226
1.679e+04,0.464
1.68e+04,-0.2852
1.68e+04,0.2672
1.681e+04,1.519
1.681e+04,0.923
1.682e+04,-0.1486
1.682e+04,0.4688
1.683e+04,4.546
1.683e+04,0.3253
1.684e+04,-0.8474
1.684e+04,-0.6876
1.685e+04,2.752
1.686e+04,1.382
1.686e+04,6.66
1.687e+04,4.831
1.687e+04,-0.8814
1.688e+04,-1.083
1.688e+04,1.763
1.689e+04,1.009
1.689e+04,1.345
1.69e+04,1.358
1.69e+04,15.55
1.691e+04,10.52
1.691e+04,-9.569
1.692e+04,-6.992
1.693e+04,-2.33
1.693e+04,-1.438
1.694e+04,1.526
1.694e+04,2.969
1.695e+04,-2.404
1.695e+04,-3.599
1.696e+04,1.416
1.696e+04,0.4359
1.697e+04,-1.084
1.697e+04,-1.216
1.698e+04,-4.501
1.698e+04,-3.273
1.699e+04,-1.004
1.7e+04,-0.1978
1.7e+04,-5.432
1.701e+04,-1.718
1.701e+04,-0.655
1.702e+04,-0.1681
1.702e+04,-4.641
1.703e+04,-2.964
1.703e+04,2.208
1.704e+04,0.9824
1.704e+04,1.004
1.705e+04,0.9741
1.705e+04,-0.9402
1.706e+04,-0.5629
1.707e+04,-3.823
1.707e+04,-3.156
1.708e+04,-4.306
1.708e+04,-1.987
1.709e+04,6.894
1.709e+04,3.837
1.71e+04,-2.128
1.71e+04,-0.9131
1.711e+04,-7.543
1.711e+04,-0.9938
1.712e+04,1.55
1.712e+04,-1.262
1.713e+04,4.945
1.714e+04,3.125
1.714e+04,1.124
1.715e+04,0.5076
1.715e+04,-3.62
1.716e+04,-1.914
1.716e+04,2.995
1.717e+04,3.807
1.717e+04,-0.7749
1.718e+04,-1.51
1.718e+04,0.5689
1.719e+04,0.5947
1.719e+04,-3.585
1.72e+04,-2.569
1.721e+04,4.801
1.721e+04,2.342
1.722e+04,1.216
1.722e+04,1.029
1.723e+04,0.2725
1.723e+04,0.02415
1.724e+04,-2.296
1.724e+04,-1.25
1.725e+04,-1.977
1.725e+04,-0.07297
1.726e+04,9.628
1.726e+04,7.103
1.727e+04,-1.172
1.728e+04,-0.9769
1.728e+04,-0.4047
1.729e+04,1.818
1.729e+04,0.3148
1.73e+04,-1.521
1.73e+04,-0.1314
1.731e+04,0.06192
1.731e+04,-0.05131
1.732e+04,-0.3882
1.732e+04,-0.8209
1.733e+04,-0.7256
1.733e+04,1.304
1.734e+04,0.8727
1.734e+04,-19.94
1.735e+04,-6.548
1.736e+04,-1.3
1.736e+04,-0.3834
1.737e+04,-7.604
1.737e+04,-6.06
1.738e+04,6.752
1.738e+04,3.978
1.739e+04,1.235
1.739e+04,0.2071
1.74e+04,-0.5701
1.74e+04,-0.3685
1.741e+04,-0.9926
1.741e+04,-1.349
1.742e+04,-3.312
1.743e+04,-1.375
1.743e+04,11.48
1.744e+04,6.094
1.744e+04,-1.822
1.745e+04,-1.55
1.745e+04,-2.868
1.746e+04,-4.912
1.746e+04,7.03
1.747e+04,4.701
1.747e+04,-3.887
1.748e+04,-0.8401
1.748e+04,-2.215
1.749e+04,-0.8184
1.75e+04,-0.4539
1.75e+04,-2.52
1.751e+04,-12.9
1.751e+04,-6.449
1.752e+04,22.29
1.752e+04,7.254
1.753e+04,-4.378
1.753e+04,-1.901
1.754e+04,-39.15
1.754e+04,-33.1
1.755e+04,71.7
1.755e+04,48.15
1.756e+04,4.029
1.757e+04,3.501
1.757e+04,4.265
1.758e+04,1.879
1.758e+04,5.158
1.759e+04,2.797
1.759e+04,-7.878
1.76e+04,-12.16
1.76e+04,-30.33
1.761e+04,-12.11
1.761e+04,7.316
1.762e+04,5.074
1.762e+04,0.9967
1.763e+04,1.893
1.764e+04,-2.129
1.764e+04,-1.787
1.765e+04,2.412
1.765e+04,-0.3444
1.766e+04,3.029
1.766e+04,1.47
1.767e+04,4.104
1.767e+04,4.219
1.768e+04,8.285
1.768e+04,4.274
1.769e+04,-8.697
1.769e+04,-1.558
1.77e+04,1.415
1.771e+04,1.172
1.771e+04,3.405
1.772e+04,3.311
1.772e+04,-6.973
1.773e+04,-5.504
1.773e+04,0.2119
1.774e+04,0.02175
1.774e+04,0.7454
1.775e+04,0.4
1.775e+04,0.4074
1.776e+04,-0.08092
1.776e+04,6.363
1.777e+04,3.859
1.778e+04,-7.384
1.778e+04,-5.124
1.779e+04,0.5638
1.779e+04,0.06299
1.78e+04,5.491
1.78e+04,0.0372
1.781e+04,-6.91
1.781e+04,-3.361
1.782e+04,0.1521
1.782e+04,1.049
1.783e+04,-0.1154
1.783e+04,0.3362
1.784e+04,-3.4
1.785e+04,-2.302
1.785e+04,4.062
1.786e+04,2.712
1.786e+04,-6.999
1.787e+04,-7.002
1.787e+04,0.8744
1.788e+04,0.657
1.788e+04,-6.482
1.789e+04,-5.061
1.789e+04,3.584
1.79e+04,2.454
1.79e+04,0.7321
1.791e+04,0.3063
1.792e+04,0.06041
1.792e+04,-0.1276
1.793e+04,-0.1378
1.793e+04,0.02432
1.794e+04,-0.4533
1.794e+04,-1.753
1.795e+04,-1.682
1.795e+04,0.5066
1.796e+04,0.1001
1.796e+04,0.2692
1.797e+04,-1.813
1.797e+04,0.6277
1.798e+04,0.9384
1.799e+04,-0.7623
1.799e+04,0.4548
1.8e+04,-0.902
1.8e+04,0.564
1.801e+04,-0.2321
1.801e+04,-1.411
1.802e+04,-0.1077
1.802e+04,0.7764
1.803e+04,-0.9461
1.803e+04,-10.71
1.804e+04,-6.093
1.804e+04,-0.3894
1.805e+04,-0.4486
1.806e+04,-3.433
1.806e+04,-4.502
1.807e+04,1.854
1.807e+04,1.841
1.808e+04,0.5929
1.808e+04,0.1279
1.809e+04,-0.5993
1.809e+04,-0.5218
1.81e+04,-1.113
1.81e+04,-1.776
1.811e+04,-4.611
1.811e+04,-5.042
1.812e+04,4.982
1.813e+04,3.972
1.813e+04,-1.163
1.814e+04,-0.7561
1.814e+04,-2.526
1.815e+04,-2.196
1.815e+04,-1.684
1.816e+04,-1.804
1.816e+04,0.8834
1.817e+04,1.886
1.817e+04,-0.3841
1.818e+04,-0.214
1.818e+04,-3.821
1.819e+04,-3.808
1.82e+04,0.9277
1.82e+04,1.38
1.821e+04,-5.699
1.821e+04,-6.463
1.822e+04,0.2606
1.822e+04,0.426
1.823e+04,0.2846
1.823e+04,1.868
1.824e+04,-9.92
1.824e+04,-13.76
1.825e+04,-0.001011
1.825e+04,0.1147
1.826e+04,-2.082
1.827e+04,-2.471
1.827e+04,-0.8339
1.828e+04,-2.357
1.828e+04,-13.8
1.829e+04,-18.32
1.829e+04,7.952
1.83e+04,11.77
1.83e+04,2.033
1.831e+04,2.417
1.831e+04,-1.224
1.832e+04,-4.145
1.832e+04,1.617
1.833e+04,3.499
1.834e+04,-1.173
1.834e+04,-1.554
1.835e+04,0.8332
1.835e+04,1.27
1.836e+04,2.964
1.836e+04,4.011
1.837e+04,3.654
1.837e+04,4.018
1.838e+04,2.044
1.838e+04,-6.055
1.839e+04,0.8029
1.839e+04,0.5873
1.84e+04,2.524
1.841e+04,4.06
1.841e+04,-1.419
1.842e+04,-2.474
1.842e+04,-0.07408
1.843e+04,0.9751
1.843e+04,-0.1002
1.844e+04,0.9153
1.844e+04,-0.4251
1.845e+04,-1.759
1.845e+04,3.727
1.846e+04,6.35
1.846e+04,-3.661
1.847e+04,-15.46
1.848e+04,-2.267
1.848e+04,0.4613
1.849e+04,-21.75
1.849e+04,-21.18
1.85e+04,10.69
1.85e+04,15.49
1.851e+04,5.09
1.851e+04,8.794
1.852e+04,3.236
1.852e+04,4.432
1.853e+04,0.01228
1.853e+04,2.389
1.854e+04,-0.8408
1.855e+04,0.3402
1.855e+04,0.4381
1.856e+04,9.764
1.856e+04,1.045
1.857e+04,1.281
1.857e+04,0.4396
1.858e+04,2.557
1.858e+04,1.199
1.859e+04,0.3203
1.859e+04,0.2551
1.86e+04,0.5843
1.86e+04,1.077
1.861e+04,1.121
1.862e+04,-0.433
1.862e+04,1.008
1.863e+04,2.782
1.863e+04,3.894
1.864e+04,-3.284
1.864e+04,-3.056
1.865e+04,0.4924
1.865e+04,0.5887
1.866e+04,1.979
1.866e+04,2.876
1.867e+04,-1.134
1.867e+04,-1.436
1.868e+04,-0.5729
1.869e+04,0.5633
1.869e+04,-0.3783
1.87e+04,-0.2968
1.87e+04,1.649
1.871e+04,-1.048
1.871e+04,-1.361
1.872e+04,-0.7907
1.872e+04,0.2006
1.873e+04,14.29
1.873e+04,-0.2557
1.874e+04,1.314
1.874e+04,-5.073
1.875e+04,-1.693
1.876e+04,2.304
1.876e+04,1.603
1.877e+04,-1.129
1.877e+04,-0.3942
1.878e+04,0.1767
1.878e+04,0.2802
1.879e+04,-0.1431
1.879e+04,-0.3232
1.88e+04,0.5719
1.88e+04,0.557
1.881e+04,-0.7323
1.881e+04,0.3697
1.882e+04,-0.1752
1.883e+04,0.03032
1.883e+04,-0.5181
1.884e+04,0.6302
1.884e+04,-0.4846
1.885e+04,-1.335
1.885e+04,0.4761
1.886e+04,1.162
1.886e+04,0.1406
1.887e+04,0.2364
1.887e+04,-3.063
1.888e+04,-3.087
1.888e+04,1.129
1.889e+04,1.628
1.89e+04,-4.519
1.89e+04,-6.705
1.891e+04,0.9524
1.891e+04,1.213
1.892e+04,-10.48
1.892e+04,-12.19
1.893e+04,6.349
1.893e+04,4.944
1.894e+04,1.838
1.894e+04,1.861
1.895e+04,-0.1134
1.895e+04,-0.8704
1.896e+04,-0.5873
1.897e+04,-0.2319
1.897e+04,-6.328
1.898e+04,-8.821
1.898e+04,3.479
1.899e+04,9.036
1.899e+04,0.9975
1.9e+04,1.007
1.9e+04,-0.9885
1.901e+04,2.862
1.901e+04,2.245
1.902e+04,0.1563
1.902e+04,0.2475
1.903e+04,-0.8548
1.904e+04,0.9131
1.904e+04,0.2138
1.905e+04,1.923
1.905e+04,2.431
1.906e+04,0.2882
1.906e+04,-1.051
1.907e+04,-7.892
1.907e+04,4.973
1.908e+04,-0.3885
1.908e+04,0.1761
1.909e+04,-0.1046
1.909e+04,-0.2008
1.91e+04,-0.9271
1.911e+04,-0.5095
1.911e+04,0.1688
1.912e+04,-0.9242
1.912e+04,0.5254
1.913e+04,0.2402
1.913e+04,-0.5281
1.914e+04,1.316
1.914e+04,1.901
1.915e+04,1.087
1.915e+04,-4.499
1.916e+04,0.6914
1.916e+04,0.7824
1.917e+04,0.8168
1.918e+04,1.034
1.918e+04,9.464
1.919e+04,0.2217
1.919e+04,-5.656
1.92e+04,2.054
1.92e+04,-1.373
1.921e+04,0.6039
1.921e+04,-0.718
1.922e+04,-1.342
1.922e+04,-1.297
1.923e+04,1.733
1.923e+04,2.37
1.924e+04,1.479
1.925e+04,-2.919
1.925e+04,0.4685
1.926e+04,0.2039
1.926e+04,-2.051
1.927e+04,-3.094
1.927e+04,2.733
1.928e+04,2.979
1.928e+04,0.8364
1.929e+04,0.514
1.929e+04,0.327
1.93e+04,0.1655
1.93e+04,-1.791
1.931e+04,-0.3386
1.932e+04,-0.267
1.932e+04,-1.306
1.933e+04,1.536
1.933e+04,3.736
1.934e+04,-0.8774
1.934e+04,-0.1735
1.935e+04,-4.493
1.935e+04,-0.5014
1.936e+04,1.945
1.936e+04,1.1
1.937e+04,1.119
1.937e+04,0.2314
1.938e+04,0.5054
1.939e+04,0.5207
1.939e+04,-3.16
1.94e+04,0.3392
1.94e+04,2.63
1.941e+04,1.506
1.941e+04,-5.699
1.942e+04,-21.08
1.942e+04,0.5092
1.943e+04,-1.368
1.943e+04,2.5
1.944e+04,-2.889
1.944e+04,-0.0323
1.945e+04,0.5399
1.946e+04,1.798
1.946e+04,0.8355
1.947e+04,0.1428
1.947e+04,-0.4559
1.948e+04,-0.4795
1.948e+04,-0.925
1.949e+04,1.636
1.949e+04,0.1203
1.95e+04,0.5503
1.95e+04,2.851
1.951e+04,0.09883
1.951e+04,-0.957
1.952e+04,2.596
1.953e+04,-0.629
1.953e+04,0.07322
1.954e+04,0.2224
1.954e+04,-1.19
1.955e+04,-0.3699
1.955e+04,-0.3753
1.956e+04,0.1432
1.956e+04,1.572
1.957e+04,1.444
1.957e+04,-0.6062
1.958e+04,1.004
1.958e+04,5.952
1.959e+04,0.7064
1.96e+04,-0.631
1.96e+04,-0.8797
1.961e+04,2.572
1.961e+04,5.718
1.962e+04,4.475
1.962e+04,2.344
1.963e+04,-0.3745
1.963e+04,-1.735
1.964e+04,1.076
1.964e+04,1.291
1.965e+04,-0.3228
1.965e+04,0.5092
1.966e+04,10.66
1.967e+04,11.32
1.967e+04,-5.165
1.968e+04,-2.323
1.968e+04,-2.691
1.969e+04,-2.493
1.969e+04,-2.47
1.97e+04,0.1365
1.97e+04,-0.3495
1.971e+04,-1.283
1.971e+04,0.4453
1.972e+04,-1.575
1.972e+04,-0.7619
1.973e+04,-1.629
1.974e+04,-3.503
1.974e+04,-1.855
1.975e+04,0.2543
1.975e+04,-2.481
1.976e+04,-2.349
1.976e+04,-11.89
1.977e+04,-0.4874
1.977e+04,-1.038
1.978e+04,-3.019
1.978e+04,-4.09
1.979e+04,1.541
1.979e+04,1.687
1.98e+04,-0.4987
1.981e+04,1.311
1.981e+04,-1.989
1.982e+04,-0.6772
1.982e+04,-1.652
1.983e+04,-6.943
1.983e+04,-5.242
1.984e+04,-4.792
1.984e+04,12.99
1.985e+04,-5.026
1.985e+04,-5.948
1.986e+04,-2.266
1.986e+04,-23.59
1.987e+04,-38.38
1.988e+04,5.035
1.988e+04,23.54
1.989e+04,1.665
1.989e+04,17.78
1.99e+04,1.043
1.99e+04,7.409
1.991e+04,-5.057
1.991e+04,-0.688
1.992e+04,-1.453
1.992e+04,1.863
1.993e+04,-9.336
1.993e+04,9.377
1.994e+04,0.1098
1.995e+04,1.91
1.995e+04,-2.669
1.996e+04,4.754
1.996e+04,2.629
1.997e+04,1.949
1.997e+04,0.332
1.998e+04,0.7926
1.998e+04,0.2854
1.999e+04,2.398
1.999e+04,-5.434
2e+04,0.6881
2e+04,-1.168
2.001e+04,-0.7637
2.002e+04,-5.824
2.002e+04,-0.2823
2.003e+04,-2.666
2.003e+04,2.127
2.004e+04,-22.19
2.004e+04,0.2309
2.005e+04,10.61
2.005e+04,6.929
2.006e+04,5.079
2.006e+04,-0.1185
2.007e+04,3.279
2.007e+04,4.463
2.008e+04,-15.97
2.009e+04,11.8
2.009e+04,13.67
2.01e+04,11.48
2.01e+04,14.9
2.011e+04,-150.1
2.011e+04,7.586
2.012e+04,-8.872
2.012e+04,29.53
2.013e+04,10.68
2.013e+04,-3.528
2.014e+04,-11.82
2.014e+04,8.262
2.015e+04,12.3
2.016e+04,2.079
2.016e+04,-0.7017
2.017e+04,-0.7342
2.017e+04,-0.4636
2.018e+04,0.426
2.018e+04,5.374
2.019e+04,2.082
2.019e+04,9.085
2.02e+04,5.398
2.02e+04,0.1179
2.021e+04,14.32
2.021e+04,31.03
2.022e+04,5.503
2.023e+04,-15.14
2.023e+04,0.2859
2.024e+04,-10.32
2.024e+04,-0.1301
2.025e+04,-5.785
2.025e+04,12.11
2.026e+04,2.458
2.026e+04,-10.07
2.027e+04,-7.446
2.027e+04,20.57
2.028e+04,40.97
2.028e+04,-3.623
2.029e+04,-2.722
2.03e+04,3.589
2.03e+04,12.48
2.031e+04,18.67
2.031e+04,9.532
2.032e+04,-1.444
2.032e+04,1.559
2.033e+04,2.681
2.033e+04,3.387
2.034e+04,1.421
2.034e+04,-0.9909
2.035e+04,8.516
2.035e+04,18.47
2.036e+04,-13.75
2.037e+04,-31.52
2.037e+04,1.722
2.038e+04,-0.09648
2.038e+04,5.035
2.039e+04,-11.34
2.039e+04,-7.75
2.04e+04,3.481
2.04e+04,1.48
2.041e+04,9.874
2.041e+04,-1.198
2.042e+04,3.564
2.042e+04,-4.931
2.043e+04,-7.322
2.044e+04,2.538
2.044e+04,9.814
2.045e+04,11.02
2.045e+04,-17.22
2.046e+04,2.427
2.046e+04,0.2115
2.047e+04,5.349
2.047e+04,0.3043
2.048e+04,-2.89
2.048e+04,-1.409
2.049e+04,4.446
2.049e+04,2.183
2.05e+04,1.184
2.05e+04,0.2059
2.051e+04,-2.754
2.052e+04,-0.2023
2.052e+04,5.556
2.053e+04,4.833
2.053e+04,-5.294
2.054e+04,-0.1184
2.054e+04,1.269
2.055e+04,-0.2227
2.055e+04,4.534
2.056e+04,11.55
2.056e+04,-0.9522
2.057e+04,-8.386
2.057e+04,3.122
2.058e+04,-2.251
2.059e+04,0.7089
2.059e+04,-1.734
2.06e+04,-0.3492
2.06e+04,-3.587
2.061e+04,1.052
2.061e+04,2.836
2.062e+04,6.666
2.062e+04,4.23
2.063e+04,0.7881
2.063e+04,0.1949
2.064e+04,-2.365
2.064e+04,-4.349
2.065e+04,3.378
2.066e+04,4.273
2.066e+04,1.155
2.067e+04,1.599
2.067e+04,0.4984
2.068e+04,-0.02028
2.068e+04,-1.133
2.069e+04,-2.155
2.069e+04,2.248
2.07e+04,2.484
2.07e+04,4.725
2.071e+04,1.422
2.071e+04,-0.473
2.072e+04,-1.939
2.073e+04,4.151
2.073e+04,-7.023
2.074e+04,-3.584
2.074e+04,3.127
2.075e+04,-0.08494
2.075e+04,3.842
2.076e+04,-1.486
2.076e+04,1.103
2.077e+04,-2.056
2.077e+04,-6.821
2.078e+04,-2.472
2.078e+04,4.351
2.079e+04,26.36
2.08e+04,6.881
2.08e+04,1.776
2.081e+04,1.492
2.081e+04,-0.004351
2.082e+04,4.366
2.082e+04,2.158
2.083e+04,-0.239
2.083e+04,-0.105
2.084e+04,1.516
2.084e+04,1.007
2.085e+04,-0.167
2.085e+04,1.545
2.086e+04,0.7849
2.087e+04,5.597
2.087e+04,3.881
2.088e+04,-2.764
2.088e+04,2.909
2.089e+04,1.826
2.089e+04,-1.197
2.09e+04,9.973
2.09e+04,0.8144
2.091e+04,-0.07896
2.091e+04,0.3945
2.092e+04,-3.134
2.092e+04,-2.718
2.093e+04,-0.3177
2.094e+04,-0.309
2.094e+04,5.73
2.095e+04,4.159
2.095e+04,-2.357
2.096e+04,0.4289
2.096e+04,14.25
2.097e+04,7.98
2.097e+04,-0.8725
2.098e+04,-1.626
2.098e+04,1.566
2.099e+04,8.237
2.099e+04,18.79
2.1e+04,9.09
2.101e+04,-0.06684
2.101e+04,-2.472
2.102e+04,4.567
2.102e+04,2.425
2.103e+04,1.532
2.103e+04,2.333
2.104e+04,31.81
2.104e+04,27.18
2.105e+04,-17.49
2.105e+04,2.878
2.106e+04,-4.999
2.106e+04,-6.704
2.107e+04,0.8232
2.108e+04,3.818
2.108e+04,-2.647
2.109e+04,-1.049
2.109e+04,2.998
2.11e+04,-0.8568
2.11e+04,-1.829
2.111e+04,-2.196
2.111e+04,-8.05
2.112e+04,-4.214
2.112e+04,-7.066
2.113e+04,-11.36
2.113e+04,-7.772
2.114e+04,13.24
2.115e+04,-1.666
2.115e+04,-1.434
2.116e+04,-6.195
2.116e+04,-9.364
2.117e+04,3.284
2.117e+04,6.678
2.118e+04,1.422
2.118e+04,-2.771
2.119e+04,-0.5016
2.119e+04,-1.61
2.12e+04,-2.744
2.12e+04,3.57
2.121e+04,-9.203
2.122e+04,-13.19
2.122e+04,7.236
2.123e+04,21.46
2.123e+04,1.125
2.124e+04,-0.6727
2.124e+04,13.67
2.125e+04,24.83
2.125e+04,-7.122
2.126e+04,-18.85
2.126e+04,0.9853
2.127e+04,-9.551
2.127e+04,-1.608
2.128e+04,-5.508
2.129e+04,-2.933
2.129e+04,-5.541
2.13e+04,2.498
2.13e+04,0.07778
2.131e+04,3.292
2.131e+04,-9.318
2.132e+04,-0.06314
2.132e+04,-1.172
2.133e+04,-1.604
2.133e+04,-6.148
2.134e+04,0.381
2.134e+04,1.512
2.135e+04,1.116
2.136e+04,0.4075
2.136e+04,-0.6811
2.137e+04,-1.471
2.137e+04,-0.7847
2.138e+04,-1.787
2.138e+04,-4.086
2.139e+04,-5.669
2.139e+04,9.174
2.14e+04,6.204
2.14e+04,-0.6452
2.141e+04,-1.343
2.141e+04,2.77
2.142e+04,-3.231
2.143e+04,-2.905
2.143e+04,-0.8072
2.144e+04,-0.05937
2.144e+04,0.8514
2.145e+04,-0.9466
2.145e+04,-0.3392
2.146e+04,-1.063
2.146e+04,-4.778
2.147e+04,-0.9247
2.147e+04,1.797
2.148e+04,8.208
2.148e+04,9.166
2.149e+04,0.2914
2.15e+04,1.465
2.15e+04,-1.583
2.151e+04,1.475
2.151e+04,-1.037
2.152e+04,-1.812
2.152e+04,-0.07181
2.153e+04,1.18
2.153e+04,-0.1921
2.154e+04,-0.1971
2.154e+04,-1.194
2.155e+04,-2.328
2.155e+04,0.4978
2.156e+04,-0.07209
2.157e+04,0.9223
2.157e+04,1.1
2.158e+04,-0.4457
2.158e+04,-0.5319
2.159e+04,0.9119
2.159e+04,0.2804
2.16e+04,-2.182
2.16e+04,-2.685
2.161e+04,0.7507
2.161e+04,1.536
2.162e+04,0.02772
2.162e+04,0.007202
2.163e+04,-1.707
2.164e+04,-3.002
2.164e+04,1.502
2.165e+04,2.058
2.165e+04,-3.157
2.166e+04,-4.219
2.166e+04,0.6857
2.167e+04,1.086
2.167e+04,-4.141
2.168e+04,-6.201
2.168e+04,0.2718
2.169e+04,-0.4573
2.169e+04,0.8859
2.17e+04,1.449
2.171e+04,-0.5689
2.171e+04,-0.9364
2.172e+04,-0.4413
2.172e+04,-1.471
2.173e+04,-4.31
2.173e+04,-5.756
2.174e+04,5.51
2.174e+04,5.722
2.175e+04,0.1956
2.175e+04,-0.2442
2.176e+04,1.207
2.176e+04,-1.748
2.177e+04,-0.3326
2.178e+04,0.7811
2.178e+04,-0.3785
2.179e+04,-0.06574
2.179e+04,-0.1659
2.18e+04,0.06782
2.18e+04,0.2943
2.181e+04,-0.5405
2.181e+04,-0.6686
2.182e+04,0.3543
2.182e+04,5.78
2.183e+04,1.635
2.183e+04,0.3414
2.184e+04,0.1175
2.185e+04,0.8297
2.185e+04,1.349
2.186e+04,-0.427
2.186e+04,-1.098
2.187e+04,0.09826
2.187e+04,0.2713
2.188e+04,0.05537
2.188e+04,-0.3298
2.189e+04,0.3944
2.189e+04,-0.1381
2.19e+04,0.3981
2.19e+04,-0.3229
2.191e+04,1.512
2.192e+04,1.672
2.192e+04,0.2506
2.193e+04,-0.775
2.193e+04,4.908
2.194e+04,-0.6687
2.194e+04,-2.918
2.195e+04,-1.543
2.195e+04,-0.7556
2.196e+04,-0.478
2.196e+04,-0.4663
2.197e+04,-0.4503
2.197e+04,-0.1442
2.198e+04,-1.072
2.199e+04,0.6807
2.199e+04,0.687
2.2e+04,0.2407
2.2e+04,-0.7368
2.201e+04,0.09282
2.201e+04,0.07285
2.202e+04,-0.9061
2.202e+04,-1.393
2.203e+04,0.7894
2.203e+04,0.1353
2.204e+04,0.3238
2.204e+04,0.4956
