frequency, value
0,17.31
5.383,17.31
10.77,37
16.15,36.56
21.53,-0.1969
26.92,-0.1218
32.3,26.38
37.68,25.76
43.07,30.64
48.45,29.87
53.83,13.1
59.22,12.68
64.6,-6.54
69.98,-6.399
75.37,137.1
80.75,131.9
86.13,84.7
91.52,81.2
96.9,224.5
102.3,214.5
107.7,-263.6
113,-250.8
118.4,-181.4
123.8,-172
129.2,-102.4
134.6,-96.73
140,19.9
145.3,18.74
150.7,-36.16
156.1,-33.95
161.5,-62.33
166.9,-58.27
172.3,-36.38
177.6,-33.86
183,-7.914
188.4,-7.336
193.8,-35.11
199.2,-32.5
204.6,-30.77
209.9,-28.54
215.3,-12.11
220.7,-11.14
226.1,37.25
231.5,34.38
236.9,17.3
242.2,15.73
247.6,-133
253,-121.5
258.4,-38.17
263.8,-34.74
269.2,-49.38
274.5,-44.88
279.9,23.18
285.3,21.04
290.7,6.869
296.1,6.208
301.5,-3.064
306.8,-2.722
312.2,2.561
317.6,2.328
323,-6.769
328.4,-6.025
333.8,-15.17
339.1,-13.54
344.5,-11.38
349.9,-10.07
355.3,-12.92
360.7,-11.48
366.1,-18.64
371.4,-16.41
376.8,-29.62
382.2,-26.22
387.6,-17.83
393,-15.7
398.4,2.597
403.7,2.304
409.1,-9.993
414.5,-8.806
419.9,70.92
425.3,61.76
430.7,14.26
436,12.4
441.4,41.63
446.8,36.16
452.2,-58.72
457.6,-50.88
463,-47.08
468.3,-40.74
473.7,-26.45
479.1,-22.82
484.5,11.42
489.9,9.874
495.3,-11.24
500.6,-9.689
506,-22.29
511.4,-19.16
516.8,-11.45
522.2,-9.779
527.6,8.297
532.9,7.108
538.3,-21.98
543.7,-18.75
549.1,-16.57
554.5,-14.25
559.9,-4.749
565.2,-4.033
570.6,18.99
576,16.28
581.4,-24.14
586.8,-20.52
592.2,33.27
597.5,27.96
602.9,0.4493
608.3,0.3716
613.7,-28.22
619.1,-23.79
624.5,29.16
629.8,24.52
635.2,7.103
640.6,5.956
646,3.089
651.4,2.614
656.8,6.72
662.1,5.613
667.5,-1.705
672.9,-1.367
678.3,-4.667
683.7,-3.889
689.1,-4.145
694.4,-3.363
699.8,-9.833
705.2,-8.095
710.6,-4.971
716,-3.979
721.4,-12.94
726.7,-10.62
732.1,-11.66
737.5,-9.49
742.9,-5.326
748.3,-4.316
753.7,-4.753
759,-3.881
764.4,17.85
769.8,13.99
775.2,-8.851
780.6,-7.239
786,-18.27
791.3,-14.93
796.7,9.815
802.1,8.182
807.5,3.707
812.9,3.139
818.3,3.643
823.6,3.009
829,-9.774
834.4,-7.758
839.8,-12.28
845.2,-9.75
850.6,-10.75
855.9,-8.558
861.3,-3.941
866.7,-3.087
872.1,-6.33
877.5,-4.969
882.9,-6.225
888.2,-4.941
893.6,-19.19
899,-15.31
904.4,-3.767
909.8,-2.964
915.2,24.62
920.5,19.65
925.9,4.479
931.3,3.502
936.7,-71.11
942.1,-56.35
947.5,-19.15
952.8,-15.11
958.2,-26.67
963.6,-21.05
969,13.76
974.4,10.86
979.8,4.075
985.1,3.207
990.5,-0.5718
995.9,-0.4157
1001,3.03
1007,2.392
1012,-2.74
1017,-2.103
1023,-8.198
1028,-6.409
1034,-5.38
1039,-4.131
1044,-5.474
1050,-4.271
1055,-11.3
1061,-8.672
1066,-16.25
1071,-12.65
1077,-9.506
1082,-7.341
1087,0.3997
1093,0.3418
1098,-6.697
1104,-5.202
1109,49.22
1114,37.58
1120,9.954
1125,7.604
1130,29.48
1136,22.51
1141,-41.16
1147,-31.37
1152,-29.82
1157,-22.74
1163,-16.74
1168,-12.73
1174,3.808
1179,2.95
1184,-11.29
1190,-8.571
1195,-6.917
1200,-5.315
1206,-7.665
1211,-5.777
1217,-1.654
1222,-1.193
1227,-10.47
1233,-7.935
1238,-5.676
1244,-4.451
1249,-4.844
1254,-3.633
1260,-5.735
1265,-4.016
1270,-26.68
1276,-20.04
1281,90.31
1287,67.05
1292,16.46
1297,12.19
1303,-4.227
1308,-3.328
1314,17.31
1319,12.98
1324,3.037
1330,2.285
1335,3.044
1340,2.286
1346,6.428
1351,4.747
1357,-0.9041
1362,-0.6081
1367,-0.919
1373,-0.7245
1378,-1.679
1384,-1.172
1389,-5.613
1394,-4.082
1400,-1.48
1405,-0.9761
1410,-5.745
1416,-4.18
1421,-6.506
1427,-4.648
1432,-4.14
1437,-2.942
1443,-1.456
1448,-1.052
1453,-4.897
1459,-4.052
1464,-12.47
1470,-8.966
1475,-32.24
1480,-23.12
1486,34.64
1491,24.88
1497,24.61
1502,17.6
1507,15.66
1513,11.15
1518,-8.792
1523,-6.084
1529,-2.17
1534,-1.409
1540,5.595
1545,3.975
1550,4.179
1556,2.987
1561,-4.275
1567,-2.887
1572,4.028
1577,2.812
1583,-7.254
1588,-5.097
1593,-0.4679
1599,-0.299
1604,7.94
1610,5.672
1615,-5.014
1620,-3.477
1626,-10.9
1631,-7.91
1637,-2.601
1642,-1.872
1647,-7.695
1653,-5.425
1658,5.795
1663,4.073
1669,1.156
1674,0.8201
1680,0.7239
1685,0.525
1690,0.8035
1696,0.5841
1701,-0.5338
1707,-0.3319
1712,-3.569
1717,-2.517
1723,-0.8359
1728,-0.5449
1733,-5.039
1739,-3.464
1744,-1.506
1750,-1.015
1755,-11.01
1760,-7.669
1766,-5.532
1771,-3.809
1776,1.664
1782,1.191
1787,-4.689
1793,-3.271
1798,18
1803,12.29
1809,4.39
1814,3.028
1820,14.75
1825,10.15
1830,-22.04
1836,-15.11
1841,-19.92
1846,-13.67
1852,-11.33
1857,-7.756
1863,6.578
1868,4.556
1873,-5.311
1879,-3.632
1884,-12.2
1890,-8.383
1895,-5.289
1900,-3.588
1906,5.609
1911,3.87
1916,-12.5
1922,-8.549
1927,-11.7
1933,-8.11
1938,-2.485
1943,-1.688
1949,14.49
1954,10.06
1960,-15.73
1965,-10.78
1970,18.01
1976,12.03
1981,0.07099
1986,0.01623
1992,-18.47
1997,-12.63
2003,19.09
2008,13.02
2013,4.655
2019,3.171
2024,2.332
2030,1.61
2035,4.648
2040,3.148
2046,-0.6587
2051,-0.3919
2056,-2.796
2062,-1.919
2067,-2.154
2073,-1.387
2078,-5.535
2083,-3.705
2089,-3.014
2094,-1.906
2099,-7.647
2105,-5.127
2110,-6.869
2116,-4.53
2121,-3.37
2126,-2.205
2132,-3.078
2137,-2.056
2143,13.82
2148,8.601
2153,-4.588
2159,-3.114
2164,-8.956
2169,-6.111
2175,3.174
2180,2.398
2186,0.7288
2191,0.6545
2196,1.503
2202,1.08
2207,-6.398
2213,-4.118
2218,-8.29
2223,-5.357
2229,-6.122
2234,-3.999
2239,-2.582
2245,-1.635
2250,-4.289
2256,-2.732
2261,-3.748
2266,-2.449
2272,-11.08
2277,-7.342
2283,-2.411
2288,-1.554
2293,12.78
2299,8.566
2304,0.09824
2309,0.0753
2315,-30.46
2320,-20.38
2326,-8.718
2331,-5.779
2336,-13.61
2342,-8.995
2347,7.381
2353,4.89
2358,1.819
2363,1.209
2369,-0.4982
2374,-0.2899
2379,1.74
2385,1.155
2390,-2.646
2396,-1.664
2401,-1.648
2406,-1.159
2412,-2.933
2417,-1.856
2422,-3.887
2428,-2.524
2433,-4.803
2439,-3.061
2444,-5.502
2449,-3.714
2455,-4.533
2460,-2.943
2466,-2.26
2471,-1.372
2476,-2.517
2482,-1.694
2487,21.41
2492,13.66
2498,2.624
2503,1.717
2509,10.05
2514,6.522
2519,-16.75
2525,-10.77
2530,-11.02
2536,-7.147
2541,-6.603
2546,-4.25
2552,-1.827
2557,-1.03
2562,-7.641
2568,-4.837
2573,0.4898
2579,0.1552
2584,-4.109
2589,-2.586
2595,-5.806
2600,-3.522
2606,-2.265
2611,-1.543
2616,0.813
2622,0.2592
2627,-3.324
2632,-2.074
2638,-12.92
2643,-7.647
2649,-14.96
2654,-9.458
2659,71.34
2665,43.85
2670,14.89
2676,9.102
2681,5.454
2686,3.064
2692,6.856
2697,4.441
2702,0.5866
2708,0.4218
2713,1.818
2719,1.159
2724,4.354
2729,2.668
2735,-0.5948
2740,-0.2955
2745,0.1197
2751,0.001256
2756,-0.7339
2762,-0.3875
2767,-3.02
2772,-1.805
2778,-0.5404
2783,-0.2234
2789,-2.943
2794,-1.774
2799,-3.742
2805,-2.161
2810,-2.48
2815,-1.415
2821,-0.3472
2826,-0.2067
2832,-8.168
2837,-5.36
2842,-9.728
2848,-5.717
2853,-26.36
2859,-15.43
2864,30.63
2869,17.97
2875,22.33
2880,13.01
2885,13.83
2891,7.998
2896,-5.435
2902,-2.952
2907,1.656
2912,1.106
2918,7.771
2923,4.477
2929,4.946
2934,2.866
2939,-1.34
2945,-0.6122
2950,5.131
2955,2.893
2961,-0.2238
2966,-0.08609
2972,0.9749
2977,0.5894
2982,-0.6418
2988,-0.2901
2993,-5.02
2998,-2.773
3004,12.86
3009,6.976
3015,3.909
3020,2.146
3025,2.707
3031,1.486
3036,-0.1185
3042,-0.05027
3047,-0.4488
3052,-0.2363
3058,0.8016
3063,0.4667
3068,0.09183
3074,0.07747
3079,0.4594
3085,0.2983
3090,1.181
3095,0.6018
3101,1.492
3106,0.8555
3112,-1.138
3117,-0.5947
3122,3.075
3128,1.701
3133,-0.4913
3138,-0.3615
3144,0.1067
3149,0.05409
3155,-0.1812
3160,-0.04112
3165,-0.8034
3171,-0.4971
3176,-6.19
3182,-3.348
3187,-1.418
3192,-0.7223
3198,-2.003
3203,-0.9557
3208,0.9878
3214,0.3945
3219,-0.8462
3225,-0.6176
3230,-0.6127
3235,-0.4094
3241,0.7475
3246,0.5215
3252,-1.778
3257,-0.9877
3262,-2.525
3268,-1.521
3273,-0.8862
3278,-0.4997
3284,0.4872
3289,0.3854
3295,-2.82
3300,-1.682
3305,-5.095
3311,-3.011
3316,-0.9186
3321,-0.5118
3327,6.022
3332,3.647
3338,-5.786
3343,-3.375
3348,4.002
3354,2.083
3359,-0.08025
3365,-0.1007
3370,-7.18
3375,-4.252
3381,7.676
3386,4.499
3391,1.841
3397,1.086
3402,1.262
3408,0.7489
3413,1.784
3418,1.036
3424,0.2775
3429,0.2013
3435,-1.655
3440,-0.9852
3445,-0.1741
3451,-0.06531
3456,-2.746
3461,-1.537
3467,0.4205
3472,0.2818
3478,-3.883
3483,-2.221
3488,-2.642
3494,-1.463
3499,-1.068
3505,-0.5703
3510,-1.542
3515,-0.884
3521,-2.762
3526,-1.812
3531,-3.924
3537,-2.219
3542,-8.639
3548,-4.889
3553,7.396
3558,4.253
3564,3.588
3569,2.065
3575,2.43
3580,1.392
3585,-2.372
3591,-1.259
3596,-3.403
3601,-1.849
3607,-3.797
3612,-2.129
3618,-0.8596
3623,-0.4461
3628,-1.614
3634,-0.8404
3639,-2.487
3644,-1.395
3650,-8.982
3655,-5.092
3661,-1.37
3666,-0.7487
3671,12.93
3677,7.394
3682,2.084
3688,1.17
3693,-37.2
3698,-21.16
3704,-9.775
3709,-5.531
3714,-13.83
3720,-7.829
3725,7.406
3731,4.205
3736,2.225
3741,1.262
3747,0.008338
3752,0.03129
3758,1.798
3763,1.03
3768,-1.006
3774,-0.5278
3779,-4.861
3784,-2.763
3790,-2.483
3795,-1.349
3801,-2.945
3806,-1.658
3811,-5.79
3817,-3.183
3822,-9.856
3828,-5.604
3833,-5.328
3838,-2.984
3844,0.6626
3849,0.4126
3854,-4.248
3860,-2.424
3865,27.53
3871,15.21
3876,5.904
3881,3.288
3887,17.57
3892,9.798
3898,-24.38
3903,-13.57
3908,-18.04
3914,-10.08
3919,-10.07
3924,-5.611
3930,2.796
3935,1.626
3941,-6.803
3946,-3.792
3951,-4.603
3957,-2.65
3962,-4.554
3967,-2.517
3973,-0.5598
3978,-0.24
3984,-6.751
3989,-3.813
3994,-4.337
4000,-2.602
4005,-2.96
4011,-1.639
4016,-2.369
4021,-1.001
4027,-17.22
4032,-9.634
4037,55.78
4043,30.48
4048,10.17
4054,5.533
4059,-3.223
4064,-2.005
4070,11.31
4075,6.404
4081,2.014
4086,1.156
4091,2.036
4097,1.162
4102,4.13
4107,2.276
4113,-0.4194
4118,-0.1644
4124,-0.596
4129,-0.3917
4134,-0.9051
4140,-0.4332
4145,-3.322
4151,-1.796
4156,-0.8506
4161,-0.3504
4167,-3.477
4172,-1.9
4177,-3.905
4183,-2.041
4188,-2.534
4194,-1.309
4199,-0.9378
4204,-0.5076
4210,-2.386
4215,-1.891
4221,-7.469
4226,-4.026
4231,-19.32
4237,-10.38
4242,20.66
4247,11.2
4253,14.79
4258,7.95
4264,9.513
4269,5.071
4274,-5.641
4280,-2.816
4285,-1.635
4290,-0.719
4296,3.414
4301,1.826
4307,2.514
4312,1.373
4317,-2.882
4323,-1.38
4328,2.505
4334,1.299
4339,-4.597
4344,-2.432
4350,-0.3566
4355,-0.1548
4360,4.766
4366,2.649
4371,-3.436
4377,-1.768
4382,-5.479
4387,-3.278
4393,-1.338
4398,-0.7824
4404,-4.573
4409,-2.495
4414,3.524
4420,1.908
4425,0.6484
4430,0.3635
4436,0.4088
4441,0.2417
4447,0.5058
4452,0.296
4457,-0.4995
4463,-0.2166
4468,-1.743
4474,-0.9931
4479,-0.5287
4484,-0.2445
4490,-3.115
4495,-1.632
4500,-0.8049
4506,-0.4071
4511,-6.026
4517,-3.315
4522,-3.193
4527,-1.703
4533,0.5497
4538,0.3616
4544,-2.612
4549,-1.449
4554,10.4
4560,5.484
4565,2.264
4570,1.241
4576,8.032
4581,4.362
4587,-12.41
4592,-6.674
4597,-10.9
4603,-5.908
4608,-6.245
4613,-3.367
4619,2.976
4624,1.702
4630,-3.51
4635,-1.866
4640,-5.878
4646,-3.277
4651,-3.043
4657,-1.617
4662,1.962
4667,1.174
4673,-6.213
4678,-3.437
4683,-5.413
4689,-3.146
4694,-1.565
4700,-0.8345
4705,5.123
4710,3.167
4716,-8.562
4721,-4.746
4727,15.38
4732,7.824
4737,1.501
4743,0.693
4748,-7.164
4753,-4.195
4759,8.365
4764,4.778
4770,1.801
4775,1.049
4780,0.8985
4786,0.548
4791,2.324
4797,1.288
4802,-0.9257
4807,-0.4139
4813,-0.3418
4818,-0.297
4823,-1.219
4829,-0.5958
4834,-2.806
4840,-1.521
4845,-1.549
4850,-0.7283
4856,-2.865
4861,-1.637
4867,-3.24
4872,-1.716
4877,-2.071
4883,-1.056
4888,-1.194
4893,-0.6767
4899,7.429
4904,3.398
4910,-2.268
4915,-1.294
4920,-4.44
4926,-2.57
4931,1.584
4936,1.148
4942,0.8078
4947,0.5777
4953,0.9255
4958,0.5735
4963,-3.441
4969,-1.731
4974,-3.964
4980,-2.035
4985,-1.668
4990,-0.9524
4996,-1.085
5001,-0.5327
5006,-2.442
5012,-1.204
5017,-1.209
5023,-0.6795
5028,-3.877
5033,-2.26
5039,-1.143
5044,-0.5905
5050,3.155
5055,2.096
5060,-1.749
5066,-0.8098
5071,-3.254
5076,-2.99
5082,-1.541
5087,-1.094
5093,-3.773
5098,-2.335
5103,2.317
5109,1.408
5114,0.3108
5120,0.2303
5125,-0.3821
5130,-0.1609
5136,0.4535
5141,0.2951
5146,-1.762
5152,-0.857
5157,1.079
5163,0.3613
5168,-1.214
5173,-0.6174
5179,-2.192
5184,-1.158
5190,-1.005
5195,-0.5804
5200,-0.1395
5206,-0.4048
5211,-1.458
5216,-0.8445
5222,-2.232
5227,-1.027
5233,-0.1727
5238,-0.2368
5243,5.031
5249,2.927
5254,-0.6387
5259,-0.1783
5265,0.2904
5270,0.5375
5276,-3.18
5281,-2.053
5286,-1.444
5292,-1.12
5297,-1.282
5303,-0.833
5308,-2.799
5313,-1.211
5319,-3.681
5324,-1.906
5329,2.196
5335,0.8696
5340,-1.721
5346,-0.8917
5351,-4.878
5356,-2.251
5362,0.7871
5367,0.1799
5373,2.528
5378,0.9141
5383,-1.762
5389,-0.8793
5394,-10.65
5399,-4.725
5405,-6.336
5410,-3.389
5416,42.1
5421,20.24
5426,9.523
5432,4.513
5437,6.352
5443,2.652
5448,1.882
5453,1.225
5459,-0.2414
5464,-0.02782
5469,0.929
5475,0.5017
5480,2.562
5486,1.228
5491,-0.3698
5496,-0.09417
5502,0.2844
5507,0.04116
5512,-0.3394
5518,-0.09701
5523,-1.595
5529,-0.7195
5534,-0.231
5539,0.003185
5545,-1.608
5550,-0.7497
5556,-2.173
5561,-0.9027
5566,-1.418
5572,-0.566
5577,-0.01489
5582,-0.007028
5588,-6.844
5593,-3.613
5599,-6.679
5604,-2.916
5609,-18.53
5615,-8.023
5620,22.24
5626,9.679
5631,16.34
5636,7.015
5642,10.03
5647,4.238
5652,-3.311
5658,-1.178
5663,2.188
5669,1.103
5674,6.287
5679,2.641
5685,3.898
5690,1.653
5696,-0.2829
5701,0.06853
5706,4.102
5712,1.651
5717,1.551
5722,0.7229
5728,1.089
5733,0.4904
5739,-2.533
5744,-0.9987
5749,-3.402
5755,-1.279
5760,14.5
5766,5.612
5771,4.293
5776,1.683
5782,4.535
5787,1.831
5792,-1.645
5798,-0.6797
5803,-0.7027
5809,-0.27
5814,0.5683
5819,0.2403
5825,-0.142
5830,-0.03434
5835,0.6629
5841,0.3144
5846,1.847
5852,0.678
5857,1.576
5862,0.6474
5868,0.5106
5873,0.2841
5879,2.996
5884,1.154
5889,2.472
5895,0.9326
5900,1.641
5905,0.6668
5911,-0.443
5916,-0.1082
5922,0.5857
5927,0.2011
5932,-9.613
5938,-3.674
5943,-2.123
5949,-0.7556
5954,-5.192
5959,-1.878
5965,6.47
5970,2.411
5975,4.592
5981,1.69
5986,2.554
5992,0.953
5997,-1.074
6002,-0.3164
6008,0.2245
6013,0.1241
6019,1.531
6024,0.5069
6029,0.8563
6035,0.3428
6040,-1.051
6045,-0.2814
6051,1.411
6056,0.4557
6062,-0.3028
6067,-0.2569
6072,0.06554
6078,0.03695
6083,-0.0496
6089,0.2665
6094,0.1024
6099,-0.07786
6105,-0.7677
6110,-0.5288
6115,0.3099
6121,0.04557
6126,0.8265
6132,0.05805
6137,-0.4753
6142,0.03922
6148,-0.2129
6153,-0.01597
6158,0.157
6164,0.1076
6169,-0.05373
6175,0.0237
6180,0.2702
6185,0.1564
6191,0.1154
6196,-0.03387
6202,0.5773
6207,0.249
6212,0.03166
6218,0.002649
6223,1.185
6228,0.4863
6234,0.2431
6239,0.006786
6245,0.5957
6250,0.216
6255,0.2257
6261,0.1078
6266,0.045
6272,-0.02304
6277,-5.663
6282,-2.355
6288,-0.8794
6293,-0.3775
6298,-2.229
6304,-0.9458
6309,3.318
6315,1.39
6320,2.065
6325,0.8352
6331,1.081
6336,0.4481
6342,0.5446
6347,0.2367
6352,0.5998
6358,0.2183
6363,0.3644
6368,0.04875
6374,0.4856
6379,0.1924
6385,0.3412
6390,0.1635
6395,-0.01826
6401,-0.06464
6406,-1.397
6412,-0.7567
6417,-0.01344
6422,-0.01399
6428,2.569
6433,1.383
6438,-0.2704
6444,-0.02476
6449,-6.121
6455,-3.505
6460,-1.538
6465,-0.8696
6471,-2.685
6476,-1.411
6481,1.725
6487,0.8737
6492,0.4587
6498,0.2445
6503,0.1938
6508,0.09828
6514,0.4657
6519,0.2436
6525,-0.08703
6530,-0.01541
6535,-1.099
6541,-0.5985
6546,-0.2619
6551,-0.1269
6557,-1.054
6562,-0.466
6568,-0.7376
6573,-0.4029
6578,-2.931
6584,-1.479
6589,-1.427
6595,-0.6913
6600,0.2761
6605,0.1803
6611,-1.394
6616,-0.7036
6621,5.661
6627,2.862
6632,1.265
6638,0.6755
6643,4.276
6648,2.2
6654,-6.319
6659,-3.162
6665,-5.182
6670,-2.584
6675,-2.903
6681,-1.433
6686,1.094
6691,0.5946
6697,-2.243
6702,-1.062
6708,-2.005
6713,-1.01
6718,-1.427
6724,-0.6733
6729,0.04083
6735,0.09824
6740,-2.567
6745,-1.281
6751,-2.616
6756,-1.346
6761,-1.049
6767,-0.4912
6772,0.8667
6778,0.6021
6783,-6.585
6788,-3.222
6794,17.82
6799,8.307
6804,3.212
6810,1.475
6815,-2.44
6821,-1.315
6826,5.176
6831,2.569
6837,1.018
6842,0.5182
6848,1.012
6853,0.5055
6858,1.628
6864,0.7741
6869,0.1824
6874,0.1323
6880,-0.635
6885,-0.3448
6891,-0.03046
6896,0.02134
6901,-1.364
6907,-0.6093
6912,0.364
6918,0.2205
6923,-1.557
6928,-0.728
6934,-1.227
6939,-0.5175
6944,-0.7102
6950,-0.2835
6955,-0.3838
6961,-0.1814
6966,-5.162
6971,-2.64
6977,-3.453
6982,-1.547
6988,-8.911
6993,-3.977
6998,10.33
7004,4.668
7009,7.102
7014,3.175
7020,4.343
7025,1.922
7031,-1.356
7036,-0.4854
7041,0.2739
7047,0.2077
7052,1.688
7058,0.7409
7063,1.44
7068,0.6611
7074,-0.4263
7079,-0.09428
7084,1.053
7090,0.4426
7095,-2.185
7101,-0.9903
7106,0.04069
7111,0.0389
7117,3.18
7122,1.532
7127,-1.329
7133,-0.5497
7138,-5.58
7144,-2.839
7149,-1.259
7154,-0.6339
7160,-2.993
7165,-1.416
7171,2.216
7176,1.036
7181,0.5085
7187,0.2466
7192,0.3821
7197,0.1909
7203,0.4278
7208,0.2148
7214,0.03952
7219,0.05471
7224,-1.678
7230,-0.8196
7235,-0.15
7241,-0.04325
7246,-1.842
7251,-0.8201
7257,-0.5073
7262,-0.2228
7267,-4.908
7273,-2.332
7278,-2.261
7284,-1.04
7289,0.9966
7294,0.5112
7300,-2.212
7305,-1.062
7311,7.394
7316,3.383
7321,2.041
7327,0.9735
7332,6.752
7337,3.192
7343,-9.901
7348,-4.631
7354,-9.216
7359,-4.342
7364,-5.216
7370,-2.445
7375,3.432
7381,1.677
7386,-2.393
7391,-1.109
7397,-6.149
7402,-2.955
7407,-2.428
7413,-1.124
7418,3.117
7424,1.541
7429,-6.364
7434,-3.053
7440,-6.512
7445,-3.226
7450,-1.192
7456,-0.5585
7461,8.539
7467,4.294
7472,-8.355
7477,-4.058
7483,7.748
7488,3.436
7494,-0.2838
7499,-0.1893
7504,-10.44
7510,-5.148
7515,10.64
7520,5.223
7526,2.64
7531,1.3
7537,1.413
7542,0.7156
7547,2.56
7553,1.246
7558,-0.1013
7564,0.006355
7569,-1.769
7574,-0.9021
7580,-0.9569
7585,-0.4062
7590,-2.97
7596,-1.421
7601,-1.317
7607,-0.5381
7612,-4.35
7617,-2.123
7623,-3.633
7628,-1.703
7634,-1.696
7639,-0.7734
7644,-1.777
7650,-0.8688
7655,6.134
7660,2.435
7666,-2.703
7671,-1.361
7677,-5.368
7682,-2.737
7687,2.425
7693,1.429
7698,0.728
7704,0.4964
7709,1.016
7714,0.5661
7720,-3.354
7725,-1.523
7730,-4.512
7736,-2.09
7741,-3.57
7747,-1.721
7752,-1.361
7757,-0.6043
7763,-2.244
7768,-1.004
7773,-2.218
7779,-1.078
7784,-6.776
7790,-3.397
7795,-1.357
7800,-0.6382
7806,8.2
7811,4.239
7817,0.1653
7822,0.1133
7827,-19.76
7833,-10.29
7838,-5.524
7843,-2.83
7849,-8.544
7854,-4.353
7860,4.667
7865,2.392
7870,1.173
7876,0.6102
7881,-0.2209
7887,-0.07338
7892,1.139
7897,0.5927
7903,-1.485
7908,-0.6756
7913,-1.216
7919,-0.7134
7924,-1.702
7930,-0.8012
7935,-2.363
7940,-1.179
7946,-2.9
7951,-1.411
7957,-3.705
7962,-2.036
7967,-2.824
7973,-1.434
7978,-1.239
7983,-0.5191
7989,-1.708
7994,-0.9402
8000,13.23
8005,6.562
8010,1.726
8016,0.9168
8021,6.477
8027,3.37
8032,-10.59
8037,-5.402
8043,-7.066
8048,-3.687
8053,-4.184
8059,-2.152
8064,-0.9346
8070,-0.3057
8075,-4.747
8080,-2.351
8086,0.1261
8091,-0.1233
8096,-2.53
8102,-1.247
8107,-3.422
8113,-1.525
8118,-1.551
8123,-0.9168
8129,0.2061
8134,-0.2001
8140,-2.049
8145,-1.002
8150,-7.554
8156,-3.204
8161,-9.472
8166,-4.831
8172,43.84
8177,20.91
8183,9.122
8188,4.307
8193,3.111
8199,1.122
8204,4.414
8210,2.424
8215,0.4092
8220,0.2791
8226,1.16
8231,0.6171
8236,2.701
8242,1.307
8247,-0.3157
8253,-0.06537
8258,0.04984
8263,-0.07229
8269,-0.4066
8274,-0.1246
8280,-1.801
8285,-0.8311
8290,-0.3008
8296,-0.01811
8301,-1.778
8306,-0.8503
8312,-2.241
8317,-0.9549
8323,-1.494
8328,-0.6149
8333,-0.2211
8339,-0.1036
8344,-4.858
8350,-2.884
8355,-5.863
8360,-2.658
8366,-15.91
8371,-7.16
8376,18.49
8382,8.407
8387,13.51
8393,6.058
8398,8.402
8403,3.707
8409,-3.375
8414,-1.26
8419,0.9356
8425,0.5981
8430,4.739
8436,2.09
8441,3.016
8446,1.357
8452,-0.8995
8457,-0.2038
8463,3.165
8468,1.336
8473,-0.1964
8479,-0.03874
8484,0.5781
8489,0.2943
8495,-0.3965
8500,-0.07446
8506,-3.181
8511,-1.292
8516,8.143
8522,3.144
8527,2.462
8533,0.9875
8538,1.681
8543,0.673
8549,-0.06073
8554,-0.0032
8559,-0.2887
8565,-0.1044
8570,0.4919
8576,0.2342
8581,0.04927
8586,0.0529
8592,0.2482
8597,0.1595
8603,0.8029
8608,0.2711
8613,0.9209
8619,0.4272
8624,-0.7542
8629,-0.2806
8635,1.949
8640,0.8309
8646,-0.2217
8651,-0.2134
8656,0.07447
8662,0.02304
8667,-0.1893
8672,-0.004978
8678,-0.4643
8683,-0.268
8689,-3.955
8694,-1.623
8699,-0.9566
8705,-0.3385
8710,-1.4
8716,-0.4205
8721,0.7479
8726,0.1363
8732,-0.3746
8737,-0.3577
8742,-0.3087
8748,-0.2277
8753,0.3185
8759,0.283
8764,-1.154
8769,-0.5148
8775,-1.372
8780,-0.7807
8786,-0.545
8791,-0.2568
8796,0.1011
8802,0.2018
8807,-1.576
8812,-0.8721
8818,-2.895
8823,-1.562
8829,-0.5822
8834,-0.2672
8839,3.162
8845,1.867
8850,-3.443
8856,-1.788
8861,3.257
8866,1.251
8872,0.1803
8877,-0.008867
8882,-3.831
8888,-2.157
8893,4.261
8899,2.313
8904,0.9826
8909,0.5509
8915,0.6891
8920,0.3884
8926,1.036
8931,0.5466
8936,0.06089
8942,0.09571
8947,-0.7832
8952,-0.4746
8958,-0.1313
8963,-0.02432
8969,-1.597
8974,-0.7834
8979,0.2112
8985,0.1593
8990,-2.086
8995,-1.108
9001,-1.511
9006,-0.733
9012,-0.6979
9017,-0.3037
9022,-0.8362
9028,-0.4479
9033,-1.245
9039,-0.959
9044,-2.217
9049,-1.138
9055,-4.854
9060,-2.506
9065,4.069
9071,2.191
9076,2.027
9082,1.085
9087,1.368
9092,0.7276
9098,-1.455
9103,-0.6473
9109,-1.985
9114,-0.9426
9119,-1.927
9125,-1.025
9130,-0.4868
9135,-0.2116
9141,-1.021
9146,-0.4374
9152,-1.299
9157,-0.689
9162,-4.737
9168,-2.565
9173,-0.7778
9179,-0.3812
9184,6.541
9189,3.674
9195,0.7432
9200,0.4596
9205,-17.99
9211,-10.19
9216,-4.799
9222,-2.678
9227,-7
9232,-3.873
9238,3.788
9243,2.106
9249,1.085
9254,0.6136
9259,-0.04154
9265,0.01455
9270,0.897
9275,0.5156
9281,-0.6982
9286,-0.3073
9292,-2.123
9297,-1.267
9302,-1.312
9308,-0.6637
9313,-1.662
9318,-0.8884
9324,-2.803
9329,-1.502
9335,-4.552
9340,-2.679
9345,-2.641
9351,-1.467
9356,0.005587
9362,0.11
9367,-1.944
9372,-1.164
9378,13.17
9383,7.235
9388,2.58
9394,1.492
9399,7.928
9405,4.552
9410,-11.32
9415,-6.418
9421,-8.216
9426,-4.745
9432,-4.631
9437,-2.651
9442,0.854
9448,0.6512
9453,-3.421
9458,-1.904
9464,-1.734
9469,-1.166
9475,-2.204
9480,-1.225
9485,-0.8617
9491,-0.2939
9496,-2.756
9502,-1.719
9507,-1.374
9512,-1.121
9518,-1.449
9523,-0.8095
9528,-2.471
9534,-0.8049
9539,-7.476
9545,-4.484
9550,27.2
9555,14.87
9561,5.121
9566,2.751
9572,-0.2248
9577,-0.6206
9582,4.244
9588,2.795
9593,0.6171
9598,0.4636
9604,0.7458
9609,0.5077
9615,1.847
9620,1.07
9625,-0.478
9631,-0.1462
9636,0.1302
9641,-0.07357
9647,-0.5399
9652,-0.2165
9658,-1.555
9663,-0.853
9668,-0.5722
9674,-0.1697
9679,-1.383
9685,-0.8265
9690,-1.876
9695,-0.953
9701,-1.332
9706,-0.6458
9711,-0.3727
9717,-0.2191
9722,0.03049
9728,-0.8118
9733,-3.395
9738,-1.888
9744,-8.803
9749,-4.864
9755,9.21
9760,5.228
9765,6.726
9771,3.733
9776,4.364
9781,2.373
9787,-2.916
9792,-1.335
9798,-0.9764
9803,-0.3372
9808,1.702
9814,0.9116
9819,1.091
9825,0.6411
9830,-1.554
9835,-0.65
9841,1.225
9846,0.6206
9851,-1.836
9857,-1.038
9862,-0.2026
9868,-0.0683
9873,1.498
9878,1.059
9884,-1.854
9889,-0.9077
9895,-0.1351
9900,-0.8643
9905,-0.08944
9911,-0.2139
9916,-1.479
9921,-0.9881
9927,1.284
9932,0.8023
9938,0.1666
9943,0.1343
9948,0.1139
9954,0.101
9959,0.1702
9964,0.1332
9970,-0.3918
9975,-0.1377
9981,-0.2316
9986,-0.2972
9991,-0.2426
9997,-0.09669
1e+04,-1.338
1.001e+04,-0.7344
1.001e+04,-0.1751
1.002e+04,-0.1104
1.002e+04,-1.753
1.003e+04,-1.271
1.003e+04,-1.137
1.004e+04,-0.698
1.005e+04,-0.2134
1.005e+04,0.03572
1.006e+04,-0.7948
1.006e+04,-0.5795
1.007e+04,3.481
1.007e+04,2.133
1.008e+04,0.4754
1.008e+04,0.4069
1.009e+04,2.235
1.009e+04,1.611
1.01e+04,-3.985
1.01e+04,-2.623
1.011e+04,-3.318
1.012e+04,-2.286
1.012e+04,-1.974
1.013e+04,-1.32
1.013e+04,0.3722
1.014e+04,0.5136
1.014e+04,-1.613
1.015e+04,-0.9082
1.015e+04,-1.293
1.016e+04,-1.142
1.016e+04,-1.129
1.017e+04,-0.6848
1.017e+04,-0.2732
1.018e+04,0.1962
1.019e+04,-1.538
1.019e+04,-1.248
1.02e+04,-0.9986
1.02e+04,-1.116
1.021e+04,-0.6797
1.021e+04,-0.3947
1.022e+04,-0.3843
1.022e+04,0.7446
1.023e+04,-2.655
1.023e+04,-1.946
1.024e+04,8.678
1.024e+04,4.273
1.025e+04,1.433
1.026e+04,0.5705
1.026e+04,-0.4294
1.027e+04,-1.173
1.027e+04,1.397
1.028e+04,1.593
1.028e+04,0.1157
1.029e+04,0.293
1.029e+04,0.02797
1.03e+04,0.161
1.03e+04,0.609
1.031e+04,0.4887
1.031e+04,-0.7181
1.032e+04,-0.2742
1.033e+04,0.5979
1.033e+04,0.0823
1.034e+04,-0.5159
1.034e+04,-0.2478
1.035e+04,-0.9351
1.035e+04,-0.6314
1.036e+04,-0.5417
1.036e+04,-0.2423
1.037e+04,-0.2898
1.037e+04,-0.4755
1.038e+04,-0.9425
1.038e+04,-0.6356
1.039e+04,-0.9113
1.04e+04,-0.4841
1.04e+04,-0.1374
1.041e+04,-0.2003
1.041e+04,2.75
1.042e+04,1.131
1.042e+04,-0.7663
1.043e+04,-0.5846
1.043e+04,-1.55
1.044e+04,-1.202
1.044e+04,0.6128
1.045e+04,0.692
1.045e+04,0.5823
1.046e+04,0.45
1.047e+04,0.4276
1.047e+04,0.3314
1.048e+04,-1.349
1.048e+04,-0.7197
1.049e+04,-1.238
1.049e+04,-0.7515
1.05e+04,0.225
1.05e+04,-0.126
1.051e+04,-0.2816
1.051e+04,-0.1571
1.052e+04,-1.061
1.052e+04,-0.527
1.053e+04,-0.02377
1.054e+04,-0.1544
1.054e+04,-0.3206
1.055e+04,-0.678
1.055e+04,-0.3754
1.056e+04,-0.2285
1.056e+04,-0.851
1.057e+04,0.3919
1.057e+04,-1.491
1.058e+04,-0.6155
1.058e+04,5.459
1.059e+04,0.5174
1.059e+04,0.9923
1.06e+04,-0.03794
1.061e+04,0.3779
1.061e+04,-0.5376
1.062e+04,0.008889
1.062e+04,0.3996
1.063e+04,-0.2201
1.063e+04,0.01086
1.064e+04,-0.2404
1.064e+04,-0.08201
1.065e+04,-0.1037
1.065e+04,0.05975
1.066e+04,-0.889
1.066e+04,-0.4211
1.067e+04,1.375
1.068e+04,0.4121
1.068e+04,-0.3672
1.069e+04,-0.2206
1.069e+04,-0.9279
1.07e+04,-0.5538
1.07e+04,0.2762
1.071e+04,-0.02791
1.071e+04,1.349
1.072e+04,0.1615
1.072e+04,-0.1429
1.073e+04,-0.2617
1.073e+04,-1.421
1.074e+04,-0.5902
1.075e+04,0.5454
1.075e+04,0.03903
1.076e+04,-0.8208
1.076e+04,0.4032
1.077e+04,-1.233
1.077e+04,-0.3686
1.078e+04,-2.303
1.078e+04,-0.4604
1.079e+04,1.381
1.079e+04,-0.1468
1.08e+04,1.506
1.08e+04,0.07244
1.081e+04,0.5047
1.082e+04,-0.08625
1.082e+04,-2.124
1.083e+04,-0.7894
1.083e+04,-1.403
1.084e+04,-0.8427
1.084e+04,1.913
1.085e+04,0.6308
1.085e+04,-0.5653
1.086e+04,-0.3565
1.086e+04,-3.071
1.087e+04,-1.285
1.087e+04,1.325
1.088e+04,0.3269
1.089e+04,2.266
1.089e+04,0.6395
1.09e+04,-0.8142
1.09e+04,-0.423
1.091e+04,-6.906
1.091e+04,-2.66
1.092e+04,-2.144
1.092e+04,-1.495
1.093e+04,22.09
1.093e+04,10.33
1.094e+04,5.348
1.094e+04,2.396
1.095e+04,4.759
1.096e+04,1.636
1.096e+04,0.05923
1.097e+04,0.4832
1.097e+04,-0.3845
1.098e+04,-0.0522
1.098e+04,0.4346
1.099e+04,0.2747
1.099e+04,1.405
1.1e+04,0.6452
1.1e+04,-0.227
1.101e+04,0.001961
1.101e+04,0.2452
1.102e+04,-0.0141
1.102e+04,-0.1708
1.103e+04,-0.0008781
1.104e+04,-0.8345
1.104e+04,-0.3297
1.105e+04,-0.1242
1.105e+04,0.07633
1.106e+04,-0.887
1.106e+04,-0.3839
1.107e+04,-1.259
1.107e+04,-0.4087
1.108e+04,-0.8066
1.108e+04,-0.2312
1.109e+04,0.06393
1.109e+04,0.02489
1.11e+04,-4.732
1.111e+04,-2.488
1.111e+04,-4.297
1.112e+04,-1.586
1.112e+04,-12.12
1.113e+04,-4.394
1.113e+04,14.81
1.114e+04,5.435
1.114e+04,10.96
1.115e+04,3.903
1.115e+04,6.72
1.116e+04,2.312
1.116e+04,-2.036
1.117e+04,-0.4346
1.118e+04,1.781
1.118e+04,0.8343
1.119e+04,4.432
1.119e+04,1.512
1.12e+04,2.73
1.12e+04,0.9479
1.121e+04,0.0187
1.121e+04,0.2335
1.122e+04,2.907
1.122e+04,0.9063
1.123e+04,1.602
1.123e+04,0.651
1.124e+04,0.8616
1.125e+04,0.3349
1.125e+04,-2.39
1.126e+04,-0.7628
1.126e+04,-2.206
1.127e+04,-0.56
1.127e+04,11.46
1.128e+04,3.371
1.128e+04,3.383
1.129e+04,1.018
1.129e+04,3.93
1.13e+04,1.271
1.13e+04,-1.639
1.131e+04,-0.5609
1.132e+04,-0.6014
1.132e+04,-0.1776
1.133e+04,0.3811
1.133e+04,0.1284
1.134e+04,-0.1774
1.134e+04,-0.03464
1.135e+04,0.5702
1.135e+04,0.237
1.136e+04,1.556
1.136e+04,0.4157
1.137e+04,1.231
1.137e+04,0.3975
1.138e+04,0.7988
1.139e+04,0.3653
1.139e+04,2.275
1.14e+04,0.6404
1.14e+04,2.605
1.141e+04,0.7773
1.141e+04,1.633
1.142e+04,0.5339
1.142e+04,-0.3759
1.143e+04,-0.03558
1.143e+04,0.7981
1.144e+04,0.2284
1.144e+04,-8.186
1.145e+04,-2.331
1.146e+04,-1.777
1.146e+04,-0.4375
1.147e+04,-4.731
1.147e+04,-1.245
1.148e+04,6.291
1.148e+04,1.776
1.149e+04,4.833
1.149e+04,1.367
1.15e+04,2.723
1.15e+04,0.7864
1.151e+04,-1.227
1.151e+04,-0.2615
1.152e+04,0.7394
1.153e+04,0.3014
1.153e+04,2.128
1.154e+04,0.5713
1.154e+04,1.094
1.155e+04,0.3541
1.155e+04,-1.091
1.156e+04,-0.1775
1.156e+04,2.106
1.157e+04,0.5631
1.157e+04,1.015
1.158e+04,0.2265
1.158e+04,0.3297
1.159e+04,0.129
1.16e+04,-1.49
1.16e+04,-0.1972
1.161e+04,1.704
1.161e+04,0.4748
1.162e+04,-2.301
1.162e+04,-1.067
1.163e+04,0.2021
1.163e+04,-0.04133
1.164e+04,2.567
1.164e+04,0.5488
1.165e+04,-2.444
1.165e+04,-0.5754
1.166e+04,-0.6613
1.167e+04,-0.1414
1.167e+04,-0.1805
1.168e+04,-0.01995
1.168e+04,-0.5391
1.169e+04,-0.1357
1.169e+04,0.2144
1.17e+04,0.1185
1.17e+04,0.4853
1.171e+04,0.06697
1.171e+04,0.5801
1.172e+04,0.1926
1.172e+04,0.7952
1.173e+04,0.2626
1.174e+04,0.9396
1.174e+04,0.2772
1.175e+04,1.23
1.175e+04,0.3033
1.176e+04,1.248
1.176e+04,0.3712
1.177e+04,0.5219
1.177e+04,0.1889
1.178e+04,0.4439
1.178e+04,0.101
1.179e+04,-4.083
1.179e+04,-1.203
1.18e+04,0.3622
1.181e+04,0.1378
1.181e+04,0.5741
1.182e+04,0.2444
1.182e+04,0.6566
1.183e+04,0.1248
1.183e+04,0.648
1.184e+04,0.1218
1.184e+04,0.1812
1.185e+04,0.02345
1.185e+04,1.124
1.186e+04,0.3695
1.186e+04,1.416
1.187e+04,0.4143
1.188e+04,1.265
1.188e+04,0.2814
1.189e+04,0.6106
1.189e+04,0.1734
1.19e+04,0.7392
1.19e+04,0.2578
1.191e+04,0.634
1.191e+04,0.139
1.192e+04,1.319
1.192e+04,0.2631
1.193e+04,0.3667
1.193e+04,0.1093
1.194e+04,-1.457
1.195e+04,-0.1717
1.195e+04,-0.7245
1.196e+04,-0.1117
1.196e+04,5.211
1.197e+04,0.6817
1.197e+04,1.444
1.198e+04,0.2255
1.198e+04,1.703
1.199e+04,0.2658
1.199e+04,-0.7107
1.2e+04,-0.08908
1.2e+04,-0.257
1.201e+04,-0.02899
1.202e+04,0.1454
1.202e+04,0.06082
1.203e+04,-0.1304
1.203e+04,0.005315
1.204e+04,0.2173
1.204e+04,0.09697
1.205e+04,0.5364
1.205e+04,0.02074
1.206e+04,0.4962
1.206e+04,0.1373
1.207e+04,0.07382
1.207e+04,0.02204
1.208e+04,1.053
1.209e+04,0.2202
1.209e+04,0.6532
1.21e+04,-0.03941
1.21e+04,0.4719
1.211e+04,0.06235
1.211e+04,-0.01303
1.212e+04,0.07246
1.212e+04,0.1961
1.213e+04,-0.05491
1.213e+04,-3.639
1.214e+04,-0.5991
1.214e+04,-0.7642
1.215e+04,-0.0713
1.216e+04,-1.932
1.216e+04,-0.1531
1.217e+04,2.44
1.217e+04,0.2136
1.218e+04,1.524
1.218e+04,0.04339
1.219e+04,0.8572
1.219e+04,0.04148
1.22e+04,-0.1075
1.22e+04,0.1184
1.221e+04,0.3484
1.221e+04,0.000213
1.222e+04,0.05395
1.223e+04,-0.1564
1.223e+04,0.3291
1.224e+04,0.0291
1.224e+04,0.07516
1.225e+04,0.1273
1.225e+04,0.289
1.226e+04,-0.1263
1.226e+04,-0.3859
1.227e+04,-0.3686
1.227e+04,0.1372
1.228e+04,-0.004951
1.228e+04,0.9534
1.229e+04,0.5515
1.23e+04,0.6538
1.23e+04,-0.2776
1.231e+04,-3.87
1.231e+04,-0.3386
1.232e+04,-0.6911
1.232e+04,-0.08682
1.233e+04,-0.3203
1.233e+04,-0.4195
1.234e+04,-0.1627
1.234e+04,0.3769
1.235e+04,-0.01162
1.235e+04,0.09747
1.236e+04,0.02022
1.237e+04,0.09207
1.237e+04,-0.1536
1.238e+04,0.04924
1.238e+04,0.1749
1.239e+04,0.1144
1.239e+04,-0.09415
1.24e+04,-0.1174
1.24e+04,0.2421
1.241e+04,0.1049
1.241e+04,0.1584
1.242e+04,0.01127
1.242e+04,0.4477
1.243e+04,0.193
1.244e+04,0.1577
1.244e+04,-0.03809
1.245e+04,0.4209
1.245e+04,0.1148
1.246e+04,0.281
1.246e+04,0.09657
1.247e+04,0.05544
1.247e+04,-0.008465
1.248e+04,-2.099
1.248e+04,-1.059
1.249e+04,0.2042
1.249e+04,-0.04161
1.25e+04,0.5685
1.251e+04,-0.08281
1.251e+04,-0.198
1.252e+04,0.2843
1.252e+04,-0.2865
1.253e+04,0.1207
1.253e+04,-0.3154
1.254e+04,0.01878
1.254e+04,0.842
1.255e+04,0.3141
1.255e+04,0.6018
1.256e+04,0.2569
1.256e+04,0.01663
1.257e+04,0.03325
1.258e+04,0.07632
1.258e+04,0.08158
1.259e+04,0.5936
1.259e+04,0.2464
1.26e+04,-0.1333
1.26e+04,-0.03438
1.261e+04,0.2038
1.261e+04,-0.04133
1.262e+04,0.1314
1.262e+04,0.05727
1.263e+04,0.2081
1.263e+04,0.2954
1.264e+04,0.1232
1.265e+04,0.04417
1.265e+04,-0.6611
1.266e+04,-0.7957
1.266e+04,-0.1151
1.267e+04,-0.1643
1.267e+04,-0.1197
1.268e+04,-0.2346
1.268e+04,0.1064
1.269e+04,0.1612
1.269e+04,0.04841
1.27e+04,0.05454
1.27e+04,0.08567
1.271e+04,0.05844
1.272e+04,0.1036
1.272e+04,0.06828
1.273e+04,0.1205
1.273e+04,0.07626
1.274e+04,-0.1662
1.274e+04,-0.1949
1.275e+04,0.1164
1.275e+04,0.04885
1.276e+04,-0.05957
1.276e+04,-0.08178
1.277e+04,0.09473
1.277e+04,0.001863
1.278e+04,-0.5406
1.279e+04,-0.5003
1.279e+04,-0.1567
1.28e+04,-0.1668
1.28e+04,0.1796
1.281e+04,0.1691
1.281e+04,-0.3344
1.282e+04,-0.2608
1.282e+04,0.3401
1.283e+04,0.5047
1.283e+04,0.1918
1.284e+04,0.2144
1.284e+04,0.7238
1.285e+04,0.6883
1.286e+04,-1.075
1.286e+04,-0.9489
1.287e+04,-1.159
1.287e+04,-0.9624
1.288e+04,-0.648
1.288e+04,-0.53
1.289e+04,0.5671
1.289e+04,0.4722
1.29e+04,-0.4189
1.29e+04,-0.2462
1.291e+04,-1.021
1.291e+04,-0.7862
1.292e+04,-0.337
1.293e+04,-0.2388
1.293e+04,0.5242
1.294e+04,0.4673
1.294e+04,-1.121
1.295e+04,-0.8291
1.295e+04,-1.53
1.296e+04,-1.061
1.296e+04,-0.2377
1.297e+04,-0.1408
1.297e+04,2.021
1.298e+04,1.501
1.298e+04,-1.867
1.299e+04,-1.241
1.3e+04,1.328
1.3e+04,0.5991
1.301e+04,-0.06054
1.301e+04,-0.1232
1.302e+04,-2.343
1.302e+04,-1.699
1.303e+04,2.446
1.303e+04,1.707
1.304e+04,0.5982
1.304e+04,0.4315
1.305e+04,0.3896
1.305e+04,0.2708
1.306e+04,0.5941
1.307e+04,0.4005
1.307e+04,0.07922
1.308e+04,0.08206
1.308e+04,-0.4602
1.309e+04,-0.3526
1.309e+04,-0.07013
1.31e+04,-0.044
1.31e+04,-0.7206
1.311e+04,-0.4449
1.311e+04,0.01252
1.312e+04,-0.0172
1.312e+04,-1.061
1.313e+04,-0.7243
1.314e+04,-0.7412
1.314e+04,-0.4824
1.315e+04,-0.329
1.315e+04,-0.1899
1.316e+04,-0.443
1.316e+04,-0.3035
1.317e+04,-0.1945
1.317e+04,-0.01961
1.318e+04,-0.9419
1.318e+04,-0.558
1.319e+04,-2.023
1.319e+04,-1.185
1.32e+04,1.618
1.321e+04,0.9152
1.321e+04,0.7849
1.322e+04,0.412
1.322e+04,0.5709
1.323e+04,0.3211
1.323e+04,-0.6581
1.324e+04,-0.3922
1.324e+04,-0.9466
1.325e+04,-0.6029
1.325e+04,-0.8619
1.326e+04,-0.6044
1.326e+04,-0.2056
1.327e+04,-0.137
1.328e+04,-0.4396
1.328e+04,-0.2476
1.329e+04,-0.5898
1.329e+04,-0.3999
1.33e+04,-2.177
1.33e+04,-1.427
1.331e+04,-0.3428
1.331e+04,-0.2106
1.332e+04,2.948
1.332e+04,1.984
1.333e+04,0.06236
1.333e+04,0.0976
1.334e+04,-7.266
1.335e+04,-4.994
1.335e+04,-1.943
1.336e+04,-1.316
1.336e+04,-3.019
1.337e+04,-1.998
1.337e+04,1.706
1.338e+04,1.122
1.338e+04,0.4444
1.339e+04,0.3007
1.339e+04,0.008041
1.34e+04,0.01873
1.34e+04,0.429
1.341e+04,0.2932
1.342e+04,-0.3749
1.342e+04,-0.2064
1.343e+04,-0.6536
1.343e+04,-0.4756
1.344e+04,-0.4887
1.344e+04,-0.295
1.345e+04,-0.8746
1.345e+04,-0.5297
1.346e+04,-0.9173
1.346e+04,-0.5981
1.347e+04,-1.749
1.347e+04,-1.198
1.348e+04,-1.086
1.349e+04,-0.6976
1.349e+04,-0.2333
1.35e+04,-0.09609
1.35e+04,-0.8085
1.351e+04,-0.5609
1.351e+04,4.653
1.352e+04,3.043
1.352e+04,0.7201
1.353e+04,0.5176
1.353e+04,2.62
1.354e+04,1.807
1.354e+04,-4.131
1.355e+04,-2.757
1.356e+04,-2.974
1.356e+04,-2.009
1.357e+04,-1.708
1.357e+04,-1.136
1.358e+04,-0.01662
1.358e+04,0.08228
1.359e+04,-1.779
1.359e+04,-1.124
1.36e+04,-0.3817
1.36e+04,-0.3278
1.361e+04,-0.9564
1.361e+04,-0.5994
1.362e+04,-0.9561
1.363e+04,-0.4989
1.363e+04,-0.9165
1.364e+04,-0.6671
1.364e+04,-0.5787
1.365e+04,-0.5257
1.365e+04,-0.778
1.366e+04,-0.4817
1.366e+04,-1.81
1.367e+04,-0.8441
1.367e+04,-4.009
1.368e+04,-2.645
1.368e+04,15.65
1.369e+04,9.514
1.37e+04,3.192
1.37e+04,1.904
1.371e+04,0.3582
1.371e+04,-0.0302
1.372e+04,2.304
1.372e+04,1.608
1.373e+04,0.3296
1.373e+04,0.2592
1.374e+04,0.5683
1.374e+04,0.3859
1.375e+04,1.053
1.375e+04,0.6479
1.376e+04,0.05891
1.377e+04,0.09537
1.377e+04,-0.195
1.378e+04,-0.1843
1.378e+04,-0.009745
1.379e+04,0.03665
1.379e+04,-0.6669
1.38e+04,-0.3727
1.38e+04,0.1735
1.381e+04,0.1701
1.381e+04,-0.7228
1.382e+04,-0.4354
1.382e+04,-0.6536
1.383e+04,-0.3207
1.384e+04,-0.3888
1.384e+04,-0.1704
1.385e+04,-0.07975
1.385e+04,-0.0504
1.386e+04,-3.429
1.386e+04,-2.312
1.387e+04,-2.169
1.387e+04,-1.186
1.388e+04,-5.809
1.388e+04,-3.141
1.389e+04,7.013
1.389e+04,3.848
1.39e+04,4.955
1.391e+04,2.661
1.391e+04,2.957
1.392e+04,1.551
1.392e+04,-0.6409
1.393e+04,-0.1748
1.393e+04,0.7929
1.394e+04,0.5434
1.394e+04,1.714
1.395e+04,0.8924
1.395e+04,1.16
1.396e+04,0.6283
1.396e+04,0.1392
1.397e+04,0.2098
1.398e+04,1.026
1.398e+04,0.4947
1.399e+04,0.06785
1.399e+04,0.05394
1.4e+04,0.3134
1.4e+04,0.1924
1.401e+04,0.05873
1.401e+04,0.1282
1.402e+04,-0.93
1.402e+04,-0.4073
1.403e+04,2.092
1.403e+04,0.7131
1.404e+04,0.7252
1.405e+04,0.2968
1.405e+04,0.5142
1.406e+04,0.2009
1.406e+04,0.01566
1.407e+04,0.03782
1.407e+04,-0.06224
1.408e+04,-0.01249
1.408e+04,0.234
1.409e+04,0.1391
1.409e+04,0.08764
1.41e+04,0.07148
1.41e+04,0.2205
1.411e+04,0.1575
1.412e+04,0.1281
1.412e+04,-0.006389
1.413e+04,0.4247
1.413e+04,0.2428
1.414e+04,-0.1837
1.414e+04,-0.06417
1.415e+04,0.7402
1.415e+04,0.3727
1.416e+04,-0.3603
1.416e+04,-0.3043
1.417e+04,0.009658
1.417e+04,-0.009932
1.418e+04,0.1097
1.418e+04,0.1283
1.419e+04,-0.3406
1.42e+04,-0.2407
1.42e+04,-1.435
1.421e+04,-0.664
1.421e+04,-0.2221
1.422e+04,-0.04701
1.422e+04,-0.1649
1.423e+04,0.08575
1.423e+04,-0.1017
1.424e+04,-0.2308
1.424e+04,-0.6088
1.425e+04,-0.5077
1.425e+04,-0.3486
1.426e+04,-0.2747
1.427e+04,0.4865
1.427e+04,0.3951
1.428e+04,-0.5162
1.428e+04,-0.2835
1.429e+04,-1.062
1.429e+04,-0.7446
1.43e+04,-0.2876
1.43e+04,-0.1729
1.431e+04,0.4408
1.431e+04,0.3891
1.432e+04,-1.162
1.432e+04,-0.7994
1.433e+04,-2.039
1.434e+04,-1.375
1.434e+04,-0.2923
1.435e+04,-0.1678
1.435e+04,2.685
1.436e+04,1.915
1.436e+04,-2.238
1.437e+04,-1.465
1.437e+04,0.848
1.438e+04,0.2445
1.438e+04,-0.1929
1.439e+04,-0.2004
1.439e+04,-3.068
1.44e+04,-2.135
1.441e+04,3.167
1.441e+04,2.152
1.442e+04,0.7879
1.442e+04,0.5472
1.443e+04,0.5474
1.443e+04,0.381
1.444e+04,0.7223
1.444e+04,0.4811
1.445e+04,0.2113
1.445e+04,0.1843
1.446e+04,-0.763
1.446e+04,-0.552
1.447e+04,0.0005095
1.448e+04,0.02983
1.448e+04,-1.03
1.449e+04,-0.6451
1.449e+04,0.2475
1.45e+04,0.1937
1.45e+04,-1.605
1.451e+04,-1.078
1.451e+04,-0.9923
1.452e+04,-0.6197
1.452e+04,-0.3474
1.453e+04,-0.1871
1.453e+04,-0.6514
1.454e+04,-0.4413
1.455e+04,-1.597
1.455e+04,-1.252
1.456e+04,-1.595
1.456e+04,-1.039
1.457e+04,-3.543
1.457e+04,-2.317
1.458e+04,3.175
1.458e+04,2.136
1.459e+04,1.537
1.459e+04,1.026
1.46e+04,1.038
1.46e+04,0.6932
1.461e+04,-0.8389
1.462e+04,-0.4786
1.462e+04,-1.308
1.463e+04,-0.8079
1.463e+04,-1.634
1.464e+04,-1.108
1.464e+04,-0.3061
1.465e+04,-0.176
1.465e+04,-0.557
1.466e+04,-0.3025
1.466e+04,-1.081
1.467e+04,-0.7333
1.467e+04,-3.987
1.468e+04,-2.735
1.469e+04,-0.5572
1.469e+04,-0.355
1.47e+04,5.944
1.47e+04,4.174
1.471e+04,0.9898
1.471e+04,0.716
1.472e+04,-17.24
1.472e+04,-12.16
1.473e+04,-4.491
1.473e+04,-3.144
1.474e+04,-6.346
1.474e+04,-4.427
1.475e+04,3.424
1.476e+04,2.399
1.476e+04,1.041
1.477e+04,0.7362
1.477e+04,0.05043
1.478e+04,0.06135
1.478e+04,0.86
1.479e+04,0.6172
1.479e+04,-0.3787
1.48e+04,-0.2135
1.48e+04,-2.359
1.481e+04,-1.708
1.481e+04,-1.084
1.482e+04,-0.7153
1.483e+04,-1.35
1.483e+04,-0.9289
1.484e+04,-2.65
1.484e+04,-1.822
1.485e+04,-4.809
1.485e+04,-3.485
1.486e+04,-2.517
1.486e+04,-1.773
1.487e+04,0.4218
1.487e+04,0.3638
1.488e+04,-2.11
1.488e+04,-1.548
1.489e+04,12.99
1.49e+04,9.11
1.49e+04,2.869
1.491e+04,2.062
1.491e+04,8.544
1.492e+04,6.137
1.492e+04,-11.81
1.493e+04,-8.446
1.493e+04,-8.844
1.494e+04,-6.388
1.494e+04,-4.922
1.495e+04,-3.544
1.495e+04,1.52
1.496e+04,1.193
1.497e+04,-3.307
1.497e+04,-2.365
1.498e+04,-2.425
1.498e+04,-1.859
1.499e+04,-2.213
1.499e+04,-1.578
1.5e+04,-0.1062
1.5e+04,0.03794
1.501e+04,-3.471
1.501e+04,-2.603
1.502e+04,-2.467
1.502e+04,-2.015
1.503e+04,-1.459
1.504e+04,-1.05
1.504e+04,-0.6427
1.505e+04,-0.07838
1.505e+04,-8.794
1.506e+04,-6.542
1.506e+04,27.35
1.507e+04,19.51
1.507e+04,4.956
1.508e+04,3.507
1.508e+04,-2.026
1.509e+04,-1.784
1.509e+04,5.997
1.51e+04,4.613
1.511e+04,1.104
1.511e+04,0.8752
1.512e+04,1.097
1.512e+04,0.8575
1.513e+04,2.105
1.513e+04,1.554
1.514e+04,-0.1075
1.514e+04,0.005269
1.515e+04,-0.4146
1.515e+04,-0.3946
1.516e+04,-0.3783
1.516e+04,-0.2089
1.517e+04,-1.656
1.518e+04,-1.189
1.518e+04,-0.3001
1.519e+04,-0.1012
1.519e+04,-1.794
1.52e+04,-1.336
1.52e+04,-1.893
1.521e+04,-1.302
1.521e+04,-1.206
1.522e+04,-0.8072
1.522e+04,-0.4853
1.523e+04,-0.3605
1.523e+04,-1.865
1.524e+04,-2.005
1.525e+04,-3.792
1.525e+04,-2.766
1.526e+04,-9.804
1.526e+04,-7.137
1.527e+04,10.61
1.527e+04,7.843
1.528e+04,7.544
1.528e+04,5.521
1.529e+04,4.826
1.529e+04,3.497
1.53e+04,-2.679
1.53e+04,-1.738
1.531e+04,-0.6904
1.532e+04,-0.341
1.532e+04,1.734
1.533e+04,1.26
1.533e+04,1.321
1.534e+04,1.003
1.534e+04,-1.334
1.535e+04,-0.8096
1.535e+04,1.252
1.536e+04,0.8784
1.536e+04,-2.395
1.537e+04,-1.772
1.537e+04,-0.1543
1.538e+04,-0.07668
1.539e+04,2.632
1.539e+04,2.113
1.54e+04,-1.718
1.54e+04,-1.194
1.541e+04,-3.348
1.541e+04,-3.028
1.542e+04,-0.7995
1.542e+04,-0.7052
1.543e+04,-2.497
1.543e+04,-1.973
1.544e+04,1.904
1.544e+04,1.484
1.545e+04,0.3657
1.546e+04,0.3027
1.546e+04,0.2395
1.547e+04,0.2101
1.547e+04,0.2939
1.548e+04,0.2543
1.548e+04,-0.2166
1.549e+04,-0.102
1.549e+04,-1.01
1.55e+04,-0.8712
1.55e+04,-0.2533
1.551e+04,-0.1539
1.551e+04,-1.643
1.552e+04,-1.23
1.553e+04,-0.4276
1.553e+04,-0.3175
1.554e+04,-3.357
1.554e+04,-2.749
1.555e+04,-1.73
1.555e+04,-1.352
1.556e+04,0.3691
1.556e+04,0.3865
1.557e+04,-1.468
1.557e+04,-1.221
1.558e+04,5.644
1.558e+04,4.394
1.559e+04,1.279
1.56e+04,1.067
1.56e+04,4.481
1.561e+04,3.668
1.561e+04,-6.855
1.562e+04,-5.518
1.562e+04,-6.06
1.563e+04,-4.95
1.563e+04,-3.46
1.564e+04,-2.808
1.564e+04,1.738
1.565e+04,1.551
1.565e+04,-1.911
1.566e+04,-1.5
1.567e+04,-3.35
1.567e+04,-2.884
1.568e+04,-1.669
1.568e+04,-1.331
1.569e+04,1.198
1.569e+04,1.16
1.57e+04,-3.528
1.57e+04,-3.02
1.571e+04,-3.177
1.571e+04,-2.905
1.572e+04,-0.8614
1.572e+04,-0.691
1.573e+04,3.155
1.574e+04,3.166
1.574e+04,-4.875
1.575e+04,-4.194
1.575e+04,8.277
1.576e+04,6.168
1.576e+04,0.76
1.577e+04,0.4552
1.577e+04,-4.236
1.578e+04,-4.006
1.578e+04,4.866
1.579e+04,4.44
1.579e+04,1.062
1.58e+04,1.002
1.581e+04,0.5453
1.581e+04,0.5438
1.582e+04,1.331
1.582e+04,1.17
1.583e+04,-0.4675
1.583e+04,-0.2767
1.584e+04,-0.2563
1.584e+04,-0.38
1.585e+04,-0.6496
1.585e+04,-0.4741
1.586e+04,-1.575
1.586e+04,-1.346
1.587e+04,-0.8198
1.588e+04,-0.5752
1.588e+04,-1.659
1.589e+04,-1.553
1.589e+04,-1.807
1.59e+04,-1.515
1.59e+04,-1.137
1.591e+04,-0.8933
1.591e+04,-0.6919
1.592e+04,-0.6457
1.592e+04,3.939
1.593e+04,2.683
1.593e+04,-1.3
1.594e+04,-1.201
1.595e+04,-2.553
1.595e+04,-2.403
1.596e+04,0.9872
1.596e+04,1.186
1.597e+04,0.4964
1.597e+04,0.5778
1.598e+04,0.5443
1.598e+04,0.5537
1.599e+04,-1.892
1.599e+04,-1.496
1.6e+04,-2.204
1.6e+04,-1.814
1.601e+04,-0.9625
1.602e+04,-0.9442
1.602e+04,-0.5941
1.603e+04,-0.4639
1.603e+04,-1.338
1.604e+04,-1.033
1.604e+04,-0.6952
1.605e+04,-0.6657
1.605e+04,-2.252
1.606e+04,-2.246
1.606e+04,-0.6373
1.607e+04,-0.5351
1.607e+04,1.912
1.608e+04,2.267
1.609e+04,-0.9636
1.609e+04,-0.6634
1.61e+04,-2.168
1.61e+04,-3.723
1.611e+04,-0.938
1.611e+04,-1.226
1.612e+04,-2.213
1.612e+04,-2.43
1.613e+04,1.355
1.613e+04,1.451
1.614e+04,0.1906
1.614e+04,0.2633
1.615e+04,-0.2031
1.616e+04,-0.1227
1.616e+04,0.2722
1.617e+04,0.3226
1.617e+04,-0.9764
1.618e+04,-0.7615
1.618e+04,0.5733
1.619e+04,0.2101
1.619e+04,-0.6733
1.62e+04,-0.5696
1.62e+04,-1.234
1.621e+04,-1.094
1.621e+04,-0.5653
1.622e+04,-0.5905
1.623e+04,-0.1279
1.623e+04,-0.5894
1.624e+04,-0.8277
1.624e+04,-0.8521
1.625e+04,-1.237
1.625e+04,-0.8977
1.626e+04,-0.1192
1.626e+04,-0.3202
1.627e+04,2.844
1.627e+04,3.019
1.628e+04,-0.3438
1.628e+04,-0.06931
1.629e+04,0.1995
1.63e+04,0.7722
1.63e+04,-1.816
1.631e+04,-2.242
1.631e+04,-0.8367
1.632e+04,-1.309
1.632e+04,-0.7274
1.633e+04,-0.9083
1.633e+04,-1.552
1.634e+04,-1.036
1.634e+04,-2.063
1.635e+04,-1.857
1.635e+04,1.221
1.636e+04,0.7088
1.637e+04,-0.9597
1.637e+04,-0.8692
1.638e+04,-2.718
1.638e+04,-2.051
1.639e+04,0.4366
1.639e+04,0.05148
1.64e+04,1.403
1.64e+04,0.688
1.641e+04,-0.9825
1.641e+04,-0.8478
1.642e+04,-5.943
1.642e+04,-4.253
1.643e+04,-3.535
1.644e+04,-3.434
1.644e+04,23.49
1.645e+04,19.34
1.645e+04,5.316
1.646e+04,4.282
1.646e+04,3.565
1.647e+04,2.318
1.647e+04,1.027
1.648e+04,1.353
1.648e+04,-0.142
1.649e+04,0.02207
1.649e+04,0.514
1.65e+04,0.5132
1.651e+04,1.43
1.651e+04,1.186
1.652e+04,-0.213
1.652e+04,-0.04787
1.653e+04,0.1741
1.653e+04,-0.006025
1.654e+04,-0.1927
1.654e+04,-0.06458
1.655e+04,-0.8823
1.655e+04,-0.6713
1.656e+04,-0.1455
1.656e+04,0.04286
1.657e+04,-0.8885
1.658e+04,-0.7204
1.658e+04,-1.221
1.659e+04,-0.8256
1.659e+04,-0.8035
1.66e+04,-0.5096
1.66e+04,-0.01006
1.661e+04,-0.009715
1.661e+04,-3.676
1.662e+04,-3.588
1.662e+04,-3.732
1.663e+04,-2.746
1.663e+04,-10.37
1.664e+04,-7.555
1.665e+04,12.44
1.665e+04,9.154
1.666e+04,9.172
1.666e+04,6.624
1.667e+04,5.653
1.667e+04,3.996
1.668e+04,-1.932
1.668e+04,-1.06
1.669e+04,1.177
1.669e+04,1.085
1.67e+04,3.55
1.67e+04,2.504
1.671e+04,2.198
1.672e+04,1.578
1.672e+04,-0.2231
1.673e+04,0.103
1.673e+04,2.344
1.674e+04,1.566
1.674e+04,0.8461
1.675e+04,0.696
1.675e+04,0.6035
1.676e+04,0.4771
1.676e+04,-1.449
1.677e+04,-0.9367
1.677e+04,-1.988
1.678e+04,-1.216
1.679e+04,8.384
1.679e+04,5.339
1.68e+04,2.476
1.68e+04,1.613
1.681e+04,2.592
1.681e+04,1.762
1.682e+04,-0.9311
1.682e+04,-0.654
1.683e+04,-0.4077
1.683e+04,-0.2596
1.684e+04,0.3224
1.684e+04,0.238
1.685e+04,-0.08924
1.686e+04,-0.02941
1.686e+04,0.3594
1.687e+04,0.3144
1.687e+04,1.091
1.688e+04,0.658
1.688e+04,0.9012
1.689e+04,0.6424
1.689e+04,0.2547
1.69e+04,0.2812
1.69e+04,1.749
1.691e+04,1.146
1.691e+04,1.447
1.692e+04,0.9119
1.693e+04,0.9393
1.693e+04,0.6615
1.694e+04,-0.29
1.694e+04,-0.1028
1.695e+04,0.3502
1.695e+04,0.194
1.696e+04,-5.625
1.696e+04,-3.693
1.697e+04,-1.271
1.697e+04,-0.7595
1.698e+04,-3.09
1.698e+04,-1.89
1.699e+04,3.813
1.7e+04,2.431
1.7e+04,2.718
1.701e+04,1.703
1.701e+04,1.506
1.702e+04,0.964
1.702e+04,-0.679
1.703e+04,-0.3175
1.703e+04,0.103
1.704e+04,0.1194
1.704e+04,0.9409
1.705e+04,0.5097
1.705e+04,0.4916
1.706e+04,0.3491
1.707e+04,-0.6869
1.707e+04,-0.2905
1.708e+04,0.871
1.708e+04,0.463
1.709e+04,-0.1048
1.709e+04,-0.2817
1.71e+04,0.02865
1.71e+04,0.03466
1.711e+04,-0.1963
1.711e+04,0.2863
1.712e+04,0.1075
1.712e+04,-0.09686
1.713e+04,-0.2474
1.714e+04,-0.5229
1.714e+04,0.2393
1.715e+04,0.05411
1.715e+04,0.6444
1.716e+04,0.05924
1.716e+04,-0.4073
1.717e+04,0.04675
1.717e+04,-0.1658
1.718e+04,-0.0176
1.718e+04,0.06463
1.719e+04,0.114
1.719e+04,-0.05354
1.72e+04,0.02629
1.721e+04,0.1233
1.721e+04,0.1627
1.722e+04,0.1246
1.722e+04,-0.03061
1.723e+04,0.3231
1.723e+04,0.2652
1.724e+04,0.0257
1.724e+04,-0.001231
1.725e+04,0.6768
1.725e+04,0.5237
1.726e+04,0.2052
1.726e+04,0.01268
1.727e+04,0.3607
1.728e+04,0.2328
1.728e+04,0.1153
1.729e+04,0.1123
1.729e+04,0.05324
1.73e+04,-0.02164
1.73e+04,-3.191
1.731e+04,-2.553
1.731e+04,-0.4853
1.732e+04,-0.4123
1.732e+04,-1.235
1.733e+04,-1.033
1.733e+04,1.854
1.734e+04,1.517
1.734e+04,1.177
1.735e+04,0.9171
1.736e+04,0.6083
1.736e+04,0.4915
1.737e+04,0.2986
1.737e+04,0.2549
1.738e+04,0.3571
1.738e+04,0.241
1.739e+04,0.2888
1.739e+04,0.0708
1.74e+04,0.2819
1.74e+04,0.2128
1.741e+04,0.1751
1.741e+04,0.1746
1.742e+04,0.03386
1.743e+04,-0.06134
1.743e+04,-0.6499
1.744e+04,-0.8038
1.744e+04,-0.001197
1.745e+04,-0.01441
1.745e+04,1.19
1.746e+04,1.467
1.746e+04,-0.2479
1.747e+04,-0.05213
1.747e+04,-2.582
1.748e+04,-3.663
1.748e+04,-0.6573
1.749e+04,-0.9107
1.75e+04,-1.256
1.75e+04,-1.5
1.751e+04,0.8391
1.751e+04,0.9364
1.752e+04,0.209
1.752e+04,0.2588
1.753e+04,0.09485
1.753e+04,0.1054
1.754e+04,0.2219
1.754e+04,0.2604
1.755e+04,-0.07327
1.755e+04,-0.0246
1.756e+04,-0.4679
1.757e+04,-0.6255
1.757e+04,-0.1253
1.758e+04,-0.1359
1.758e+04,-0.5716
1.759e+04,-0.5165
1.759e+04,-0.3078
1.76e+04,-0.4202
1.76e+04,-1.38
1.761e+04,-1.579
1.761e+04,-0.7008
1.762e+04,-0.7463
1.762e+04,0.07548
1.763e+04,0.1778
1.764e+04,-0.6594
1.764e+04,-0.7536
1.765e+04,2.618
1.765e+04,3.053
1.766e+04,0.5398
1.766e+04,0.7082
1.767e+04,1.93
1.767e+04,2.335
1.768e+04,-2.953
1.768e+04,-3.385
1.769e+04,-2.424
1.769e+04,-2.768
1.77e+04,-1.371
1.771e+04,-1.539
1.771e+04,0.4437
1.772e+04,0.617
1.772e+04,-1.13
1.773e+04,-1.163
1.773e+04,-0.9059
1.774e+04,-1.073
1.774e+04,-0.7054
1.775e+04,-0.7345
1.775e+04,-0.09381
1.776e+04,0.07045
1.776e+04,-1.175
1.777e+04,-1.368
1.778e+04,-1.165
1.778e+04,-1.428
1.779e+04,-0.5254
1.779e+04,-0.5395
1.78e+04,0.178
1.78e+04,0.5729
1.781e+04,-3.106
1.781e+04,-3.48
1.782e+04,8.912
1.782e+04,9.151
1.783e+04,1.641
1.783e+04,1.638
1.784e+04,-0.9527
1.785e+04,-1.355
1.785e+04,2.34
1.786e+04,2.746
1.786e+04,0.437
1.787e+04,0.5463
1.787e+04,0.4565
1.788e+04,0.5406
1.788e+04,0.7847
1.789e+04,0.8457
1.789e+04,0.03109
1.79e+04,0.1241
1.79e+04,-0.2309
1.791e+04,-0.3493
1.792e+04,-0.04326
1.792e+04,0.01251
1.793e+04,-0.6789
1.793e+04,-0.6741
1.794e+04,0.1357
1.794e+04,0.2247
1.795e+04,-0.7241
1.795e+04,-0.7881
1.796e+04,-0.6285
1.796e+04,-0.5826
1.797e+04,-0.3899
1.797e+04,-0.3299
1.798e+04,-0.1774
1.799e+04,-0.1968
1.799e+04,-2.25
1.8e+04,-2.793
1.8e+04,-1.698
1.801e+04,-1.713
1.801e+04,-4.388
1.802e+04,-4.409
1.802e+04,5.032
1.803e+04,5.154
1.803e+04,3.492
1.804e+04,3.523
1.804e+04,2.149
1.805e+04,2.141
1.806e+04,-0.7735
1.806e+04,-0.5892
1.807e+04,0.0585
1.807e+04,0.1943
1.808e+04,0.8592
1.808e+04,0.8357
1.809e+04,0.691
1.809e+04,0.7284
1.81e+04,-0.2925
1.81e+04,-0.145
1.811e+04,0.542
1.811e+04,0.5049
1.812e+04,-1.027
1.813e+04,-1.09
1.813e+04,0.003261
1.814e+04,0.03495
1.814e+04,1.397
1.815e+04,1.644
1.815e+04,-0.7269
1.816e+04,-0.6483
1.816e+04,-2.155
1.817e+04,-2.927
1.817e+04,-0.4902
1.818e+04,-0.6555
1.818e+04,-1.322
1.819e+04,-1.525
1.82e+04,1.006
1.82e+04,1.127
1.821e+04,0.2159
1.821e+04,0.262
1.822e+04,0.1643
1.822e+04,0.2035
1.823e+04,0.1885
1.823e+04,0.2313
1.824e+04,-0.02986
1.824e+04,0.03826
1.825e+04,-0.6732
1.825e+04,-0.8553
1.826e+04,-0.08324
1.827e+04,-0.0547
1.827e+04,-0.8793
1.828e+04,-0.9143
1.828e+04,-0.2094
1.829e+04,-0.2357
1.829e+04,-2.115
1.83e+04,-2.498
1.83e+04,-1.016
1.831e+04,-1.132
1.831e+04,0.3545
1.832e+04,0.5151
1.832e+04,-0.9552
1.833e+04,-1.14
1.834e+04,3.276
1.834e+04,3.675
1.835e+04,0.8399
1.835e+04,1.029
1.836e+04,2.874
1.836e+04,3.415
1.837e+04,-4.316
1.837e+04,-5.001
1.838e+04,-3.969
1.838e+04,-4.667
1.839e+04,-2.26
1.839e+04,-2.635
1.84e+04,1.359
1.841e+04,1.749
1.841e+04,-1.135
1.842e+04,-1.24
1.842e+04,-2.523
1.843e+04,-3.121
1.843e+04,-1.082
1.844e+04,-1.226
1.844e+04,1.144
1.845e+04,1.568
1.845e+04,-2.63
1.846e+04,-3.238
1.846e+04,-2.605
1.847e+04,-3.382
1.848e+04,-0.5475
1.848e+04,-0.6179
1.849e+04,3.168
1.849e+04,4.387
1.85e+04,-3.519
1.85e+04,-4.342
1.851e+04,4.137
1.851e+04,4.101
1.852e+04,0.09281
1.852e+04,-0.09958
1.853e+04,-3.981
1.853e+04,-5.311
1.854e+04,4.186
1.855e+04,5.45
1.855e+04,1.004
1.856e+04,1.34
1.856e+04,0.5281
1.857e+04,0.7345
1.857e+04,1.039
1.858e+04,1.318
1.858e+04,-0.1465
1.859e+04,-0.04419
1.859e+04,-0.5712
1.86e+04,-0.8813
1.86e+04,-0.4391
1.861e+04,-0.4538
1.862e+04,-1.239
1.862e+04,-1.518
1.863e+04,-0.5831
1.863e+04,-0.5939
1.864e+04,-1.65
1.864e+04,-2.189
1.865e+04,-1.487
1.865e+04,-1.808
1.866e+04,-0.7619
1.866e+04,-0.8558
1.867e+04,-0.6704
1.867e+04,-0.8955
1.868e+04,2.753
1.869e+04,2.72
1.869e+04,-1.088
1.87e+04,-1.435
1.87e+04,-2.152
1.871e+04,-2.882
1.871e+04,0.9134
1.872e+04,1.471
1.872e+04,0.3119
1.873e+04,0.5302
1.873e+04,0.41
1.874e+04,0.5972
1.874e+04,-1.431
1.875e+04,-1.652
1.876e+04,-1.828
1.876e+04,-2.218
1.877e+04,-1.263
1.877e+04,-1.732
1.878e+04,-0.5459
1.878e+04,-0.6391
1.879e+04,-0.9773
1.879e+04,-1.102
1.88e+04,-0.7963
1.88e+04,-1.092
1.881e+04,-2.424
1.881e+04,-3.442
1.882e+04,-0.5411
1.883e+04,-0.6737
1.883e+04,2.706
1.884e+04,4.182
1.884e+04,-0.1367
1.885e+04,0.009886
1.885e+04,-6.036
1.886e+04,-9.894
1.886e+04,-1.768
1.887e+04,-2.759
1.887e+04,-2.874
1.888e+04,-4.319
1.888e+04,1.582
1.889e+04,2.382
1.89e+04,0.366
1.89e+04,0.5908
1.891e+04,-0.1238
1.891e+04,-0.09652
1.892e+04,0.3599
1.892e+04,0.5776
1.893e+04,-0.6428
1.893e+04,-0.7431
1.894e+04,-0.2075
1.894e+04,-0.6029
1.895e+04,-0.6482
1.895e+04,-0.8314
1.896e+04,-0.9066
1.897e+04,-1.229
1.897e+04,-0.9689
1.898e+04,-1.392
1.898e+04,-0.9946
1.899e+04,-1.891
1.899e+04,-0.9491
1.9e+04,-1.423
1.9e+04,-0.6162
1.901e+04,-0.6193
1.901e+04,-0.4492
1.902e+04,-0.8694
1.902e+04,4.299
1.903e+04,6.42
1.904e+04,0.4034
1.904e+04,0.814
1.905e+04,1.782
1.905e+04,3.13
1.906e+04,-3.214
1.906e+04,-5.171
1.907e+04,-2.027
1.907e+04,-3.471
1.908e+04,-1.255
1.908e+04,-2.052
1.909e+04,-0.6111
1.909e+04,-0.4603
1.91e+04,-1.635
1.911e+04,-2.355
1.911e+04,0.3281
1.912e+04,0.02885
1.912e+04,-0.8638
1.913e+04,-1.244
1.913e+04,-1.478
1.914e+04,-1.688
1.914e+04,-0.2507
1.915e+04,-0.7644
1.915e+04,0.5292
1.916e+04,0.04362
1.916e+04,-0.7113
1.917e+04,-1.006
1.918e+04,-3.376
1.918e+04,-3.623
1.919e+04,-2.821
1.919e+04,-4.595
1.92e+04,15.53
1.92e+04,21.15
1.921e+04,3.321
1.921e+04,4.406
1.922e+04,1.771
1.922e+04,1.506
1.923e+04,0.9807
1.923e+04,2.128
1.924e+04,-0.01963
1.925e+04,0.1903
1.925e+04,0.2996
1.926e+04,0.5625
1.926e+04,0.922
1.927e+04,1.303
1.927e+04,-0.2596
1.928e+04,-0.1482
1.928e+04,0.2033
1.929e+04,0.03233
1.929e+04,-0.2301
1.93e+04,-0.1725
1.93e+04,-0.6732
1.931e+04,-0.8576
1.932e+04,-0.247
1.932e+04,-0.0959
1.933e+04,-0.5858
1.933e+04,-0.8323
1.934e+04,-0.9129
1.934e+04,-1.029
1.935e+04,-0.6508
1.935e+04,-0.689
1.936e+04,-0.06902
1.936e+04,-0.09954
1.937e+04,-1.071
1.937e+04,-2.542
1.938e+04,-2.22
1.939e+04,-2.762
1.939e+04,-6.074
1.94e+04,-7.47
1.94e+04,6.959
1.941e+04,8.712
1.941e+04,5.186
1.942e+04,6.337
1.942e+04,3.281
1.943e+04,3.912
1.943e+04,-1.566
1.944e+04,-1.483
1.944e+04,0.1718
1.945e+04,0.5111
1.946e+04,1.871
1.946e+04,2.219
1.947e+04,1.144
1.947e+04,1.412
1.948e+04,-0.5515
1.948e+04,-0.34
1.949e+04,1.296
1.949e+04,1.448
1.95e+04,-0.07905
1.95e+04,-0.04537
1.951e+04,0.1848
1.951e+04,0.2852
1.952e+04,-0.3353
1.953e+04,-0.1877
1.953e+04,-1.366
1.954e+04,-1.444
1.954e+04,3.851
1.955e+04,3.739
1.955e+04,1.103
1.956e+04,1.132
1.956e+04,0.7848
1.957e+04,0.7893
1.957e+04,-0.08487
1.958e+04,-0.03979
1.958e+04,-0.1466
1.959e+04,-0.1313
1.96e+04,0.1635
1.96e+04,0.23
1.961e+04,-0.01437
1.961e+04,0.03525
1.962e+04,0.02954
1.962e+04,0.126
1.963e+04,0.4449
1.963e+04,0.3698
1.964e+04,0.3275
1.964e+04,0.4319
1.965e+04,-0.3186
1.965e+04,-0.3133
1.966e+04,0.7716
1.967e+04,0.8866
1.967e+04,0.1303
1.968e+04,-0.08939
1.968e+04,0.06951
1.969e+04,0.0495
1.969e+04,-0.1948
1.97e+04,-0.08262
1.97e+04,-0.0774
1.971e+04,-0.2183
1.971e+04,-1.646
1.972e+04,-1.781
1.972e+04,-0.4727
1.973e+04,-0.4217
1.974e+04,-0.7976
1.974e+04,-0.6045
1.975e+04,0.5585
1.975e+04,0.3127
1.976e+04,0.1655
1.976e+04,-0.1803
1.977e+04,0.03427
1.977e+04,-0.1425
1.978e+04,-0.1147
1.978e+04,0.1456
1.979e+04,-0.4416
1.979e+04,-0.5409
1.98e+04,-0.1892
1.981e+04,-0.6024
1.981e+04,-0.1708
1.982e+04,-0.2452
1.982e+04,-0.2408
1.983e+04,0.0312
1.983e+04,-0.2879
1.984e+04,-0.7114
1.984e+04,-0.6228
1.985e+04,-1.324
1.985e+04,-0.2091
1.986e+04,-0.2717
1.986e+04,0.3537
1.987e+04,1.401
1.988e+04,-0.9305
1.988e+04,-1.627
1.989e+04,1.879
1.989e+04,1.737
1.99e+04,0.3025
1.99e+04,0.1462
1.991e+04,-0.576
1.991e+04,-1.678
1.992e+04,0.853
1.992e+04,1.917
1.993e+04,0.1523
1.993e+04,0.4305
1.994e+04,0.1226
1.995e+04,0.3149
1.995e+04,0.2582
1.996e+04,0.4833
1.996e+04,-0.1028
1.997e+04,0.01713
1.997e+04,-0.01981
1.998e+04,-0.3109
1.998e+04,-0.07945
1.999e+04,-0.04377
1.999e+04,-0.453
2e+04,-0.7152
2e+04,0.01933
2.001e+04,0.1274
2.002e+04,-0.403
2.002e+04,-0.8958
2.003e+04,-0.4054
2.003e+04,-0.6513
2.004e+04,-0.2761
2.004e+04,-0.3243
2.005e+04,-0.1657
2.005e+04,-0.3662
2.006e+04,-0.01927
2.006e+04,-0.7021
2.007e+04,-0.5852
2.007e+04,-1.015
2.008e+04,-1.27
2.009e+04,-2.229
2.009e+04,0.9943
2.01e+04,1.916
2.01e+04,0.5579
2.011e+04,0.9899
2.011e+04,0.3655
2.012e+04,0.6558
2.012e+04,-0.4999
2.013e+04,-0.6378
2.013e+04,-0.5714
2.014e+04,-0.8585
2.014e+04,-0.2965
2.015e+04,-0.7706
2.016e+04,-0.1317
2.016e+04,-0.1829
2.017e+04,-0.3815
2.017e+04,-0.4504
2.018e+04,-0.238
2.018e+04,-0.5442
2.019e+04,-0.9307
2.019e+04,-2.083
2.02e+04,-0.2129
2.02e+04,-0.3406
2.021e+04,1.032
2.021e+04,2.84
2.022e+04,-0.1464
2.023e+04,0.178
2.023e+04,-2.218
2.024e+04,-7.447
2.024e+04,-0.6759
2.025e+04,-2
2.025e+04,-1.18
2.026e+04,-3.019
2.026e+04,0.6718
2.027e+04,1.669
2.027e+04,0.149
2.028e+04,0.4576
2.028e+04,-0.05724
2.029e+04,-0.01241
2.03e+04,0.1315
2.03e+04,0.3939
2.031e+04,-0.2945
2.031e+04,-0.3415
2.032e+04,-0.1019
2.032e+04,-0.8263
2.033e+04,-0.3031
2.033e+04,-0.5533
2.034e+04,-0.4501
2.034e+04,-0.803
2.035e+04,-0.4327
2.035e+04,-1.117
2.036e+04,-0.4748
2.037e+04,-1.913
2.037e+04,-0.4549
2.038e+04,-1.144
2.038e+04,-0.2664
2.039e+04,-0.07688
2.039e+04,-0.184
2.04e+04,-0.8239
2.04e+04,1.945
2.041e+04,5.368
2.041e+04,0.175
2.042e+04,0.9814
2.042e+04,0.765
2.043e+04,3.145
2.044e+04,-1.401
2.044e+04,-4.625
2.045e+04,-0.8903
2.045e+04,-3.356
2.046e+04,-0.5547
2.046e+04,-1.903
2.047e+04,-0.2692
2.047e+04,0.2534
2.048e+04,-0.6439
2.048e+04,-1.521
2.049e+04,0.1042
2.049e+04,-0.6691
2.05e+04,-0.3737
2.05e+04,-0.9438
2.051e+04,-0.6072
2.052e+04,-0.5109
2.052e+04,-0.06214
2.053e+04,-1.083
2.053e+04,0.3764
2.054e+04,-0.5292
2.054e+04,-0.2593
2.055e+04,-0.6349
2.055e+04,-1.494
2.056e+04,-1.234
2.056e+04,-0.6018
2.057e+04,-3.06
2.057e+04,4.917
2.058e+04,11.58
2.059e+04,1.05
2.059e+04,2.218
2.06e+04,0.9748
2.06e+04,0.1231
2.061e+04,-0.1706
2.061e+04,1.616
2.062e+04,-0.1547
2.062e+04,0.1991
2.063e+04,-0.05119
2.063e+04,0.2865
2.064e+04,0.2207
2.064e+04,0.7642
2.065e+04,-0.3063
2.066e+04,-0.2411
2.066e+04,0.3247
2.067e+04,0.1256
2.067e+04,-0.2038
2.068e+04,-0.2194
2.068e+04,-0.2878
2.069e+04,-0.662
2.069e+04,-0.2607
2.07e+04,-0.2001
2.07e+04,-0.08125
2.071e+04,-0.5289
2.071e+04,-0.4055
2.072e+04,-0.7561
2.073e+04,-0.3633
2.073e+04,-0.5615
2.074e+04,-0.01887
2.074e+04,-0.1365
2.075e+04,0.935
2.075e+04,-0.197
2.076e+04,-0.5907
2.076e+04,-1.438
2.077e+04,-1.566
2.077e+04,-3.717
2.078e+04,1.487
2.078e+04,3.923
2.079e+04,1.201
2.08e+04,2.857
2.08e+04,0.8178
2.081e+04,1.829
2.081e+04,-0.8211
2.082e+04,-1.153
2.082e+04,-0.3708
2.083e+04,-0.3376
2.083e+04,0.4111
2.084e+04,0.7693
2.084e+04,0.1556
2.085e+04,0.4721
2.085e+04,-0.4985
2.086e+04,-0.5906
2.087e+04,0.2999
2.087e+04,0.5147
2.088e+04,-0.1679
2.088e+04,-0.6723
2.089e+04,-0.07555
2.089e+04,-0.06646
2.09e+04,-0.207
2.09e+04,0.5169
2.091e+04,-0.5425
2.091e+04,-0.8165
2.092e+04,1.603
2.092e+04,0.3461
2.093e+04,0.3378
2.094e+04,0.05862
2.094e+04,0.1286
2.095e+04,-0.5006
2.095e+04,0.02535
2.096e+04,0.481
2.096e+04,-0.05612
2.097e+04,0.0491
2.097e+04,-0.03475
2.098e+04,0.04758
2.098e+04,-0.02199
2.099e+04,0.07555
2.099e+04,-0.1966
2.1e+04,-0.1753
2.101e+04,0.3164
2.101e+04,0.0008724
2.102e+04,-0.06918
2.102e+04,-0.07741
2.103e+04,-0.2297
2.103e+04,-0.5433
2.104e+04,0.06694
2.104e+04,-0.006594
2.105e+04,0.2868
2.105e+04,-0.5881
2.106e+04,-0.04106
2.106e+04,-0.4193
2.107e+04,-0.343
2.108e+04,-0.162
2.108e+04,0.1052
2.109e+04,-0.2915
2.109e+04,-0.01746
2.11e+04,1.159
2.11e+04,-0.2475
2.111e+04,0.0904
2.111e+04,-0.4267
2.112e+04,0.6826
2.112e+04,0.2013
2.113e+04,-1.387
2.113e+04,0.3271
2.114e+04,-1.139
2.115e+04,0.1177
2.115e+04,-0.6931
2.116e+04,-0.5397
2.116e+04,0.008843
2.117e+04,-0.3282
2.117e+04,-0.7244
2.118e+04,0.577
2.118e+04,-0.3568
2.119e+04,-0.09144
2.119e+04,-0.4448
2.12e+04,-0.7694
2.12e+04,-0.3117
2.121e+04,0.4671
2.122e+04,-0.4802
2.122e+04,0.7505
2.123e+04,-0.2999
2.123e+04,-0.1201
2.124e+04,-0.3029
2.124e+04,-1.801
2.125e+04,-0.4901
2.125e+04,0.2622
2.126e+04,-1.05
2.126e+04,2.823
2.127e+04,4.064
2.127e+04,0.742
2.128e+04,0.7477
2.129e+04,1.641
2.129e+04,0.1751
2.13e+04,-1.191
2.13e+04,0.3263
2.131e+04,-0.403
2.131e+04,-0.04167
2.132e+04,-0.2418
2.132e+04,-0.02368
2.133e+04,-0.1481
2.133e+04,0.2149
2.134e+04,-0.3585
2.134e+04,-0.3437
2.135e+04,0.5848
2.136e+04,0.3616
2.136e+04,-0.1293
2.137e+04,-0.1937
2.137e+04,-0.01621
2.138e+04,-0.3875
2.138e+04,-0.0938
2.139e+04,-0.1429
2.139e+04,0.5234
2.14e+04,0.003631
2.14e+04,0.05559
2.141e+04,-0.3226
2.141e+04,-0.213
2.142e+04,-0.3901
2.143e+04,0.207
2.143e+04,-0.005305
2.144e+04,0.6074
2.144e+04,0.7207
2.145e+04,0.005964
2.145e+04,-0.3826
2.146e+04,-0.01349
2.146e+04,-0.8192
2.147e+04,-0.06908
2.147e+04,0.5298
2.148e+04,0.1707
2.148e+04,0.4565
2.149e+04,0.06012
2.15e+04,0.2781
2.15e+04,-0.2638
2.151e+04,-0.5279
2.151e+04,-0.03825
2.152e+04,-0.4168
2.152e+04,0.5907
2.153e+04,0.2756
2.153e+04,0.01402
2.154e+04,-0.05404
2.154e+04,-0.2851
2.155e+04,-0.4338
2.155e+04,0.287
2.156e+04,0.07525
2.157e+04,0.7841
2.157e+04,-0.005067
2.158e+04,-0.02722
2.158e+04,-0.14
2.159e+04,-1.625
2.159e+04,-0.5758
2.16e+04,-0.7629
2.16e+04,-0.7955
2.161e+04,5.559
2.161e+04,3.187
2.162e+04,1.256
2.162e+04,0.6358
2.163e+04,1.352
2.164e+04,0.3662
2.164e+04,-0.6384
2.165e+04,-0.0708
2.165e+04,-0.2758
2.166e+04,-0.1341
2.166e+04,-0.121
2.167e+04,-0.09973
2.167e+04,-0.221
2.168e+04,-0.07239
2.168e+04,-0.313
2.169e+04,-0.4051
2.169e+04,0.9087
2.17e+04,0.7131
2.171e+04,-0.02109
2.171e+04,-0.1236
2.172e+04,-0.2069
2.172e+04,-0.461
2.173e+04,0.462
2.173e+04,0.2629
2.174e+04,1.249
2.174e+04,0.7073
2.175e+04,0.2624
2.175e+04,-0.02659
2.176e+04,-0.6642
2.176e+04,-0.6905
2.177e+04,0.5457
2.178e+04,0.284
2.178e+04,-1.931
2.179e+04,-0.8666
2.179e+04,-0.8969
2.18e+04,-0.7062
2.18e+04,-2.072
2.181e+04,-1.382
2.181e+04,2.015
2.182e+04,0.9866
2.182e+04,1.703
2.183e+04,0.9236
2.183e+04,0.7737
2.184e+04,0.3522
2.185e+04,-1.169
2.185e+04,-1.062
2.186e+04,-0.2749
2.186e+04,-0.6711
2.187e+04,1.154
2.187e+04,0.9472
2.188e+04,-0.06278
2.188e+04,-0.244
2.189e+04,-1.487
2.189e+04,-1.532
2.19e+04,0.9968
2.19e+04,0.685
2.191e+04,1.448
2.192e+04,1.032
2.192e+04,-0.273
2.193e+04,-0.403
2.193e+04,-3.553
2.194e+04,-3.307
2.194e+04,-0.2373
2.195e+04,-1.15
2.195e+04,9.123
2.196e+04,10.99
2.196e+04,2.392
2.197e+04,2.684
2.197e+04,2.746
2.198e+04,2.269
2.199e+04,-0.4954
2.199e+04,0.1809
2.2e+04,-0.3058
2.2e+04,-0.1477
2.201e+04,0.1378
2.201e+04,0.2772
2.202e+04,0.6237
2.202e+04,0.7165
2.203e+04,-0.1469
2.203e+04,-0.006436
2.204e+04,0.1838
2.204e+04,0.01336
